[2024-09-24T21:31:03.753+0000] {processor.py:157} INFO - Started process (PID=16681) to work on /workspaces/hands-on-introduction-data-engineering-4395021/airflow/dags/one_task_dag.py
[2024-09-24T21:31:03.754+0000] {processor.py:826} INFO - Processing file /workspaces/hands-on-introduction-data-engineering-4395021/airflow/dags/one_task_dag.py for tasks to queue
[2024-09-24T21:31:03.755+0000] {logging_mixin.py:150} INFO - [2024-09-24T21:31:03.754+0000] {dagbag.py:541} INFO - Filling up the DagBag from /workspaces/hands-on-introduction-data-engineering-4395021/airflow/dags/one_task_dag.py
[2024-09-24T21:31:03.763+0000] {processor.py:836} INFO - DAG(s) dict_keys(['one_task_dag']) retrieved from /workspaces/hands-on-introduction-data-engineering-4395021/airflow/dags/one_task_dag.py
[2024-09-24T21:31:03.891+0000] {logging_mixin.py:150} INFO - [2024-09-24T21:31:03.890+0000] {manager.py:504} INFO - Created Permission View: can edit on DAG:one_task_dag
[2024-09-24T21:31:03.924+0000] {logging_mixin.py:150} INFO - [2024-09-24T21:31:03.924+0000] {manager.py:504} INFO - Created Permission View: can delete on DAG:one_task_dag
[2024-09-24T21:31:03.969+0000] {logging_mixin.py:150} INFO - [2024-09-24T21:31:03.969+0000] {manager.py:504} INFO - Created Permission View: can read on DAG:one_task_dag
[2024-09-24T21:31:03.978+0000] {logging_mixin.py:150} INFO - [2024-09-24T21:31:03.978+0000] {dag.py:2742} INFO - Sync 1 DAGs
[2024-09-24T21:31:03.985+0000] {logging_mixin.py:150} INFO - [2024-09-24T21:31:03.985+0000] {dag.py:2763} INFO - Creating ORM DAG for one_task_dag
[2024-09-24T21:31:03.991+0000] {logging_mixin.py:150} INFO - [2024-09-24T21:31:03.991+0000] {dag.py:3504} INFO - Setting next_dagrun for one_task_dag to None, run_after=None
[2024-09-24T21:31:04.034+0000] {processor.py:179} INFO - Processing /workspaces/hands-on-introduction-data-engineering-4395021/airflow/dags/one_task_dag.py took 0.283 seconds
[2024-09-24T21:31:34.216+0000] {processor.py:157} INFO - Started process (PID=16947) to work on /workspaces/hands-on-introduction-data-engineering-4395021/airflow/dags/one_task_dag.py
[2024-09-24T21:31:34.218+0000] {processor.py:826} INFO - Processing file /workspaces/hands-on-introduction-data-engineering-4395021/airflow/dags/one_task_dag.py for tasks to queue
[2024-09-24T21:31:34.219+0000] {logging_mixin.py:150} INFO - [2024-09-24T21:31:34.219+0000] {dagbag.py:541} INFO - Filling up the DagBag from /workspaces/hands-on-introduction-data-engineering-4395021/airflow/dags/one_task_dag.py
[2024-09-24T21:31:34.232+0000] {processor.py:836} INFO - DAG(s) dict_keys(['one_task_dag']) retrieved from /workspaces/hands-on-introduction-data-engineering-4395021/airflow/dags/one_task_dag.py
[2024-09-24T21:31:34.415+0000] {logging_mixin.py:150} INFO - [2024-09-24T21:31:34.415+0000] {dag.py:2742} INFO - Sync 1 DAGs
[2024-09-24T21:31:34.454+0000] {logging_mixin.py:150} INFO - [2024-09-24T21:31:34.454+0000] {dag.py:3504} INFO - Setting next_dagrun for one_task_dag to None, run_after=None
[2024-09-24T21:31:34.853+0000] {processor.py:179} INFO - Processing /workspaces/hands-on-introduction-data-engineering-4395021/airflow/dags/one_task_dag.py took 0.641 seconds
[2024-09-24T21:32:06.693+0000] {processor.py:157} INFO - Started process (PID=17150) to work on /workspaces/hands-on-introduction-data-engineering-4395021/airflow/dags/one_task_dag.py
[2024-09-24T21:32:06.694+0000] {processor.py:826} INFO - Processing file /workspaces/hands-on-introduction-data-engineering-4395021/airflow/dags/one_task_dag.py for tasks to queue
[2024-09-24T21:32:06.695+0000] {logging_mixin.py:150} INFO - [2024-09-24T21:32:06.694+0000] {dagbag.py:541} INFO - Filling up the DagBag from /workspaces/hands-on-introduction-data-engineering-4395021/airflow/dags/one_task_dag.py
[2024-09-24T21:32:06.703+0000] {processor.py:836} INFO - DAG(s) dict_keys(['one_task_dag']) retrieved from /workspaces/hands-on-introduction-data-engineering-4395021/airflow/dags/one_task_dag.py
[2024-09-24T21:32:06.719+0000] {logging_mixin.py:150} INFO - [2024-09-24T21:32:06.719+0000] {dag.py:2742} INFO - Sync 1 DAGs
[2024-09-24T21:32:06.733+0000] {logging_mixin.py:150} INFO - [2024-09-24T21:32:06.733+0000] {dag.py:3504} INFO - Setting next_dagrun for one_task_dag to None, run_after=None
[2024-09-24T21:32:06.781+0000] {processor.py:179} INFO - Processing /workspaces/hands-on-introduction-data-engineering-4395021/airflow/dags/one_task_dag.py took 0.090 seconds
[2024-09-24T21:32:37.771+0000] {processor.py:157} INFO - Started process (PID=17333) to work on /workspaces/hands-on-introduction-data-engineering-4395021/airflow/dags/one_task_dag.py
[2024-09-24T21:32:37.772+0000] {processor.py:826} INFO - Processing file /workspaces/hands-on-introduction-data-engineering-4395021/airflow/dags/one_task_dag.py for tasks to queue
[2024-09-24T21:32:37.773+0000] {logging_mixin.py:150} INFO - [2024-09-24T21:32:37.772+0000] {dagbag.py:541} INFO - Filling up the DagBag from /workspaces/hands-on-introduction-data-engineering-4395021/airflow/dags/one_task_dag.py
[2024-09-24T21:32:37.780+0000] {processor.py:836} INFO - DAG(s) dict_keys(['one_task_dag']) retrieved from /workspaces/hands-on-introduction-data-engineering-4395021/airflow/dags/one_task_dag.py
[2024-09-24T21:32:37.803+0000] {logging_mixin.py:150} INFO - [2024-09-24T21:32:37.803+0000] {dag.py:2742} INFO - Sync 1 DAGs
[2024-09-24T21:32:37.823+0000] {logging_mixin.py:150} INFO - [2024-09-24T21:32:37.823+0000] {dag.py:3504} INFO - Setting next_dagrun for one_task_dag to None, run_after=None
[2024-09-24T21:32:37.872+0000] {processor.py:179} INFO - Processing /workspaces/hands-on-introduction-data-engineering-4395021/airflow/dags/one_task_dag.py took 0.103 seconds
[2024-09-24T21:33:08.877+0000] {processor.py:157} INFO - Started process (PID=17635) to work on /workspaces/hands-on-introduction-data-engineering-4395021/airflow/dags/one_task_dag.py
[2024-09-24T21:33:08.877+0000] {processor.py:826} INFO - Processing file /workspaces/hands-on-introduction-data-engineering-4395021/airflow/dags/one_task_dag.py for tasks to queue
[2024-09-24T21:33:08.878+0000] {logging_mixin.py:150} INFO - [2024-09-24T21:33:08.878+0000] {dagbag.py:541} INFO - Filling up the DagBag from /workspaces/hands-on-introduction-data-engineering-4395021/airflow/dags/one_task_dag.py
[2024-09-24T21:33:08.885+0000] {processor.py:836} INFO - DAG(s) dict_keys(['one_task_dag']) retrieved from /workspaces/hands-on-introduction-data-engineering-4395021/airflow/dags/one_task_dag.py
[2024-09-24T21:33:08.901+0000] {logging_mixin.py:150} INFO - [2024-09-24T21:33:08.901+0000] {dag.py:2742} INFO - Sync 1 DAGs
[2024-09-24T21:33:08.916+0000] {logging_mixin.py:150} INFO - [2024-09-24T21:33:08.916+0000] {dag.py:3504} INFO - Setting next_dagrun for one_task_dag to None, run_after=None
[2024-09-24T21:33:08.953+0000] {processor.py:179} INFO - Processing /workspaces/hands-on-introduction-data-engineering-4395021/airflow/dags/one_task_dag.py took 0.078 seconds
[2024-09-24T21:33:39.981+0000] {processor.py:157} INFO - Started process (PID=17834) to work on /workspaces/hands-on-introduction-data-engineering-4395021/airflow/dags/one_task_dag.py
[2024-09-24T21:33:39.982+0000] {processor.py:826} INFO - Processing file /workspaces/hands-on-introduction-data-engineering-4395021/airflow/dags/one_task_dag.py for tasks to queue
[2024-09-24T21:33:39.983+0000] {logging_mixin.py:150} INFO - [2024-09-24T21:33:39.982+0000] {dagbag.py:541} INFO - Filling up the DagBag from /workspaces/hands-on-introduction-data-engineering-4395021/airflow/dags/one_task_dag.py
[2024-09-24T21:33:39.990+0000] {processor.py:836} INFO - DAG(s) dict_keys(['one_task_dag']) retrieved from /workspaces/hands-on-introduction-data-engineering-4395021/airflow/dags/one_task_dag.py
[2024-09-24T21:33:40.005+0000] {logging_mixin.py:150} INFO - [2024-09-24T21:33:40.005+0000] {dag.py:2742} INFO - Sync 1 DAGs
[2024-09-24T21:33:40.019+0000] {logging_mixin.py:150} INFO - [2024-09-24T21:33:40.019+0000] {dag.py:3504} INFO - Setting next_dagrun for one_task_dag to None, run_after=None
[2024-09-24T21:33:40.065+0000] {processor.py:179} INFO - Processing /workspaces/hands-on-introduction-data-engineering-4395021/airflow/dags/one_task_dag.py took 0.086 seconds
[2024-09-24T21:34:10.526+0000] {processor.py:157} INFO - Started process (PID=18019) to work on /workspaces/hands-on-introduction-data-engineering-4395021/airflow/dags/one_task_dag.py
[2024-09-24T21:34:10.527+0000] {processor.py:826} INFO - Processing file /workspaces/hands-on-introduction-data-engineering-4395021/airflow/dags/one_task_dag.py for tasks to queue
[2024-09-24T21:34:10.528+0000] {logging_mixin.py:150} INFO - [2024-09-24T21:34:10.527+0000] {dagbag.py:541} INFO - Filling up the DagBag from /workspaces/hands-on-introduction-data-engineering-4395021/airflow/dags/one_task_dag.py
[2024-09-24T21:34:10.536+0000] {processor.py:836} INFO - DAG(s) dict_keys(['one_task_dag']) retrieved from /workspaces/hands-on-introduction-data-engineering-4395021/airflow/dags/one_task_dag.py
[2024-09-24T21:34:10.553+0000] {logging_mixin.py:150} INFO - [2024-09-24T21:34:10.553+0000] {dag.py:2742} INFO - Sync 1 DAGs
[2024-09-24T21:34:10.567+0000] {logging_mixin.py:150} INFO - [2024-09-24T21:34:10.566+0000] {dag.py:3504} INFO - Setting next_dagrun for one_task_dag to None, run_after=None
[2024-09-24T21:34:10.610+0000] {processor.py:179} INFO - Processing /workspaces/hands-on-introduction-data-engineering-4395021/airflow/dags/one_task_dag.py took 0.086 seconds
[2024-09-24T21:34:41.082+0000] {processor.py:157} INFO - Started process (PID=18280) to work on /workspaces/hands-on-introduction-data-engineering-4395021/airflow/dags/one_task_dag.py
[2024-09-24T21:34:41.083+0000] {processor.py:826} INFO - Processing file /workspaces/hands-on-introduction-data-engineering-4395021/airflow/dags/one_task_dag.py for tasks to queue
[2024-09-24T21:34:41.084+0000] {logging_mixin.py:150} INFO - [2024-09-24T21:34:41.084+0000] {dagbag.py:541} INFO - Filling up the DagBag from /workspaces/hands-on-introduction-data-engineering-4395021/airflow/dags/one_task_dag.py
[2024-09-24T21:34:41.092+0000] {processor.py:836} INFO - DAG(s) dict_keys(['one_task_dag']) retrieved from /workspaces/hands-on-introduction-data-engineering-4395021/airflow/dags/one_task_dag.py
[2024-09-24T21:34:41.111+0000] {logging_mixin.py:150} INFO - [2024-09-24T21:34:41.111+0000] {dag.py:2742} INFO - Sync 1 DAGs
[2024-09-24T21:34:41.124+0000] {logging_mixin.py:150} INFO - [2024-09-24T21:34:41.124+0000] {dag.py:3504} INFO - Setting next_dagrun for one_task_dag to None, run_after=None
[2024-09-24T21:34:41.167+0000] {processor.py:179} INFO - Processing /workspaces/hands-on-introduction-data-engineering-4395021/airflow/dags/one_task_dag.py took 0.087 seconds
[2024-09-24T21:35:11.256+0000] {processor.py:157} INFO - Started process (PID=18532) to work on /workspaces/hands-on-introduction-data-engineering-4395021/airflow/dags/one_task_dag.py
[2024-09-24T21:35:11.256+0000] {processor.py:826} INFO - Processing file /workspaces/hands-on-introduction-data-engineering-4395021/airflow/dags/one_task_dag.py for tasks to queue
[2024-09-24T21:35:11.257+0000] {logging_mixin.py:150} INFO - [2024-09-24T21:35:11.257+0000] {dagbag.py:541} INFO - Filling up the DagBag from /workspaces/hands-on-introduction-data-engineering-4395021/airflow/dags/one_task_dag.py
[2024-09-24T21:35:11.266+0000] {processor.py:836} INFO - DAG(s) dict_keys(['one_task_dag']) retrieved from /workspaces/hands-on-introduction-data-engineering-4395021/airflow/dags/one_task_dag.py
[2024-09-24T21:35:11.282+0000] {logging_mixin.py:150} INFO - [2024-09-24T21:35:11.282+0000] {dag.py:2742} INFO - Sync 1 DAGs
[2024-09-24T21:35:11.296+0000] {logging_mixin.py:150} INFO - [2024-09-24T21:35:11.296+0000] {dag.py:3504} INFO - Setting next_dagrun for one_task_dag to None, run_after=None
[2024-09-24T21:35:11.330+0000] {processor.py:179} INFO - Processing /workspaces/hands-on-introduction-data-engineering-4395021/airflow/dags/one_task_dag.py took 0.077 seconds
[2024-09-24T21:35:42.008+0000] {processor.py:157} INFO - Started process (PID=18807) to work on /workspaces/hands-on-introduction-data-engineering-4395021/airflow/dags/one_task_dag.py
[2024-09-24T21:35:42.009+0000] {processor.py:826} INFO - Processing file /workspaces/hands-on-introduction-data-engineering-4395021/airflow/dags/one_task_dag.py for tasks to queue
[2024-09-24T21:35:42.010+0000] {logging_mixin.py:150} INFO - [2024-09-24T21:35:42.010+0000] {dagbag.py:541} INFO - Filling up the DagBag from /workspaces/hands-on-introduction-data-engineering-4395021/airflow/dags/one_task_dag.py
[2024-09-24T21:35:42.019+0000] {processor.py:836} INFO - DAG(s) dict_keys(['one_task_dag']) retrieved from /workspaces/hands-on-introduction-data-engineering-4395021/airflow/dags/one_task_dag.py
[2024-09-24T21:35:42.036+0000] {logging_mixin.py:150} INFO - [2024-09-24T21:35:42.036+0000] {dag.py:2742} INFO - Sync 1 DAGs
[2024-09-24T21:35:42.050+0000] {logging_mixin.py:150} INFO - [2024-09-24T21:35:42.050+0000] {dag.py:3504} INFO - Setting next_dagrun for one_task_dag to None, run_after=None
[2024-09-24T21:35:42.091+0000] {processor.py:179} INFO - Processing /workspaces/hands-on-introduction-data-engineering-4395021/airflow/dags/one_task_dag.py took 0.085 seconds
