[2024-09-24T21:03:19.402+0000] {processor.py:157} INFO - Started process (PID=4744) to work on /home/vscode/.local/lib/python3.10/site-packages/airflow/example_dags/plugins/listener_plugin.py
[2024-09-24T21:03:19.403+0000] {processor.py:826} INFO - Processing file /home/vscode/.local/lib/python3.10/site-packages/airflow/example_dags/plugins/listener_plugin.py for tasks to queue
[2024-09-24T21:03:19.403+0000] {logging_mixin.py:150} INFO - [2024-09-24T21:03:19.403+0000] {dagbag.py:541} INFO - Filling up the DagBag from /home/vscode/.local/lib/python3.10/site-packages/airflow/example_dags/plugins/listener_plugin.py
[2024-09-24T21:03:19.405+0000] {processor.py:838} WARNING - No viable dags retrieved from /home/vscode/.local/lib/python3.10/site-packages/airflow/example_dags/plugins/listener_plugin.py
[2024-09-24T21:03:19.412+0000] {processor.py:179} INFO - Processing /home/vscode/.local/lib/python3.10/site-packages/airflow/example_dags/plugins/listener_plugin.py took 0.012 seconds
[2024-09-24T21:04:18.009+0000] {processor.py:157} INFO - Started process (PID=5170) to work on /home/vscode/.local/lib/python3.10/site-packages/airflow/example_dags/plugins/listener_plugin.py
[2024-09-24T21:04:18.010+0000] {processor.py:826} INFO - Processing file /home/vscode/.local/lib/python3.10/site-packages/airflow/example_dags/plugins/listener_plugin.py for tasks to queue
[2024-09-24T21:04:18.010+0000] {logging_mixin.py:150} INFO - [2024-09-24T21:04:18.010+0000] {dagbag.py:541} INFO - Filling up the DagBag from /home/vscode/.local/lib/python3.10/site-packages/airflow/example_dags/plugins/listener_plugin.py
[2024-09-24T21:04:18.012+0000] {processor.py:838} WARNING - No viable dags retrieved from /home/vscode/.local/lib/python3.10/site-packages/airflow/example_dags/plugins/listener_plugin.py
[2024-09-24T21:04:18.019+0000] {processor.py:179} INFO - Processing /home/vscode/.local/lib/python3.10/site-packages/airflow/example_dags/plugins/listener_plugin.py took 0.012 seconds
[2024-09-24T21:04:59.363+0000] {processor.py:157} INFO - Started process (PID=5542) to work on /home/vscode/.local/lib/python3.10/site-packages/airflow/example_dags/plugins/listener_plugin.py
[2024-09-24T21:04:59.364+0000] {processor.py:826} INFO - Processing file /home/vscode/.local/lib/python3.10/site-packages/airflow/example_dags/plugins/listener_plugin.py for tasks to queue
[2024-09-24T21:04:59.364+0000] {logging_mixin.py:150} INFO - [2024-09-24T21:04:59.364+0000] {dagbag.py:541} INFO - Filling up the DagBag from /home/vscode/.local/lib/python3.10/site-packages/airflow/example_dags/plugins/listener_plugin.py
[2024-09-24T21:04:59.367+0000] {processor.py:838} WARNING - No viable dags retrieved from /home/vscode/.local/lib/python3.10/site-packages/airflow/example_dags/plugins/listener_plugin.py
[2024-09-24T21:04:59.374+0000] {processor.py:179} INFO - Processing /home/vscode/.local/lib/python3.10/site-packages/airflow/example_dags/plugins/listener_plugin.py took 0.013 seconds
[2024-09-24T21:05:31.034+0000] {processor.py:157} INFO - Started process (PID=5882) to work on /home/vscode/.local/lib/python3.10/site-packages/airflow/example_dags/plugins/listener_plugin.py
[2024-09-24T21:05:31.034+0000] {processor.py:826} INFO - Processing file /home/vscode/.local/lib/python3.10/site-packages/airflow/example_dags/plugins/listener_plugin.py for tasks to queue
[2024-09-24T21:05:31.035+0000] {logging_mixin.py:150} INFO - [2024-09-24T21:05:31.035+0000] {dagbag.py:541} INFO - Filling up the DagBag from /home/vscode/.local/lib/python3.10/site-packages/airflow/example_dags/plugins/listener_plugin.py
[2024-09-24T21:05:31.037+0000] {processor.py:838} WARNING - No viable dags retrieved from /home/vscode/.local/lib/python3.10/site-packages/airflow/example_dags/plugins/listener_plugin.py
[2024-09-24T21:05:31.044+0000] {processor.py:179} INFO - Processing /home/vscode/.local/lib/python3.10/site-packages/airflow/example_dags/plugins/listener_plugin.py took 0.012 seconds
[2024-09-24T21:06:16.951+0000] {processor.py:157} INFO - Started process (PID=6375) to work on /home/vscode/.local/lib/python3.10/site-packages/airflow/example_dags/plugins/listener_plugin.py
[2024-09-24T21:06:16.952+0000] {processor.py:826} INFO - Processing file /home/vscode/.local/lib/python3.10/site-packages/airflow/example_dags/plugins/listener_plugin.py for tasks to queue
[2024-09-24T21:06:16.953+0000] {logging_mixin.py:150} INFO - [2024-09-24T21:06:16.952+0000] {dagbag.py:541} INFO - Filling up the DagBag from /home/vscode/.local/lib/python3.10/site-packages/airflow/example_dags/plugins/listener_plugin.py
[2024-09-24T21:06:16.955+0000] {processor.py:838} WARNING - No viable dags retrieved from /home/vscode/.local/lib/python3.10/site-packages/airflow/example_dags/plugins/listener_plugin.py
[2024-09-24T21:06:16.963+0000] {processor.py:179} INFO - Processing /home/vscode/.local/lib/python3.10/site-packages/airflow/example_dags/plugins/listener_plugin.py took 0.013 seconds
[2024-09-24T21:07:00.653+0000] {processor.py:157} INFO - Started process (PID=6807) to work on /home/vscode/.local/lib/python3.10/site-packages/airflow/example_dags/plugins/listener_plugin.py
[2024-09-24T21:07:00.653+0000] {processor.py:826} INFO - Processing file /home/vscode/.local/lib/python3.10/site-packages/airflow/example_dags/plugins/listener_plugin.py for tasks to queue
[2024-09-24T21:07:00.654+0000] {logging_mixin.py:150} INFO - [2024-09-24T21:07:00.654+0000] {dagbag.py:541} INFO - Filling up the DagBag from /home/vscode/.local/lib/python3.10/site-packages/airflow/example_dags/plugins/listener_plugin.py
[2024-09-24T21:07:00.656+0000] {processor.py:838} WARNING - No viable dags retrieved from /home/vscode/.local/lib/python3.10/site-packages/airflow/example_dags/plugins/listener_plugin.py
[2024-09-24T21:07:00.663+0000] {processor.py:179} INFO - Processing /home/vscode/.local/lib/python3.10/site-packages/airflow/example_dags/plugins/listener_plugin.py took 0.012 seconds
[2024-09-24T21:07:40.680+0000] {processor.py:157} INFO - Started process (PID=7141) to work on /home/vscode/.local/lib/python3.10/site-packages/airflow/example_dags/plugins/listener_plugin.py
[2024-09-24T21:07:40.680+0000] {processor.py:826} INFO - Processing file /home/vscode/.local/lib/python3.10/site-packages/airflow/example_dags/plugins/listener_plugin.py for tasks to queue
[2024-09-24T21:07:40.681+0000] {logging_mixin.py:150} INFO - [2024-09-24T21:07:40.681+0000] {dagbag.py:541} INFO - Filling up the DagBag from /home/vscode/.local/lib/python3.10/site-packages/airflow/example_dags/plugins/listener_plugin.py
[2024-09-24T21:07:40.683+0000] {processor.py:838} WARNING - No viable dags retrieved from /home/vscode/.local/lib/python3.10/site-packages/airflow/example_dags/plugins/listener_plugin.py
[2024-09-24T21:07:40.690+0000] {processor.py:179} INFO - Processing /home/vscode/.local/lib/python3.10/site-packages/airflow/example_dags/plugins/listener_plugin.py took 0.012 seconds
