[2024-09-24T21:03:29.890+0000] {processor.py:157} INFO - Started process (PID=4830) to work on /home/vscode/.local/lib/python3.10/site-packages/airflow/example_dags/example_xcom.py
[2024-09-24T21:03:29.893+0000] {processor.py:826} INFO - Processing file /home/vscode/.local/lib/python3.10/site-packages/airflow/example_dags/example_xcom.py for tasks to queue
[2024-09-24T21:03:29.893+0000] {logging_mixin.py:150} INFO - [2024-09-24T21:03:29.893+0000] {dagbag.py:541} INFO - Filling up the DagBag from /home/vscode/.local/lib/python3.10/site-packages/airflow/example_dags/example_xcom.py
[2024-09-24T21:03:29.915+0000] {processor.py:836} INFO - DAG(s) dict_keys(['example_xcom']) retrieved from /home/vscode/.local/lib/python3.10/site-packages/airflow/example_dags/example_xcom.py
[2024-09-24T21:03:30.866+0000] {logging_mixin.py:150} INFO - [2024-09-24T21:03:30.866+0000] {manager.py:504} INFO - Created Permission View: can delete on DAG:example_xcom
[2024-09-24T21:03:30.924+0000] {logging_mixin.py:150} INFO - [2024-09-24T21:03:30.923+0000] {manager.py:504} INFO - Created Permission View: can read on DAG:example_xcom
[2024-09-24T21:03:30.954+0000] {logging_mixin.py:150} INFO - [2024-09-24T21:03:30.953+0000] {manager.py:504} INFO - Created Permission View: can edit on DAG:example_xcom
[2024-09-24T21:03:31.083+0000] {logging_mixin.py:150} INFO - [2024-09-24T21:03:31.083+0000] {dag.py:2742} INFO - Sync 1 DAGs
[2024-09-24T21:03:31.226+0000] {logging_mixin.py:150} INFO - [2024-09-24T21:03:31.226+0000] {dag.py:2763} INFO - Creating ORM DAG for example_xcom
[2024-09-24T21:03:31.315+0000] {logging_mixin.py:150} INFO - [2024-09-24T21:03:31.315+0000] {dag.py:3504} INFO - Setting next_dagrun for example_xcom to 2021-01-01T00:00:00+00:00, run_after=2021-01-01T00:00:00+00:00
[2024-09-24T21:03:31.362+0000] {processor.py:179} INFO - Processing /home/vscode/.local/lib/python3.10/site-packages/airflow/example_dags/example_xcom.py took 1.477 seconds
[2024-09-24T21:04:25.449+0000] {processor.py:157} INFO - Started process (PID=5233) to work on /home/vscode/.local/lib/python3.10/site-packages/airflow/example_dags/example_xcom.py
[2024-09-24T21:04:25.450+0000] {processor.py:826} INFO - Processing file /home/vscode/.local/lib/python3.10/site-packages/airflow/example_dags/example_xcom.py for tasks to queue
[2024-09-24T21:04:25.450+0000] {logging_mixin.py:150} INFO - [2024-09-24T21:04:25.450+0000] {dagbag.py:541} INFO - Filling up the DagBag from /home/vscode/.local/lib/python3.10/site-packages/airflow/example_dags/example_xcom.py
[2024-09-24T21:04:25.456+0000] {processor.py:836} INFO - DAG(s) dict_keys(['example_xcom']) retrieved from /home/vscode/.local/lib/python3.10/site-packages/airflow/example_dags/example_xcom.py
[2024-09-24T21:04:25.469+0000] {logging_mixin.py:150} INFO - [2024-09-24T21:04:25.469+0000] {dag.py:2742} INFO - Sync 1 DAGs
[2024-09-24T21:04:25.483+0000] {logging_mixin.py:150} INFO - [2024-09-24T21:04:25.483+0000] {dag.py:3504} INFO - Setting next_dagrun for example_xcom to 2021-01-01T00:00:00+00:00, run_after=2021-01-01T00:00:00+00:00
[2024-09-24T21:04:25.522+0000] {processor.py:179} INFO - Processing /home/vscode/.local/lib/python3.10/site-packages/airflow/example_dags/example_xcom.py took 0.076 seconds
[2024-09-24T21:05:06.800+0000] {processor.py:157} INFO - Started process (PID=5615) to work on /home/vscode/.local/lib/python3.10/site-packages/airflow/example_dags/example_xcom.py
[2024-09-24T21:05:06.801+0000] {processor.py:826} INFO - Processing file /home/vscode/.local/lib/python3.10/site-packages/airflow/example_dags/example_xcom.py for tasks to queue
[2024-09-24T21:05:06.802+0000] {logging_mixin.py:150} INFO - [2024-09-24T21:05:06.802+0000] {dagbag.py:541} INFO - Filling up the DagBag from /home/vscode/.local/lib/python3.10/site-packages/airflow/example_dags/example_xcom.py
[2024-09-24T21:05:06.810+0000] {processor.py:836} INFO - DAG(s) dict_keys(['example_xcom']) retrieved from /home/vscode/.local/lib/python3.10/site-packages/airflow/example_dags/example_xcom.py
[2024-09-24T21:05:06.830+0000] {logging_mixin.py:150} INFO - [2024-09-24T21:05:06.829+0000] {dag.py:2742} INFO - Sync 1 DAGs
[2024-09-24T21:05:06.846+0000] {logging_mixin.py:150} INFO - [2024-09-24T21:05:06.845+0000] {dag.py:3504} INFO - Setting next_dagrun for example_xcom to 2021-01-01T00:00:00+00:00, run_after=2021-01-01T00:00:00+00:00
[2024-09-24T21:05:06.885+0000] {processor.py:179} INFO - Processing /home/vscode/.local/lib/python3.10/site-packages/airflow/example_dags/example_xcom.py took 0.087 seconds
[2024-09-24T21:05:51.285+0000] {processor.py:157} INFO - Started process (PID=6081) to work on /home/vscode/.local/lib/python3.10/site-packages/airflow/example_dags/example_xcom.py
[2024-09-24T21:05:51.286+0000] {processor.py:826} INFO - Processing file /home/vscode/.local/lib/python3.10/site-packages/airflow/example_dags/example_xcom.py for tasks to queue
[2024-09-24T21:05:51.286+0000] {logging_mixin.py:150} INFO - [2024-09-24T21:05:51.286+0000] {dagbag.py:541} INFO - Filling up the DagBag from /home/vscode/.local/lib/python3.10/site-packages/airflow/example_dags/example_xcom.py
[2024-09-24T21:05:51.292+0000] {processor.py:836} INFO - DAG(s) dict_keys(['example_xcom']) retrieved from /home/vscode/.local/lib/python3.10/site-packages/airflow/example_dags/example_xcom.py
[2024-09-24T21:05:51.304+0000] {logging_mixin.py:150} INFO - [2024-09-24T21:05:51.304+0000] {dag.py:2742} INFO - Sync 1 DAGs
[2024-09-24T21:05:51.318+0000] {logging_mixin.py:150} INFO - [2024-09-24T21:05:51.318+0000] {dag.py:3504} INFO - Setting next_dagrun for example_xcom to 2021-01-01T00:00:00+00:00, run_after=2021-01-01T00:00:00+00:00
[2024-09-24T21:05:51.368+0000] {processor.py:179} INFO - Processing /home/vscode/.local/lib/python3.10/site-packages/airflow/example_dags/example_xcom.py took 0.086 seconds
[2024-09-24T21:06:35.815+0000] {processor.py:157} INFO - Started process (PID=6579) to work on /home/vscode/.local/lib/python3.10/site-packages/airflow/example_dags/example_xcom.py
[2024-09-24T21:06:35.816+0000] {processor.py:826} INFO - Processing file /home/vscode/.local/lib/python3.10/site-packages/airflow/example_dags/example_xcom.py for tasks to queue
[2024-09-24T21:06:35.817+0000] {logging_mixin.py:150} INFO - [2024-09-24T21:06:35.816+0000] {dagbag.py:541} INFO - Filling up the DagBag from /home/vscode/.local/lib/python3.10/site-packages/airflow/example_dags/example_xcom.py
[2024-09-24T21:06:35.822+0000] {processor.py:836} INFO - DAG(s) dict_keys(['example_xcom']) retrieved from /home/vscode/.local/lib/python3.10/site-packages/airflow/example_dags/example_xcom.py
[2024-09-24T21:06:35.835+0000] {logging_mixin.py:150} INFO - [2024-09-24T21:06:35.835+0000] {dag.py:2742} INFO - Sync 1 DAGs
[2024-09-24T21:06:35.849+0000] {logging_mixin.py:150} INFO - [2024-09-24T21:06:35.849+0000] {dag.py:3504} INFO - Setting next_dagrun for example_xcom to 2021-01-01T00:00:00+00:00, run_after=2021-01-01T00:00:00+00:00
[2024-09-24T21:06:35.884+0000] {processor.py:179} INFO - Processing /home/vscode/.local/lib/python3.10/site-packages/airflow/example_dags/example_xcom.py took 0.071 seconds
[2024-09-24T21:07:18.336+0000] {processor.py:157} INFO - Started process (PID=6952) to work on /home/vscode/.local/lib/python3.10/site-packages/airflow/example_dags/example_xcom.py
[2024-09-24T21:07:18.336+0000] {processor.py:826} INFO - Processing file /home/vscode/.local/lib/python3.10/site-packages/airflow/example_dags/example_xcom.py for tasks to queue
[2024-09-24T21:07:18.337+0000] {logging_mixin.py:150} INFO - [2024-09-24T21:07:18.337+0000] {dagbag.py:541} INFO - Filling up the DagBag from /home/vscode/.local/lib/python3.10/site-packages/airflow/example_dags/example_xcom.py
[2024-09-24T21:07:18.343+0000] {processor.py:836} INFO - DAG(s) dict_keys(['example_xcom']) retrieved from /home/vscode/.local/lib/python3.10/site-packages/airflow/example_dags/example_xcom.py
[2024-09-24T21:07:18.354+0000] {logging_mixin.py:150} INFO - [2024-09-24T21:07:18.354+0000] {dag.py:2742} INFO - Sync 1 DAGs
[2024-09-24T21:07:18.370+0000] {logging_mixin.py:150} INFO - [2024-09-24T21:07:18.370+0000] {dag.py:3504} INFO - Setting next_dagrun for example_xcom to 2021-01-01T00:00:00+00:00, run_after=2021-01-01T00:00:00+00:00
[2024-09-24T21:07:18.425+0000] {processor.py:179} INFO - Processing /home/vscode/.local/lib/python3.10/site-packages/airflow/example_dags/example_xcom.py took 0.091 seconds
[2024-09-24T21:08:00.329+0000] {processor.py:157} INFO - Started process (PID=7319) to work on /home/vscode/.local/lib/python3.10/site-packages/airflow/example_dags/example_xcom.py
[2024-09-24T21:08:00.330+0000] {processor.py:826} INFO - Processing file /home/vscode/.local/lib/python3.10/site-packages/airflow/example_dags/example_xcom.py for tasks to queue
[2024-09-24T21:08:00.330+0000] {logging_mixin.py:150} INFO - [2024-09-24T21:08:00.330+0000] {dagbag.py:541} INFO - Filling up the DagBag from /home/vscode/.local/lib/python3.10/site-packages/airflow/example_dags/example_xcom.py
[2024-09-24T21:08:00.336+0000] {processor.py:836} INFO - DAG(s) dict_keys(['example_xcom']) retrieved from /home/vscode/.local/lib/python3.10/site-packages/airflow/example_dags/example_xcom.py
[2024-09-24T21:08:00.348+0000] {logging_mixin.py:150} INFO - [2024-09-24T21:08:00.348+0000] {dag.py:2742} INFO - Sync 1 DAGs
[2024-09-24T21:08:00.362+0000] {logging_mixin.py:150} INFO - [2024-09-24T21:08:00.362+0000] {dag.py:3504} INFO - Setting next_dagrun for example_xcom to 2021-01-01T00:00:00+00:00, run_after=2021-01-01T00:00:00+00:00
[2024-09-24T21:08:00.397+0000] {processor.py:179} INFO - Processing /home/vscode/.local/lib/python3.10/site-packages/airflow/example_dags/example_xcom.py took 0.070 seconds
