[2024-09-24T21:03:38.866+0000] {processor.py:157} INFO - Started process (PID=4893) to work on /home/vscode/.local/lib/python3.10/site-packages/airflow/example_dags/example_short_circuit_operator.py
[2024-09-24T21:03:38.866+0000] {processor.py:826} INFO - Processing file /home/vscode/.local/lib/python3.10/site-packages/airflow/example_dags/example_short_circuit_operator.py for tasks to queue
[2024-09-24T21:03:38.867+0000] {logging_mixin.py:150} INFO - [2024-09-24T21:03:38.867+0000] {dagbag.py:541} INFO - Filling up the DagBag from /home/vscode/.local/lib/python3.10/site-packages/airflow/example_dags/example_short_circuit_operator.py
[2024-09-24T21:03:38.875+0000] {processor.py:836} INFO - DAG(s) dict_keys(['example_short_circuit_operator']) retrieved from /home/vscode/.local/lib/python3.10/site-packages/airflow/example_dags/example_short_circuit_operator.py
[2024-09-24T21:03:39.081+0000] {logging_mixin.py:150} INFO - [2024-09-24T21:03:39.081+0000] {manager.py:504} INFO - Created Permission View: can delete on DAG:example_short_circuit_operator
[2024-09-24T21:03:39.124+0000] {logging_mixin.py:150} INFO - [2024-09-24T21:03:39.124+0000] {manager.py:504} INFO - Created Permission View: can read on DAG:example_short_circuit_operator
[2024-09-24T21:03:39.153+0000] {logging_mixin.py:150} INFO - [2024-09-24T21:03:39.152+0000] {manager.py:504} INFO - Created Permission View: can edit on DAG:example_short_circuit_operator
[2024-09-24T21:03:39.162+0000] {logging_mixin.py:150} INFO - [2024-09-24T21:03:39.162+0000] {dag.py:2742} INFO - Sync 1 DAGs
[2024-09-24T21:03:39.168+0000] {logging_mixin.py:150} INFO - [2024-09-24T21:03:39.168+0000] {dag.py:2763} INFO - Creating ORM DAG for example_short_circuit_operator
[2024-09-24T21:03:39.176+0000] {logging_mixin.py:150} INFO - [2024-09-24T21:03:39.176+0000] {dag.py:3504} INFO - Setting next_dagrun for example_short_circuit_operator to 2024-09-23T21:03:39.175925+00:00, run_after=2024-09-24T21:03:39.175925+00:00
[2024-09-24T21:03:39.230+0000] {processor.py:179} INFO - Processing /home/vscode/.local/lib/python3.10/site-packages/airflow/example_dags/example_short_circuit_operator.py took 0.366 seconds
[2024-09-24T21:04:32.364+0000] {processor.py:157} INFO - Started process (PID=5271) to work on /home/vscode/.local/lib/python3.10/site-packages/airflow/example_dags/example_short_circuit_operator.py
[2024-09-24T21:04:32.365+0000] {processor.py:826} INFO - Processing file /home/vscode/.local/lib/python3.10/site-packages/airflow/example_dags/example_short_circuit_operator.py for tasks to queue
[2024-09-24T21:04:32.365+0000] {logging_mixin.py:150} INFO - [2024-09-24T21:04:32.365+0000] {dagbag.py:541} INFO - Filling up the DagBag from /home/vscode/.local/lib/python3.10/site-packages/airflow/example_dags/example_short_circuit_operator.py
[2024-09-24T21:04:32.372+0000] {processor.py:836} INFO - DAG(s) dict_keys(['example_short_circuit_operator']) retrieved from /home/vscode/.local/lib/python3.10/site-packages/airflow/example_dags/example_short_circuit_operator.py
[2024-09-24T21:04:32.384+0000] {logging_mixin.py:150} INFO - [2024-09-24T21:04:32.384+0000] {dag.py:2742} INFO - Sync 1 DAGs
[2024-09-24T21:04:32.398+0000] {logging_mixin.py:150} INFO - [2024-09-24T21:04:32.398+0000] {dag.py:3504} INFO - Setting next_dagrun for example_short_circuit_operator to 2024-09-23T21:04:32.398705+00:00, run_after=2024-09-24T21:04:32.398705+00:00
[2024-09-24T21:04:32.436+0000] {processor.py:179} INFO - Processing /home/vscode/.local/lib/python3.10/site-packages/airflow/example_dags/example_short_circuit_operator.py took 0.074 seconds
[2024-09-24T21:05:18.337+0000] {processor.py:157} INFO - Started process (PID=5727) to work on /home/vscode/.local/lib/python3.10/site-packages/airflow/example_dags/example_short_circuit_operator.py
[2024-09-24T21:05:18.338+0000] {processor.py:826} INFO - Processing file /home/vscode/.local/lib/python3.10/site-packages/airflow/example_dags/example_short_circuit_operator.py for tasks to queue
[2024-09-24T21:05:18.338+0000] {logging_mixin.py:150} INFO - [2024-09-24T21:05:18.338+0000] {dagbag.py:541} INFO - Filling up the DagBag from /home/vscode/.local/lib/python3.10/site-packages/airflow/example_dags/example_short_circuit_operator.py
[2024-09-24T21:05:18.345+0000] {processor.py:836} INFO - DAG(s) dict_keys(['example_short_circuit_operator']) retrieved from /home/vscode/.local/lib/python3.10/site-packages/airflow/example_dags/example_short_circuit_operator.py
[2024-09-24T21:05:18.358+0000] {logging_mixin.py:150} INFO - [2024-09-24T21:05:18.357+0000] {dag.py:2742} INFO - Sync 1 DAGs
[2024-09-24T21:05:18.371+0000] {logging_mixin.py:150} INFO - [2024-09-24T21:05:18.371+0000] {dag.py:3504} INFO - Setting next_dagrun for example_short_circuit_operator to 2024-09-23T21:05:18.371598+00:00, run_after=2024-09-24T21:05:18.371598+00:00
[2024-09-24T21:05:18.409+0000] {processor.py:179} INFO - Processing /home/vscode/.local/lib/python3.10/site-packages/airflow/example_dags/example_short_circuit_operator.py took 0.074 seconds
[2024-09-24T21:06:03.696+0000] {processor.py:157} INFO - Started process (PID=6209) to work on /home/vscode/.local/lib/python3.10/site-packages/airflow/example_dags/example_short_circuit_operator.py
[2024-09-24T21:06:03.696+0000] {processor.py:826} INFO - Processing file /home/vscode/.local/lib/python3.10/site-packages/airflow/example_dags/example_short_circuit_operator.py for tasks to queue
[2024-09-24T21:06:03.697+0000] {logging_mixin.py:150} INFO - [2024-09-24T21:06:03.697+0000] {dagbag.py:541} INFO - Filling up the DagBag from /home/vscode/.local/lib/python3.10/site-packages/airflow/example_dags/example_short_circuit_operator.py
[2024-09-24T21:06:03.703+0000] {processor.py:836} INFO - DAG(s) dict_keys(['example_short_circuit_operator']) retrieved from /home/vscode/.local/lib/python3.10/site-packages/airflow/example_dags/example_short_circuit_operator.py
[2024-09-24T21:06:03.717+0000] {logging_mixin.py:150} INFO - [2024-09-24T21:06:03.717+0000] {dag.py:2742} INFO - Sync 1 DAGs
[2024-09-24T21:06:03.732+0000] {logging_mixin.py:150} INFO - [2024-09-24T21:06:03.732+0000] {dag.py:3504} INFO - Setting next_dagrun for example_short_circuit_operator to 2024-09-23T21:06:03.732543+00:00, run_after=2024-09-24T21:06:03.732543+00:00
[2024-09-24T21:06:03.772+0000] {processor.py:179} INFO - Processing /home/vscode/.local/lib/python3.10/site-packages/airflow/example_dags/example_short_circuit_operator.py took 0.079 seconds
[2024-09-24T21:06:46.786+0000] {processor.py:157} INFO - Started process (PID=6686) to work on /home/vscode/.local/lib/python3.10/site-packages/airflow/example_dags/example_short_circuit_operator.py
[2024-09-24T21:06:46.787+0000] {processor.py:826} INFO - Processing file /home/vscode/.local/lib/python3.10/site-packages/airflow/example_dags/example_short_circuit_operator.py for tasks to queue
[2024-09-24T21:06:46.788+0000] {logging_mixin.py:150} INFO - [2024-09-24T21:06:46.787+0000] {dagbag.py:541} INFO - Filling up the DagBag from /home/vscode/.local/lib/python3.10/site-packages/airflow/example_dags/example_short_circuit_operator.py
[2024-09-24T21:06:46.794+0000] {processor.py:836} INFO - DAG(s) dict_keys(['example_short_circuit_operator']) retrieved from /home/vscode/.local/lib/python3.10/site-packages/airflow/example_dags/example_short_circuit_operator.py
[2024-09-24T21:06:46.807+0000] {logging_mixin.py:150} INFO - [2024-09-24T21:06:46.807+0000] {dag.py:2742} INFO - Sync 1 DAGs
[2024-09-24T21:06:46.822+0000] {logging_mixin.py:150} INFO - [2024-09-24T21:06:46.822+0000] {dag.py:3504} INFO - Setting next_dagrun for example_short_circuit_operator to 2024-09-23T21:06:46.822185+00:00, run_after=2024-09-24T21:06:46.822185+00:00
[2024-09-24T21:06:46.868+0000] {processor.py:179} INFO - Processing /home/vscode/.local/lib/python3.10/site-packages/airflow/example_dags/example_short_circuit_operator.py took 0.084 seconds
[2024-09-24T21:07:28.064+0000] {processor.py:157} INFO - Started process (PID=7038) to work on /home/vscode/.local/lib/python3.10/site-packages/airflow/example_dags/example_short_circuit_operator.py
[2024-09-24T21:07:28.065+0000] {processor.py:826} INFO - Processing file /home/vscode/.local/lib/python3.10/site-packages/airflow/example_dags/example_short_circuit_operator.py for tasks to queue
[2024-09-24T21:07:28.065+0000] {logging_mixin.py:150} INFO - [2024-09-24T21:07:28.065+0000] {dagbag.py:541} INFO - Filling up the DagBag from /home/vscode/.local/lib/python3.10/site-packages/airflow/example_dags/example_short_circuit_operator.py
[2024-09-24T21:07:28.072+0000] {processor.py:836} INFO - DAG(s) dict_keys(['example_short_circuit_operator']) retrieved from /home/vscode/.local/lib/python3.10/site-packages/airflow/example_dags/example_short_circuit_operator.py
[2024-09-24T21:07:28.086+0000] {logging_mixin.py:150} INFO - [2024-09-24T21:07:28.086+0000] {dag.py:2742} INFO - Sync 1 DAGs
[2024-09-24T21:07:28.100+0000] {logging_mixin.py:150} INFO - [2024-09-24T21:07:28.100+0000] {dag.py:3504} INFO - Setting next_dagrun for example_short_circuit_operator to 2024-09-23T21:07:28.100005+00:00, run_after=2024-09-24T21:07:28.100005+00:00
[2024-09-24T21:07:28.141+0000] {processor.py:179} INFO - Processing /home/vscode/.local/lib/python3.10/site-packages/airflow/example_dags/example_short_circuit_operator.py took 0.079 seconds
