[2024-09-24T21:03:51.341+0000] {processor.py:157} INFO - Started process (PID=4982) to work on /home/vscode/.local/lib/python3.10/site-packages/airflow/example_dags/example_params_trigger_ui.py
[2024-09-24T21:03:51.342+0000] {processor.py:826} INFO - Processing file /home/vscode/.local/lib/python3.10/site-packages/airflow/example_dags/example_params_trigger_ui.py for tasks to queue
[2024-09-24T21:03:51.342+0000] {logging_mixin.py:150} INFO - [2024-09-24T21:03:51.342+0000] {dagbag.py:541} INFO - Filling up the DagBag from /home/vscode/.local/lib/python3.10/site-packages/airflow/example_dags/example_params_trigger_ui.py
[2024-09-24T21:03:51.355+0000] {processor.py:836} INFO - DAG(s) dict_keys(['example_params_trigger_ui']) retrieved from /home/vscode/.local/lib/python3.10/site-packages/airflow/example_dags/example_params_trigger_ui.py
[2024-09-24T21:03:51.586+0000] {logging_mixin.py:150} INFO - [2024-09-24T21:03:51.585+0000] {manager.py:504} INFO - Created Permission View: can delete on DAG:example_params_trigger_ui
[2024-09-24T21:03:51.626+0000] {logging_mixin.py:150} INFO - [2024-09-24T21:03:51.625+0000] {manager.py:504} INFO - Created Permission View: can read on DAG:example_params_trigger_ui
[2024-09-24T21:03:51.653+0000] {logging_mixin.py:150} INFO - [2024-09-24T21:03:51.653+0000] {manager.py:504} INFO - Created Permission View: can edit on DAG:example_params_trigger_ui
[2024-09-24T21:03:51.662+0000] {logging_mixin.py:150} INFO - [2024-09-24T21:03:51.662+0000] {dag.py:2742} INFO - Sync 1 DAGs
[2024-09-24T21:03:51.669+0000] {logging_mixin.py:150} INFO - [2024-09-24T21:03:51.669+0000] {dag.py:2763} INFO - Creating ORM DAG for example_params_trigger_ui
[2024-09-24T21:03:51.675+0000] {logging_mixin.py:150} INFO - [2024-09-24T21:03:51.675+0000] {dag.py:3504} INFO - Setting next_dagrun for example_params_trigger_ui to None, run_after=None
[2024-09-24T21:03:51.749+0000] {processor.py:179} INFO - Processing /home/vscode/.local/lib/python3.10/site-packages/airflow/example_dags/example_params_trigger_ui.py took 0.410 seconds
[2024-09-24T21:04:43.864+0000] {processor.py:157} INFO - Started process (PID=5354) to work on /home/vscode/.local/lib/python3.10/site-packages/airflow/example_dags/example_params_trigger_ui.py
[2024-09-24T21:04:43.865+0000] {processor.py:826} INFO - Processing file /home/vscode/.local/lib/python3.10/site-packages/airflow/example_dags/example_params_trigger_ui.py for tasks to queue
[2024-09-24T21:04:43.865+0000] {logging_mixin.py:150} INFO - [2024-09-24T21:04:43.865+0000] {dagbag.py:541} INFO - Filling up the DagBag from /home/vscode/.local/lib/python3.10/site-packages/airflow/example_dags/example_params_trigger_ui.py
[2024-09-24T21:04:43.880+0000] {processor.py:836} INFO - DAG(s) dict_keys(['example_params_trigger_ui']) retrieved from /home/vscode/.local/lib/python3.10/site-packages/airflow/example_dags/example_params_trigger_ui.py
[2024-09-24T21:04:43.912+0000] {logging_mixin.py:150} INFO - [2024-09-24T21:04:43.911+0000] {dag.py:2742} INFO - Sync 1 DAGs
[2024-09-24T21:04:43.927+0000] {logging_mixin.py:150} INFO - [2024-09-24T21:04:43.927+0000] {dag.py:3504} INFO - Setting next_dagrun for example_params_trigger_ui to None, run_after=None
[2024-09-24T21:04:43.967+0000] {processor.py:179} INFO - Processing /home/vscode/.local/lib/python3.10/site-packages/airflow/example_dags/example_params_trigger_ui.py took 0.105 seconds
[2024-09-24T21:05:29.281+0000] {processor.py:157} INFO - Started process (PID=5866) to work on /home/vscode/.local/lib/python3.10/site-packages/airflow/example_dags/example_params_trigger_ui.py
[2024-09-24T21:05:29.281+0000] {processor.py:826} INFO - Processing file /home/vscode/.local/lib/python3.10/site-packages/airflow/example_dags/example_params_trigger_ui.py for tasks to queue
[2024-09-24T21:05:29.282+0000] {logging_mixin.py:150} INFO - [2024-09-24T21:05:29.282+0000] {dagbag.py:541} INFO - Filling up the DagBag from /home/vscode/.local/lib/python3.10/site-packages/airflow/example_dags/example_params_trigger_ui.py
[2024-09-24T21:05:29.294+0000] {processor.py:836} INFO - DAG(s) dict_keys(['example_params_trigger_ui']) retrieved from /home/vscode/.local/lib/python3.10/site-packages/airflow/example_dags/example_params_trigger_ui.py
[2024-09-24T21:05:29.327+0000] {logging_mixin.py:150} INFO - [2024-09-24T21:05:29.327+0000] {dag.py:2742} INFO - Sync 1 DAGs
[2024-09-24T21:05:29.343+0000] {logging_mixin.py:150} INFO - [2024-09-24T21:05:29.342+0000] {dag.py:3504} INFO - Setting next_dagrun for example_params_trigger_ui to None, run_after=None
[2024-09-24T21:05:29.384+0000] {processor.py:179} INFO - Processing /home/vscode/.local/lib/python3.10/site-packages/airflow/example_dags/example_params_trigger_ui.py took 0.105 seconds
[2024-09-24T21:06:14.967+0000] {processor.py:157} INFO - Started process (PID=6345) to work on /home/vscode/.local/lib/python3.10/site-packages/airflow/example_dags/example_params_trigger_ui.py
[2024-09-24T21:06:14.967+0000] {processor.py:826} INFO - Processing file /home/vscode/.local/lib/python3.10/site-packages/airflow/example_dags/example_params_trigger_ui.py for tasks to queue
[2024-09-24T21:06:14.968+0000] {logging_mixin.py:150} INFO - [2024-09-24T21:06:14.968+0000] {dagbag.py:541} INFO - Filling up the DagBag from /home/vscode/.local/lib/python3.10/site-packages/airflow/example_dags/example_params_trigger_ui.py
[2024-09-24T21:06:14.980+0000] {processor.py:836} INFO - DAG(s) dict_keys(['example_params_trigger_ui']) retrieved from /home/vscode/.local/lib/python3.10/site-packages/airflow/example_dags/example_params_trigger_ui.py
[2024-09-24T21:06:15.012+0000] {logging_mixin.py:150} INFO - [2024-09-24T21:06:15.011+0000] {dag.py:2742} INFO - Sync 1 DAGs
[2024-09-24T21:06:15.026+0000] {logging_mixin.py:150} INFO - [2024-09-24T21:06:15.026+0000] {dag.py:3504} INFO - Setting next_dagrun for example_params_trigger_ui to None, run_after=None
[2024-09-24T21:06:15.061+0000] {processor.py:179} INFO - Processing /home/vscode/.local/lib/python3.10/site-packages/airflow/example_dags/example_params_trigger_ui.py took 0.096 seconds
[2024-09-24T21:06:58.287+0000] {processor.py:157} INFO - Started process (PID=6797) to work on /home/vscode/.local/lib/python3.10/site-packages/airflow/example_dags/example_params_trigger_ui.py
[2024-09-24T21:06:58.288+0000] {processor.py:826} INFO - Processing file /home/vscode/.local/lib/python3.10/site-packages/airflow/example_dags/example_params_trigger_ui.py for tasks to queue
[2024-09-24T21:06:58.288+0000] {logging_mixin.py:150} INFO - [2024-09-24T21:06:58.288+0000] {dagbag.py:541} INFO - Filling up the DagBag from /home/vscode/.local/lib/python3.10/site-packages/airflow/example_dags/example_params_trigger_ui.py
[2024-09-24T21:06:58.301+0000] {processor.py:836} INFO - DAG(s) dict_keys(['example_params_trigger_ui']) retrieved from /home/vscode/.local/lib/python3.10/site-packages/airflow/example_dags/example_params_trigger_ui.py
[2024-09-24T21:06:58.332+0000] {logging_mixin.py:150} INFO - [2024-09-24T21:06:58.332+0000] {dag.py:2742} INFO - Sync 1 DAGs
[2024-09-24T21:06:58.346+0000] {logging_mixin.py:150} INFO - [2024-09-24T21:06:58.346+0000] {dag.py:3504} INFO - Setting next_dagrun for example_params_trigger_ui to None, run_after=None
[2024-09-24T21:06:58.402+0000] {processor.py:179} INFO - Processing /home/vscode/.local/lib/python3.10/site-packages/airflow/example_dags/example_params_trigger_ui.py took 0.117 seconds
[2024-09-24T21:07:44.719+0000] {processor.py:157} INFO - Started process (PID=7167) to work on /home/vscode/.local/lib/python3.10/site-packages/airflow/example_dags/example_params_trigger_ui.py
[2024-09-24T21:07:44.719+0000] {processor.py:826} INFO - Processing file /home/vscode/.local/lib/python3.10/site-packages/airflow/example_dags/example_params_trigger_ui.py for tasks to queue
[2024-09-24T21:07:44.720+0000] {logging_mixin.py:150} INFO - [2024-09-24T21:07:44.720+0000] {dagbag.py:541} INFO - Filling up the DagBag from /home/vscode/.local/lib/python3.10/site-packages/airflow/example_dags/example_params_trigger_ui.py
[2024-09-24T21:07:44.732+0000] {processor.py:836} INFO - DAG(s) dict_keys(['example_params_trigger_ui']) retrieved from /home/vscode/.local/lib/python3.10/site-packages/airflow/example_dags/example_params_trigger_ui.py
[2024-09-24T21:07:44.764+0000] {logging_mixin.py:150} INFO - [2024-09-24T21:07:44.764+0000] {dag.py:2742} INFO - Sync 1 DAGs
[2024-09-24T21:07:44.779+0000] {logging_mixin.py:150} INFO - [2024-09-24T21:07:44.779+0000] {dag.py:3504} INFO - Setting next_dagrun for example_params_trigger_ui to None, run_after=None
[2024-09-24T21:07:44.816+0000] {processor.py:179} INFO - Processing /home/vscode/.local/lib/python3.10/site-packages/airflow/example_dags/example_params_trigger_ui.py took 0.099 seconds
