[2024-09-24T21:04:07.731+0000] {processor.py:157} INFO - Started process (PID=5101) to work on /home/vscode/.local/lib/python3.10/site-packages/airflow/example_dags/example_branch_operator.py
[2024-09-24T21:04:07.731+0000] {processor.py:826} INFO - Processing file /home/vscode/.local/lib/python3.10/site-packages/airflow/example_dags/example_branch_operator.py for tasks to queue
[2024-09-24T21:04:07.732+0000] {logging_mixin.py:150} INFO - [2024-09-24T21:04:07.732+0000] {dagbag.py:541} INFO - Filling up the DagBag from /home/vscode/.local/lib/python3.10/site-packages/airflow/example_dags/example_branch_operator.py
[2024-09-24T21:04:07.823+0000] {processor.py:836} INFO - DAG(s) dict_keys(['example_branch_operator']) retrieved from /home/vscode/.local/lib/python3.10/site-packages/airflow/example_dags/example_branch_operator.py
[2024-09-24T21:04:07.953+0000] {logging_mixin.py:150} INFO - [2024-09-24T21:04:07.953+0000] {manager.py:504} INFO - Created Permission View: can delete on DAG:example_branch_operator
[2024-09-24T21:04:07.994+0000] {logging_mixin.py:150} INFO - [2024-09-24T21:04:07.994+0000] {manager.py:504} INFO - Created Permission View: can read on DAG:example_branch_operator
[2024-09-24T21:04:08.037+0000] {logging_mixin.py:150} INFO - [2024-09-24T21:04:08.036+0000] {manager.py:504} INFO - Created Permission View: can edit on DAG:example_branch_operator
[2024-09-24T21:04:08.045+0000] {logging_mixin.py:150} INFO - [2024-09-24T21:04:08.045+0000] {dag.py:2742} INFO - Sync 1 DAGs
[2024-09-24T21:04:08.053+0000] {logging_mixin.py:150} INFO - [2024-09-24T21:04:08.053+0000] {dag.py:2763} INFO - Creating ORM DAG for example_branch_operator
[2024-09-24T21:04:08.064+0000] {logging_mixin.py:150} INFO - [2024-09-24T21:04:08.064+0000] {dag.py:3504} INFO - Setting next_dagrun for example_branch_operator to 2024-09-23T00:00:00+00:00, run_after=2024-09-24T00:00:00+00:00
[2024-09-24T21:04:08.112+0000] {processor.py:179} INFO - Processing /home/vscode/.local/lib/python3.10/site-packages/airflow/example_dags/example_branch_operator.py took 0.383 seconds
[2024-09-24T21:04:56.469+0000] {processor.py:157} INFO - Started process (PID=5503) to work on /home/vscode/.local/lib/python3.10/site-packages/airflow/example_dags/example_branch_operator.py
[2024-09-24T21:04:56.470+0000] {processor.py:826} INFO - Processing file /home/vscode/.local/lib/python3.10/site-packages/airflow/example_dags/example_branch_operator.py for tasks to queue
[2024-09-24T21:04:56.471+0000] {logging_mixin.py:150} INFO - [2024-09-24T21:04:56.471+0000] {dagbag.py:541} INFO - Filling up the DagBag from /home/vscode/.local/lib/python3.10/site-packages/airflow/example_dags/example_branch_operator.py
[2024-09-24T21:04:56.478+0000] {processor.py:836} INFO - DAG(s) dict_keys(['example_branch_operator']) retrieved from /home/vscode/.local/lib/python3.10/site-packages/airflow/example_dags/example_branch_operator.py
[2024-09-24T21:04:56.492+0000] {logging_mixin.py:150} INFO - [2024-09-24T21:04:56.492+0000] {dag.py:2742} INFO - Sync 1 DAGs
[2024-09-24T21:04:56.510+0000] {logging_mixin.py:150} INFO - [2024-09-24T21:04:56.510+0000] {dag.py:3504} INFO - Setting next_dagrun for example_branch_operator to 2024-09-23T00:00:00+00:00, run_after=2024-09-24T00:00:00+00:00
[2024-09-24T21:04:56.550+0000] {processor.py:179} INFO - Processing /home/vscode/.local/lib/python3.10/site-packages/airflow/example_dags/example_branch_operator.py took 0.083 seconds
[2024-09-24T21:05:43.437+0000] {processor.py:157} INFO - Started process (PID=5996) to work on /home/vscode/.local/lib/python3.10/site-packages/airflow/example_dags/example_branch_operator.py
[2024-09-24T21:05:43.438+0000] {processor.py:826} INFO - Processing file /home/vscode/.local/lib/python3.10/site-packages/airflow/example_dags/example_branch_operator.py for tasks to queue
[2024-09-24T21:05:43.438+0000] {logging_mixin.py:150} INFO - [2024-09-24T21:05:43.438+0000] {dagbag.py:541} INFO - Filling up the DagBag from /home/vscode/.local/lib/python3.10/site-packages/airflow/example_dags/example_branch_operator.py
[2024-09-24T21:05:43.445+0000] {processor.py:836} INFO - DAG(s) dict_keys(['example_branch_operator']) retrieved from /home/vscode/.local/lib/python3.10/site-packages/airflow/example_dags/example_branch_operator.py
[2024-09-24T21:05:43.459+0000] {logging_mixin.py:150} INFO - [2024-09-24T21:05:43.458+0000] {dag.py:2742} INFO - Sync 1 DAGs
[2024-09-24T21:05:43.473+0000] {logging_mixin.py:150} INFO - [2024-09-24T21:05:43.473+0000] {dag.py:3504} INFO - Setting next_dagrun for example_branch_operator to 2024-09-23T00:00:00+00:00, run_after=2024-09-24T00:00:00+00:00
[2024-09-24T21:05:43.524+0000] {processor.py:179} INFO - Processing /home/vscode/.local/lib/python3.10/site-packages/airflow/example_dags/example_branch_operator.py took 0.089 seconds
[2024-09-24T21:06:28.432+0000] {processor.py:157} INFO - Started process (PID=6495) to work on /home/vscode/.local/lib/python3.10/site-packages/airflow/example_dags/example_branch_operator.py
[2024-09-24T21:06:28.432+0000] {processor.py:826} INFO - Processing file /home/vscode/.local/lib/python3.10/site-packages/airflow/example_dags/example_branch_operator.py for tasks to queue
[2024-09-24T21:06:28.433+0000] {logging_mixin.py:150} INFO - [2024-09-24T21:06:28.433+0000] {dagbag.py:541} INFO - Filling up the DagBag from /home/vscode/.local/lib/python3.10/site-packages/airflow/example_dags/example_branch_operator.py
[2024-09-24T21:06:28.440+0000] {processor.py:836} INFO - DAG(s) dict_keys(['example_branch_operator']) retrieved from /home/vscode/.local/lib/python3.10/site-packages/airflow/example_dags/example_branch_operator.py
[2024-09-24T21:06:28.453+0000] {logging_mixin.py:150} INFO - [2024-09-24T21:06:28.453+0000] {dag.py:2742} INFO - Sync 1 DAGs
[2024-09-24T21:06:28.471+0000] {logging_mixin.py:150} INFO - [2024-09-24T21:06:28.471+0000] {dag.py:3504} INFO - Setting next_dagrun for example_branch_operator to 2024-09-23T00:00:00+00:00, run_after=2024-09-24T00:00:00+00:00
[2024-09-24T21:06:28.511+0000] {processor.py:179} INFO - Processing /home/vscode/.local/lib/python3.10/site-packages/airflow/example_dags/example_branch_operator.py took 0.082 seconds
[2024-09-24T21:07:12.061+0000] {processor.py:157} INFO - Started process (PID=6891) to work on /home/vscode/.local/lib/python3.10/site-packages/airflow/example_dags/example_branch_operator.py
[2024-09-24T21:07:12.062+0000] {processor.py:826} INFO - Processing file /home/vscode/.local/lib/python3.10/site-packages/airflow/example_dags/example_branch_operator.py for tasks to queue
[2024-09-24T21:07:12.063+0000] {logging_mixin.py:150} INFO - [2024-09-24T21:07:12.063+0000] {dagbag.py:541} INFO - Filling up the DagBag from /home/vscode/.local/lib/python3.10/site-packages/airflow/example_dags/example_branch_operator.py
[2024-09-24T21:07:12.070+0000] {processor.py:836} INFO - DAG(s) dict_keys(['example_branch_operator']) retrieved from /home/vscode/.local/lib/python3.10/site-packages/airflow/example_dags/example_branch_operator.py
[2024-09-24T21:07:12.084+0000] {logging_mixin.py:150} INFO - [2024-09-24T21:07:12.084+0000] {dag.py:2742} INFO - Sync 1 DAGs
[2024-09-24T21:07:12.099+0000] {logging_mixin.py:150} INFO - [2024-09-24T21:07:12.099+0000] {dag.py:3504} INFO - Setting next_dagrun for example_branch_operator to 2024-09-23T00:00:00+00:00, run_after=2024-09-24T00:00:00+00:00
[2024-09-24T21:07:12.165+0000] {processor.py:179} INFO - Processing /home/vscode/.local/lib/python3.10/site-packages/airflow/example_dags/example_branch_operator.py took 0.106 seconds
