[2024-09-24T21:04:14.289+0000] {processor.py:157} INFO - Started process (PID=5145) to work on /home/vscode/.local/lib/python3.10/site-packages/airflow/example_dags/example_branch_datetime_operator.py
[2024-09-24T21:04:14.289+0000] {processor.py:826} INFO - Processing file /home/vscode/.local/lib/python3.10/site-packages/airflow/example_dags/example_branch_datetime_operator.py for tasks to queue
[2024-09-24T21:04:14.290+0000] {logging_mixin.py:150} INFO - [2024-09-24T21:04:14.290+0000] {dagbag.py:541} INFO - Filling up the DagBag from /home/vscode/.local/lib/python3.10/site-packages/airflow/example_dags/example_branch_datetime_operator.py
[2024-09-24T21:04:14.298+0000] {processor.py:836} INFO - DAG(s) dict_keys(['example_branch_datetime_operator_3', 'example_branch_datetime_operator', 'example_branch_datetime_operator_2']) retrieved from /home/vscode/.local/lib/python3.10/site-packages/airflow/example_dags/example_branch_datetime_operator.py
[2024-09-24T21:04:14.433+0000] {logging_mixin.py:150} INFO - [2024-09-24T21:04:14.432+0000] {manager.py:504} INFO - Created Permission View: can delete on DAG:example_branch_datetime_operator_3
[2024-09-24T21:04:14.472+0000] {logging_mixin.py:150} INFO - [2024-09-24T21:04:14.472+0000] {manager.py:504} INFO - Created Permission View: can read on DAG:example_branch_datetime_operator_3
[2024-09-24T21:04:14.499+0000] {logging_mixin.py:150} INFO - [2024-09-24T21:04:14.499+0000] {manager.py:504} INFO - Created Permission View: can edit on DAG:example_branch_datetime_operator_3
[2024-09-24T21:04:14.581+0000] {logging_mixin.py:150} INFO - [2024-09-24T21:04:14.581+0000] {manager.py:504} INFO - Created Permission View: can delete on DAG:example_branch_datetime_operator
[2024-09-24T21:04:14.608+0000] {logging_mixin.py:150} INFO - [2024-09-24T21:04:14.608+0000] {manager.py:504} INFO - Created Permission View: can read on DAG:example_branch_datetime_operator
[2024-09-24T21:04:14.639+0000] {logging_mixin.py:150} INFO - [2024-09-24T21:04:14.639+0000] {manager.py:504} INFO - Created Permission View: can edit on DAG:example_branch_datetime_operator
[2024-09-24T21:04:14.709+0000] {logging_mixin.py:150} INFO - [2024-09-24T21:04:14.709+0000] {manager.py:504} INFO - Created Permission View: can delete on DAG:example_branch_datetime_operator_2
[2024-09-24T21:04:14.755+0000] {logging_mixin.py:150} INFO - [2024-09-24T21:04:14.755+0000] {manager.py:504} INFO - Created Permission View: can read on DAG:example_branch_datetime_operator_2
[2024-09-24T21:04:14.784+0000] {logging_mixin.py:150} INFO - [2024-09-24T21:04:14.784+0000] {manager.py:504} INFO - Created Permission View: can edit on DAG:example_branch_datetime_operator_2
[2024-09-24T21:04:14.787+0000] {logging_mixin.py:150} INFO - [2024-09-24T21:04:14.787+0000] {dag.py:2742} INFO - Sync 3 DAGs
[2024-09-24T21:04:14.795+0000] {logging_mixin.py:150} INFO - [2024-09-24T21:04:14.794+0000] {dag.py:2763} INFO - Creating ORM DAG for example_branch_datetime_operator_3
[2024-09-24T21:04:14.795+0000] {logging_mixin.py:150} INFO - [2024-09-24T21:04:14.795+0000] {dag.py:2763} INFO - Creating ORM DAG for example_branch_datetime_operator
[2024-09-24T21:04:14.795+0000] {logging_mixin.py:150} INFO - [2024-09-24T21:04:14.795+0000] {dag.py:2763} INFO - Creating ORM DAG for example_branch_datetime_operator_2
[2024-09-24T21:04:14.804+0000] {logging_mixin.py:150} INFO - [2024-09-24T21:04:14.804+0000] {dag.py:3504} INFO - Setting next_dagrun for example_branch_datetime_operator to 2024-09-23T00:00:00+00:00, run_after=2024-09-24T00:00:00+00:00
[2024-09-24T21:04:14.805+0000] {logging_mixin.py:150} INFO - [2024-09-24T21:04:14.805+0000] {dag.py:3504} INFO - Setting next_dagrun for example_branch_datetime_operator_2 to 2024-09-23T00:00:00+00:00, run_after=2024-09-24T00:00:00+00:00
[2024-09-24T21:04:14.807+0000] {logging_mixin.py:150} INFO - [2024-09-24T21:04:14.806+0000] {dag.py:3504} INFO - Setting next_dagrun for example_branch_datetime_operator_3 to 2024-09-23T00:00:00+00:00, run_after=2024-09-24T00:00:00+00:00
[2024-09-24T21:04:14.871+0000] {processor.py:179} INFO - Processing /home/vscode/.local/lib/python3.10/site-packages/airflow/example_dags/example_branch_datetime_operator.py took 0.585 seconds
[2024-09-24T21:05:13.095+0000] {processor.py:157} INFO - Started process (PID=5674) to work on /home/vscode/.local/lib/python3.10/site-packages/airflow/example_dags/example_branch_datetime_operator.py
[2024-09-24T21:05:13.096+0000] {processor.py:826} INFO - Processing file /home/vscode/.local/lib/python3.10/site-packages/airflow/example_dags/example_branch_datetime_operator.py for tasks to queue
[2024-09-24T21:05:13.096+0000] {logging_mixin.py:150} INFO - [2024-09-24T21:05:13.096+0000] {dagbag.py:541} INFO - Filling up the DagBag from /home/vscode/.local/lib/python3.10/site-packages/airflow/example_dags/example_branch_datetime_operator.py
[2024-09-24T21:05:13.103+0000] {processor.py:836} INFO - DAG(s) dict_keys(['example_branch_datetime_operator_2', 'example_branch_datetime_operator_3', 'example_branch_datetime_operator']) retrieved from /home/vscode/.local/lib/python3.10/site-packages/airflow/example_dags/example_branch_datetime_operator.py
[2024-09-24T21:05:13.120+0000] {logging_mixin.py:150} INFO - [2024-09-24T21:05:13.120+0000] {dag.py:2742} INFO - Sync 3 DAGs
[2024-09-24T21:05:13.135+0000] {logging_mixin.py:150} INFO - [2024-09-24T21:05:13.135+0000] {dag.py:3504} INFO - Setting next_dagrun for example_branch_datetime_operator to 2024-09-23T00:00:00+00:00, run_after=2024-09-24T00:00:00+00:00
[2024-09-24T21:05:13.138+0000] {logging_mixin.py:150} INFO - [2024-09-24T21:05:13.138+0000] {dag.py:3504} INFO - Setting next_dagrun for example_branch_datetime_operator_2 to 2024-09-23T00:00:00+00:00, run_after=2024-09-24T00:00:00+00:00
[2024-09-24T21:05:13.140+0000] {logging_mixin.py:150} INFO - [2024-09-24T21:05:13.140+0000] {dag.py:3504} INFO - Setting next_dagrun for example_branch_datetime_operator_3 to 2024-09-23T00:00:00+00:00, run_after=2024-09-24T00:00:00+00:00
[2024-09-24T21:05:13.186+0000] {processor.py:179} INFO - Processing /home/vscode/.local/lib/python3.10/site-packages/airflow/example_dags/example_branch_datetime_operator.py took 0.093 seconds
[2024-09-24T21:05:57.395+0000] {processor.py:157} INFO - Started process (PID=6149) to work on /home/vscode/.local/lib/python3.10/site-packages/airflow/example_dags/example_branch_datetime_operator.py
[2024-09-24T21:05:57.396+0000] {processor.py:826} INFO - Processing file /home/vscode/.local/lib/python3.10/site-packages/airflow/example_dags/example_branch_datetime_operator.py for tasks to queue
[2024-09-24T21:05:57.396+0000] {logging_mixin.py:150} INFO - [2024-09-24T21:05:57.396+0000] {dagbag.py:541} INFO - Filling up the DagBag from /home/vscode/.local/lib/python3.10/site-packages/airflow/example_dags/example_branch_datetime_operator.py
[2024-09-24T21:05:57.404+0000] {processor.py:836} INFO - DAG(s) dict_keys(['example_branch_datetime_operator_3', 'example_branch_datetime_operator', 'example_branch_datetime_operator_2']) retrieved from /home/vscode/.local/lib/python3.10/site-packages/airflow/example_dags/example_branch_datetime_operator.py
[2024-09-24T21:05:57.420+0000] {logging_mixin.py:150} INFO - [2024-09-24T21:05:57.419+0000] {dag.py:2742} INFO - Sync 3 DAGs
[2024-09-24T21:05:57.435+0000] {logging_mixin.py:150} INFO - [2024-09-24T21:05:57.435+0000] {dag.py:3504} INFO - Setting next_dagrun for example_branch_datetime_operator to 2024-09-23T00:00:00+00:00, run_after=2024-09-24T00:00:00+00:00
[2024-09-24T21:05:57.438+0000] {logging_mixin.py:150} INFO - [2024-09-24T21:05:57.438+0000] {dag.py:3504} INFO - Setting next_dagrun for example_branch_datetime_operator_2 to 2024-09-23T00:00:00+00:00, run_after=2024-09-24T00:00:00+00:00
[2024-09-24T21:05:57.439+0000] {logging_mixin.py:150} INFO - [2024-09-24T21:05:57.439+0000] {dag.py:3504} INFO - Setting next_dagrun for example_branch_datetime_operator_3 to 2024-09-23T00:00:00+00:00, run_after=2024-09-24T00:00:00+00:00
[2024-09-24T21:05:57.478+0000] {processor.py:179} INFO - Processing /home/vscode/.local/lib/python3.10/site-packages/airflow/example_dags/example_branch_datetime_operator.py took 0.085 seconds
[2024-09-24T21:06:43.109+0000] {processor.py:157} INFO - Started process (PID=6649) to work on /home/vscode/.local/lib/python3.10/site-packages/airflow/example_dags/example_branch_datetime_operator.py
[2024-09-24T21:06:43.109+0000] {processor.py:826} INFO - Processing file /home/vscode/.local/lib/python3.10/site-packages/airflow/example_dags/example_branch_datetime_operator.py for tasks to queue
[2024-09-24T21:06:43.110+0000] {logging_mixin.py:150} INFO - [2024-09-24T21:06:43.110+0000] {dagbag.py:541} INFO - Filling up the DagBag from /home/vscode/.local/lib/python3.10/site-packages/airflow/example_dags/example_branch_datetime_operator.py
[2024-09-24T21:06:43.117+0000] {processor.py:836} INFO - DAG(s) dict_keys(['example_branch_datetime_operator', 'example_branch_datetime_operator_2', 'example_branch_datetime_operator_3']) retrieved from /home/vscode/.local/lib/python3.10/site-packages/airflow/example_dags/example_branch_datetime_operator.py
[2024-09-24T21:06:43.133+0000] {logging_mixin.py:150} INFO - [2024-09-24T21:06:43.133+0000] {dag.py:2742} INFO - Sync 3 DAGs
[2024-09-24T21:06:43.149+0000] {logging_mixin.py:150} INFO - [2024-09-24T21:06:43.149+0000] {dag.py:3504} INFO - Setting next_dagrun for example_branch_datetime_operator to 2024-09-23T00:00:00+00:00, run_after=2024-09-24T00:00:00+00:00
[2024-09-24T21:06:43.152+0000] {logging_mixin.py:150} INFO - [2024-09-24T21:06:43.152+0000] {dag.py:3504} INFO - Setting next_dagrun for example_branch_datetime_operator_2 to 2024-09-23T00:00:00+00:00, run_after=2024-09-24T00:00:00+00:00
[2024-09-24T21:06:43.154+0000] {logging_mixin.py:150} INFO - [2024-09-24T21:06:43.153+0000] {dag.py:3504} INFO - Setting next_dagrun for example_branch_datetime_operator_3 to 2024-09-23T00:00:00+00:00, run_after=2024-09-24T00:00:00+00:00
[2024-09-24T21:06:43.193+0000] {processor.py:179} INFO - Processing /home/vscode/.local/lib/python3.10/site-packages/airflow/example_dags/example_branch_datetime_operator.py took 0.087 seconds
[2024-09-24T21:07:37.500+0000] {processor.py:157} INFO - Started process (PID=7111) to work on /home/vscode/.local/lib/python3.10/site-packages/airflow/example_dags/example_branch_datetime_operator.py
[2024-09-24T21:07:37.501+0000] {processor.py:826} INFO - Processing file /home/vscode/.local/lib/python3.10/site-packages/airflow/example_dags/example_branch_datetime_operator.py for tasks to queue
[2024-09-24T21:07:37.502+0000] {logging_mixin.py:150} INFO - [2024-09-24T21:07:37.501+0000] {dagbag.py:541} INFO - Filling up the DagBag from /home/vscode/.local/lib/python3.10/site-packages/airflow/example_dags/example_branch_datetime_operator.py
[2024-09-24T21:07:37.510+0000] {processor.py:836} INFO - DAG(s) dict_keys(['example_branch_datetime_operator', 'example_branch_datetime_operator_2', 'example_branch_datetime_operator_3']) retrieved from /home/vscode/.local/lib/python3.10/site-packages/airflow/example_dags/example_branch_datetime_operator.py
[2024-09-24T21:07:37.526+0000] {logging_mixin.py:150} INFO - [2024-09-24T21:07:37.526+0000] {dag.py:2742} INFO - Sync 3 DAGs
[2024-09-24T21:07:37.542+0000] {logging_mixin.py:150} INFO - [2024-09-24T21:07:37.542+0000] {dag.py:3504} INFO - Setting next_dagrun for example_branch_datetime_operator to 2024-09-23T00:00:00+00:00, run_after=2024-09-24T00:00:00+00:00
[2024-09-24T21:07:37.545+0000] {logging_mixin.py:150} INFO - [2024-09-24T21:07:37.545+0000] {dag.py:3504} INFO - Setting next_dagrun for example_branch_datetime_operator_2 to 2024-09-23T00:00:00+00:00, run_after=2024-09-24T00:00:00+00:00
[2024-09-24T21:07:37.547+0000] {logging_mixin.py:150} INFO - [2024-09-24T21:07:37.547+0000] {dag.py:3504} INFO - Setting next_dagrun for example_branch_datetime_operator_3 to 2024-09-23T00:00:00+00:00, run_after=2024-09-24T00:00:00+00:00
[2024-09-24T21:07:37.592+0000] {processor.py:179} INFO - Processing /home/vscode/.local/lib/python3.10/site-packages/airflow/example_dags/example_branch_datetime_operator.py took 0.094 seconds
