[2024-09-24T21:03:28.199+0000] {processor.py:157} INFO - Started process (PID=4827) to work on /home/vscode/.local/lib/python3.10/site-packages/airflow/example_dags/example_xcomargs.py
[2024-09-24T21:03:28.200+0000] {processor.py:826} INFO - Processing file /home/vscode/.local/lib/python3.10/site-packages/airflow/example_dags/example_xcomargs.py for tasks to queue
[2024-09-24T21:03:28.200+0000] {logging_mixin.py:150} INFO - [2024-09-24T21:03:28.200+0000] {dagbag.py:541} INFO - Filling up the DagBag from /home/vscode/.local/lib/python3.10/site-packages/airflow/example_dags/example_xcomargs.py
[2024-09-24T21:03:28.208+0000] {processor.py:836} INFO - DAG(s) dict_keys(['example_xcom_args', 'example_xcom_args_with_operators']) retrieved from /home/vscode/.local/lib/python3.10/site-packages/airflow/example_dags/example_xcomargs.py
[2024-09-24T21:03:28.461+0000] {logging_mixin.py:150} INFO - [2024-09-24T21:03:28.460+0000] {manager.py:504} INFO - Created Permission View: can delete on DAG:example_xcom_args
[2024-09-24T21:03:28.508+0000] {logging_mixin.py:150} INFO - [2024-09-24T21:03:28.508+0000] {manager.py:504} INFO - Created Permission View: can read on DAG:example_xcom_args
[2024-09-24T21:03:28.565+0000] {logging_mixin.py:150} INFO - [2024-09-24T21:03:28.565+0000] {manager.py:504} INFO - Created Permission View: can edit on DAG:example_xcom_args
[2024-09-24T21:03:28.635+0000] {logging_mixin.py:150} INFO - [2024-09-24T21:03:28.634+0000] {manager.py:504} INFO - Created Permission View: can delete on DAG:example_xcom_args_with_operators
[2024-09-24T21:03:28.666+0000] {logging_mixin.py:150} INFO - [2024-09-24T21:03:28.666+0000] {manager.py:504} INFO - Created Permission View: can read on DAG:example_xcom_args_with_operators
[2024-09-24T21:03:28.695+0000] {logging_mixin.py:150} INFO - [2024-09-24T21:03:28.695+0000] {manager.py:504} INFO - Created Permission View: can edit on DAG:example_xcom_args_with_operators
[2024-09-24T21:03:28.698+0000] {logging_mixin.py:150} INFO - [2024-09-24T21:03:28.698+0000] {dag.py:2742} INFO - Sync 2 DAGs
[2024-09-24T21:03:28.706+0000] {logging_mixin.py:150} INFO - [2024-09-24T21:03:28.706+0000] {dag.py:2763} INFO - Creating ORM DAG for example_xcom_args
[2024-09-24T21:03:28.707+0000] {logging_mixin.py:150} INFO - [2024-09-24T21:03:28.707+0000] {dag.py:2763} INFO - Creating ORM DAG for example_xcom_args_with_operators
[2024-09-24T21:03:28.715+0000] {logging_mixin.py:150} INFO - [2024-09-24T21:03:28.715+0000] {dag.py:3504} INFO - Setting next_dagrun for example_xcom_args to None, run_after=None
[2024-09-24T21:03:28.716+0000] {logging_mixin.py:150} INFO - [2024-09-24T21:03:28.716+0000] {dag.py:3504} INFO - Setting next_dagrun for example_xcom_args_with_operators to None, run_after=None
[2024-09-24T21:03:28.758+0000] {processor.py:179} INFO - Processing /home/vscode/.local/lib/python3.10/site-packages/airflow/example_dags/example_xcomargs.py took 0.560 seconds
[2024-09-24T21:04:24.315+0000] {processor.py:157} INFO - Started process (PID=5213) to work on /home/vscode/.local/lib/python3.10/site-packages/airflow/example_dags/example_xcomargs.py
[2024-09-24T21:04:24.315+0000] {processor.py:826} INFO - Processing file /home/vscode/.local/lib/python3.10/site-packages/airflow/example_dags/example_xcomargs.py for tasks to queue
[2024-09-24T21:04:24.316+0000] {logging_mixin.py:150} INFO - [2024-09-24T21:04:24.316+0000] {dagbag.py:541} INFO - Filling up the DagBag from /home/vscode/.local/lib/python3.10/site-packages/airflow/example_dags/example_xcomargs.py
[2024-09-24T21:04:24.323+0000] {processor.py:836} INFO - DAG(s) dict_keys(['example_xcom_args', 'example_xcom_args_with_operators']) retrieved from /home/vscode/.local/lib/python3.10/site-packages/airflow/example_dags/example_xcomargs.py
[2024-09-24T21:04:24.337+0000] {logging_mixin.py:150} INFO - [2024-09-24T21:04:24.337+0000] {dag.py:2742} INFO - Sync 2 DAGs
[2024-09-24T21:04:24.352+0000] {logging_mixin.py:150} INFO - [2024-09-24T21:04:24.352+0000] {dag.py:3504} INFO - Setting next_dagrun for example_xcom_args to None, run_after=None
[2024-09-24T21:04:24.355+0000] {logging_mixin.py:150} INFO - [2024-09-24T21:04:24.355+0000] {dag.py:3504} INFO - Setting next_dagrun for example_xcom_args_with_operators to None, run_after=None
[2024-09-24T21:04:24.394+0000] {processor.py:179} INFO - Processing /home/vscode/.local/lib/python3.10/site-packages/airflow/example_dags/example_xcomargs.py took 0.082 seconds
[2024-09-24T21:05:05.661+0000] {processor.py:157} INFO - Started process (PID=5603) to work on /home/vscode/.local/lib/python3.10/site-packages/airflow/example_dags/example_xcomargs.py
[2024-09-24T21:05:05.661+0000] {processor.py:826} INFO - Processing file /home/vscode/.local/lib/python3.10/site-packages/airflow/example_dags/example_xcomargs.py for tasks to queue
[2024-09-24T21:05:05.662+0000] {logging_mixin.py:150} INFO - [2024-09-24T21:05:05.662+0000] {dagbag.py:541} INFO - Filling up the DagBag from /home/vscode/.local/lib/python3.10/site-packages/airflow/example_dags/example_xcomargs.py
[2024-09-24T21:05:05.668+0000] {processor.py:836} INFO - DAG(s) dict_keys(['example_xcom_args', 'example_xcom_args_with_operators']) retrieved from /home/vscode/.local/lib/python3.10/site-packages/airflow/example_dags/example_xcomargs.py
[2024-09-24T21:05:05.681+0000] {logging_mixin.py:150} INFO - [2024-09-24T21:05:05.681+0000] {dag.py:2742} INFO - Sync 2 DAGs
[2024-09-24T21:05:05.695+0000] {logging_mixin.py:150} INFO - [2024-09-24T21:05:05.695+0000] {dag.py:3504} INFO - Setting next_dagrun for example_xcom_args to None, run_after=None
[2024-09-24T21:05:05.697+0000] {logging_mixin.py:150} INFO - [2024-09-24T21:05:05.697+0000] {dag.py:3504} INFO - Setting next_dagrun for example_xcom_args_with_operators to None, run_after=None
[2024-09-24T21:05:05.731+0000] {processor.py:179} INFO - Processing /home/vscode/.local/lib/python3.10/site-packages/airflow/example_dags/example_xcomargs.py took 0.072 seconds
[2024-09-24T21:05:50.150+0000] {processor.py:157} INFO - Started process (PID=6064) to work on /home/vscode/.local/lib/python3.10/site-packages/airflow/example_dags/example_xcomargs.py
[2024-09-24T21:05:50.151+0000] {processor.py:826} INFO - Processing file /home/vscode/.local/lib/python3.10/site-packages/airflow/example_dags/example_xcomargs.py for tasks to queue
[2024-09-24T21:05:50.151+0000] {logging_mixin.py:150} INFO - [2024-09-24T21:05:50.151+0000] {dagbag.py:541} INFO - Filling up the DagBag from /home/vscode/.local/lib/python3.10/site-packages/airflow/example_dags/example_xcomargs.py
[2024-09-24T21:05:50.158+0000] {processor.py:836} INFO - DAG(s) dict_keys(['example_xcom_args_with_operators', 'example_xcom_args']) retrieved from /home/vscode/.local/lib/python3.10/site-packages/airflow/example_dags/example_xcomargs.py
[2024-09-24T21:05:50.171+0000] {logging_mixin.py:150} INFO - [2024-09-24T21:05:50.171+0000] {dag.py:2742} INFO - Sync 2 DAGs
[2024-09-24T21:05:50.186+0000] {logging_mixin.py:150} INFO - [2024-09-24T21:05:50.185+0000] {dag.py:3504} INFO - Setting next_dagrun for example_xcom_args to None, run_after=None
[2024-09-24T21:05:50.187+0000] {logging_mixin.py:150} INFO - [2024-09-24T21:05:50.187+0000] {dag.py:3504} INFO - Setting next_dagrun for example_xcom_args_with_operators to None, run_after=None
[2024-09-24T21:05:50.224+0000] {processor.py:179} INFO - Processing /home/vscode/.local/lib/python3.10/site-packages/airflow/example_dags/example_xcomargs.py took 0.076 seconds
[2024-09-24T21:06:35.234+0000] {processor.py:157} INFO - Started process (PID=6578) to work on /home/vscode/.local/lib/python3.10/site-packages/airflow/example_dags/example_xcomargs.py
[2024-09-24T21:06:35.235+0000] {processor.py:826} INFO - Processing file /home/vscode/.local/lib/python3.10/site-packages/airflow/example_dags/example_xcomargs.py for tasks to queue
[2024-09-24T21:06:35.236+0000] {logging_mixin.py:150} INFO - [2024-09-24T21:06:35.235+0000] {dagbag.py:541} INFO - Filling up the DagBag from /home/vscode/.local/lib/python3.10/site-packages/airflow/example_dags/example_xcomargs.py
[2024-09-24T21:06:35.242+0000] {processor.py:836} INFO - DAG(s) dict_keys(['example_xcom_args_with_operators', 'example_xcom_args']) retrieved from /home/vscode/.local/lib/python3.10/site-packages/airflow/example_dags/example_xcomargs.py
[2024-09-24T21:06:35.256+0000] {logging_mixin.py:150} INFO - [2024-09-24T21:06:35.256+0000] {dag.py:2742} INFO - Sync 2 DAGs
[2024-09-24T21:06:35.271+0000] {logging_mixin.py:150} INFO - [2024-09-24T21:06:35.270+0000] {dag.py:3504} INFO - Setting next_dagrun for example_xcom_args to None, run_after=None
[2024-09-24T21:06:35.273+0000] {logging_mixin.py:150} INFO - [2024-09-24T21:06:35.272+0000] {dag.py:3504} INFO - Setting next_dagrun for example_xcom_args_with_operators to None, run_after=None
[2024-09-24T21:06:35.309+0000] {processor.py:179} INFO - Processing /home/vscode/.local/lib/python3.10/site-packages/airflow/example_dags/example_xcomargs.py took 0.077 seconds
[2024-09-24T21:07:17.719+0000] {processor.py:157} INFO - Started process (PID=6944) to work on /home/vscode/.local/lib/python3.10/site-packages/airflow/example_dags/example_xcomargs.py
[2024-09-24T21:07:17.719+0000] {processor.py:826} INFO - Processing file /home/vscode/.local/lib/python3.10/site-packages/airflow/example_dags/example_xcomargs.py for tasks to queue
[2024-09-24T21:07:17.720+0000] {logging_mixin.py:150} INFO - [2024-09-24T21:07:17.720+0000] {dagbag.py:541} INFO - Filling up the DagBag from /home/vscode/.local/lib/python3.10/site-packages/airflow/example_dags/example_xcomargs.py
[2024-09-24T21:07:17.726+0000] {processor.py:836} INFO - DAG(s) dict_keys(['example_xcom_args_with_operators', 'example_xcom_args']) retrieved from /home/vscode/.local/lib/python3.10/site-packages/airflow/example_dags/example_xcomargs.py
[2024-09-24T21:07:17.740+0000] {logging_mixin.py:150} INFO - [2024-09-24T21:07:17.740+0000] {dag.py:2742} INFO - Sync 2 DAGs
[2024-09-24T21:07:17.754+0000] {logging_mixin.py:150} INFO - [2024-09-24T21:07:17.754+0000] {dag.py:3504} INFO - Setting next_dagrun for example_xcom_args to None, run_after=None
[2024-09-24T21:07:17.757+0000] {logging_mixin.py:150} INFO - [2024-09-24T21:07:17.756+0000] {dag.py:3504} INFO - Setting next_dagrun for example_xcom_args_with_operators to None, run_after=None
[2024-09-24T21:07:17.795+0000] {processor.py:179} INFO - Processing /home/vscode/.local/lib/python3.10/site-packages/airflow/example_dags/example_xcomargs.py took 0.079 seconds
[2024-09-24T21:07:59.147+0000] {processor.py:157} INFO - Started process (PID=7317) to work on /home/vscode/.local/lib/python3.10/site-packages/airflow/example_dags/example_xcomargs.py
[2024-09-24T21:07:59.148+0000] {processor.py:826} INFO - Processing file /home/vscode/.local/lib/python3.10/site-packages/airflow/example_dags/example_xcomargs.py for tasks to queue
[2024-09-24T21:07:59.148+0000] {logging_mixin.py:150} INFO - [2024-09-24T21:07:59.148+0000] {dagbag.py:541} INFO - Filling up the DagBag from /home/vscode/.local/lib/python3.10/site-packages/airflow/example_dags/example_xcomargs.py
[2024-09-24T21:07:59.157+0000] {processor.py:836} INFO - DAG(s) dict_keys(['example_xcom_args', 'example_xcom_args_with_operators']) retrieved from /home/vscode/.local/lib/python3.10/site-packages/airflow/example_dags/example_xcomargs.py
[2024-09-24T21:07:59.172+0000] {logging_mixin.py:150} INFO - [2024-09-24T21:07:59.172+0000] {dag.py:2742} INFO - Sync 2 DAGs
[2024-09-24T21:07:59.186+0000] {logging_mixin.py:150} INFO - [2024-09-24T21:07:59.186+0000] {dag.py:3504} INFO - Setting next_dagrun for example_xcom_args to None, run_after=None
[2024-09-24T21:07:59.188+0000] {logging_mixin.py:150} INFO - [2024-09-24T21:07:59.188+0000] {dag.py:3504} INFO - Setting next_dagrun for example_xcom_args_with_operators to None, run_after=None
[2024-09-24T21:07:59.241+0000] {processor.py:179} INFO - Processing /home/vscode/.local/lib/python3.10/site-packages/airflow/example_dags/example_xcomargs.py took 0.096 seconds
