[2024-09-24T21:03:46.167+0000] {processor.py:157} INFO - Started process (PID=4948) to work on /home/vscode/.local/lib/python3.10/site-packages/airflow/example_dags/example_python_operator.py
[2024-09-24T21:03:46.167+0000] {processor.py:826} INFO - Processing file /home/vscode/.local/lib/python3.10/site-packages/airflow/example_dags/example_python_operator.py for tasks to queue
[2024-09-24T21:03:46.168+0000] {logging_mixin.py:150} INFO - [2024-09-24T21:03:46.168+0000] {dagbag.py:541} INFO - Filling up the DagBag from /home/vscode/.local/lib/python3.10/site-packages/airflow/example_dags/example_python_operator.py
[2024-09-24T21:03:46.176+0000] {processor.py:836} INFO - DAG(s) dict_keys(['example_python_operator']) retrieved from /home/vscode/.local/lib/python3.10/site-packages/airflow/example_dags/example_python_operator.py
[2024-09-24T21:03:46.379+0000] {logging_mixin.py:150} INFO - [2024-09-24T21:03:46.379+0000] {manager.py:504} INFO - Created Permission View: can delete on DAG:example_python_operator
[2024-09-24T21:03:46.409+0000] {logging_mixin.py:150} INFO - [2024-09-24T21:03:46.409+0000] {manager.py:504} INFO - Created Permission View: can read on DAG:example_python_operator
[2024-09-24T21:03:46.435+0000] {logging_mixin.py:150} INFO - [2024-09-24T21:03:46.434+0000] {manager.py:504} INFO - Created Permission View: can edit on DAG:example_python_operator
[2024-09-24T21:03:46.442+0000] {logging_mixin.py:150} INFO - [2024-09-24T21:03:46.442+0000] {dag.py:2742} INFO - Sync 1 DAGs
[2024-09-24T21:03:46.449+0000] {logging_mixin.py:150} INFO - [2024-09-24T21:03:46.448+0000] {dag.py:2763} INFO - Creating ORM DAG for example_python_operator
[2024-09-24T21:03:46.454+0000] {logging_mixin.py:150} INFO - [2024-09-24T21:03:46.454+0000] {dag.py:3504} INFO - Setting next_dagrun for example_python_operator to None, run_after=None
[2024-09-24T21:03:46.497+0000] {processor.py:179} INFO - Processing /home/vscode/.local/lib/python3.10/site-packages/airflow/example_dags/example_python_operator.py took 0.332 seconds
[2024-09-24T21:04:38.699+0000] {processor.py:157} INFO - Started process (PID=5313) to work on /home/vscode/.local/lib/python3.10/site-packages/airflow/example_dags/example_python_operator.py
[2024-09-24T21:04:38.700+0000] {processor.py:826} INFO - Processing file /home/vscode/.local/lib/python3.10/site-packages/airflow/example_dags/example_python_operator.py for tasks to queue
[2024-09-24T21:04:38.700+0000] {logging_mixin.py:150} INFO - [2024-09-24T21:04:38.700+0000] {dagbag.py:541} INFO - Filling up the DagBag from /home/vscode/.local/lib/python3.10/site-packages/airflow/example_dags/example_python_operator.py
[2024-09-24T21:04:38.709+0000] {processor.py:836} INFO - DAG(s) dict_keys(['example_python_operator']) retrieved from /home/vscode/.local/lib/python3.10/site-packages/airflow/example_dags/example_python_operator.py
[2024-09-24T21:04:38.723+0000] {logging_mixin.py:150} INFO - [2024-09-24T21:04:38.723+0000] {dag.py:2742} INFO - Sync 1 DAGs
[2024-09-24T21:04:38.738+0000] {logging_mixin.py:150} INFO - [2024-09-24T21:04:38.738+0000] {dag.py:3504} INFO - Setting next_dagrun for example_python_operator to None, run_after=None
[2024-09-24T21:04:38.772+0000] {processor.py:179} INFO - Processing /home/vscode/.local/lib/python3.10/site-packages/airflow/example_dags/example_python_operator.py took 0.075 seconds
[2024-09-24T21:05:24.117+0000] {processor.py:157} INFO - Started process (PID=5823) to work on /home/vscode/.local/lib/python3.10/site-packages/airflow/example_dags/example_python_operator.py
[2024-09-24T21:05:24.117+0000] {processor.py:826} INFO - Processing file /home/vscode/.local/lib/python3.10/site-packages/airflow/example_dags/example_python_operator.py for tasks to queue
[2024-09-24T21:05:24.118+0000] {logging_mixin.py:150} INFO - [2024-09-24T21:05:24.118+0000] {dagbag.py:541} INFO - Filling up the DagBag from /home/vscode/.local/lib/python3.10/site-packages/airflow/example_dags/example_python_operator.py
[2024-09-24T21:05:24.126+0000] {processor.py:836} INFO - DAG(s) dict_keys(['example_python_operator']) retrieved from /home/vscode/.local/lib/python3.10/site-packages/airflow/example_dags/example_python_operator.py
[2024-09-24T21:05:24.139+0000] {logging_mixin.py:150} INFO - [2024-09-24T21:05:24.139+0000] {dag.py:2742} INFO - Sync 1 DAGs
[2024-09-24T21:05:24.152+0000] {logging_mixin.py:150} INFO - [2024-09-24T21:05:24.152+0000] {dag.py:3504} INFO - Setting next_dagrun for example_python_operator to None, run_after=None
[2024-09-24T21:05:24.189+0000] {processor.py:179} INFO - Processing /home/vscode/.local/lib/python3.10/site-packages/airflow/example_dags/example_python_operator.py took 0.074 seconds
[2024-09-24T21:06:09.982+0000] {processor.py:157} INFO - Started process (PID=6270) to work on /home/vscode/.local/lib/python3.10/site-packages/airflow/example_dags/example_python_operator.py
[2024-09-24T21:06:09.983+0000] {processor.py:826} INFO - Processing file /home/vscode/.local/lib/python3.10/site-packages/airflow/example_dags/example_python_operator.py for tasks to queue
[2024-09-24T21:06:09.984+0000] {logging_mixin.py:150} INFO - [2024-09-24T21:06:09.983+0000] {dagbag.py:541} INFO - Filling up the DagBag from /home/vscode/.local/lib/python3.10/site-packages/airflow/example_dags/example_python_operator.py
[2024-09-24T21:06:09.992+0000] {processor.py:836} INFO - DAG(s) dict_keys(['example_python_operator']) retrieved from /home/vscode/.local/lib/python3.10/site-packages/airflow/example_dags/example_python_operator.py
[2024-09-24T21:06:10.006+0000] {logging_mixin.py:150} INFO - [2024-09-24T21:06:10.006+0000] {dag.py:2742} INFO - Sync 1 DAGs
[2024-09-24T21:06:10.020+0000] {logging_mixin.py:150} INFO - [2024-09-24T21:06:10.020+0000] {dag.py:3504} INFO - Setting next_dagrun for example_python_operator to None, run_after=None
[2024-09-24T21:06:10.069+0000] {processor.py:179} INFO - Processing /home/vscode/.local/lib/python3.10/site-packages/airflow/example_dags/example_python_operator.py took 0.089 seconds
[2024-09-24T21:06:53.112+0000] {processor.py:157} INFO - Started process (PID=6729) to work on /home/vscode/.local/lib/python3.10/site-packages/airflow/example_dags/example_python_operator.py
[2024-09-24T21:06:53.113+0000] {processor.py:826} INFO - Processing file /home/vscode/.local/lib/python3.10/site-packages/airflow/example_dags/example_python_operator.py for tasks to queue
[2024-09-24T21:06:53.113+0000] {logging_mixin.py:150} INFO - [2024-09-24T21:06:53.113+0000] {dagbag.py:541} INFO - Filling up the DagBag from /home/vscode/.local/lib/python3.10/site-packages/airflow/example_dags/example_python_operator.py
[2024-09-24T21:06:53.121+0000] {processor.py:836} INFO - DAG(s) dict_keys(['example_python_operator']) retrieved from /home/vscode/.local/lib/python3.10/site-packages/airflow/example_dags/example_python_operator.py
[2024-09-24T21:06:53.134+0000] {logging_mixin.py:150} INFO - [2024-09-24T21:06:53.134+0000] {dag.py:2742} INFO - Sync 1 DAGs
[2024-09-24T21:06:53.148+0000] {logging_mixin.py:150} INFO - [2024-09-24T21:06:53.148+0000] {dag.py:3504} INFO - Setting next_dagrun for example_python_operator to None, run_after=None
[2024-09-24T21:06:53.181+0000] {processor.py:179} INFO - Processing /home/vscode/.local/lib/python3.10/site-packages/airflow/example_dags/example_python_operator.py took 0.071 seconds
[2024-09-24T21:07:34.387+0000] {processor.py:157} INFO - Started process (PID=7087) to work on /home/vscode/.local/lib/python3.10/site-packages/airflow/example_dags/example_python_operator.py
[2024-09-24T21:07:34.387+0000] {processor.py:826} INFO - Processing file /home/vscode/.local/lib/python3.10/site-packages/airflow/example_dags/example_python_operator.py for tasks to queue
[2024-09-24T21:07:34.388+0000] {logging_mixin.py:150} INFO - [2024-09-24T21:07:34.388+0000] {dagbag.py:541} INFO - Filling up the DagBag from /home/vscode/.local/lib/python3.10/site-packages/airflow/example_dags/example_python_operator.py
[2024-09-24T21:07:34.396+0000] {processor.py:836} INFO - DAG(s) dict_keys(['example_python_operator']) retrieved from /home/vscode/.local/lib/python3.10/site-packages/airflow/example_dags/example_python_operator.py
[2024-09-24T21:07:34.416+0000] {logging_mixin.py:150} INFO - [2024-09-24T21:07:34.415+0000] {dag.py:2742} INFO - Sync 1 DAGs
[2024-09-24T21:07:34.438+0000] {logging_mixin.py:150} INFO - [2024-09-24T21:07:34.438+0000] {dag.py:3504} INFO - Setting next_dagrun for example_python_operator to None, run_after=None
[2024-09-24T21:07:34.482+0000] {processor.py:179} INFO - Processing /home/vscode/.local/lib/python3.10/site-packages/airflow/example_dags/example_python_operator.py took 0.097 seconds
