[2024-09-24T21:03:54.309+0000] {processor.py:157} INFO - Started process (PID=4999) to work on /home/vscode/.local/lib/python3.10/site-packages/airflow/example_dags/example_latest_only_with_trigger.py
[2024-09-24T21:03:54.310+0000] {processor.py:826} INFO - Processing file /home/vscode/.local/lib/python3.10/site-packages/airflow/example_dags/example_latest_only_with_trigger.py for tasks to queue
[2024-09-24T21:03:54.310+0000] {logging_mixin.py:150} INFO - [2024-09-24T21:03:54.310+0000] {dagbag.py:541} INFO - Filling up the DagBag from /home/vscode/.local/lib/python3.10/site-packages/airflow/example_dags/example_latest_only_with_trigger.py
[2024-09-24T21:03:54.315+0000] {processor.py:836} INFO - DAG(s) dict_keys(['latest_only_with_trigger']) retrieved from /home/vscode/.local/lib/python3.10/site-packages/airflow/example_dags/example_latest_only_with_trigger.py
[2024-09-24T21:03:54.530+0000] {logging_mixin.py:150} INFO - [2024-09-24T21:03:54.530+0000] {manager.py:504} INFO - Created Permission View: can delete on DAG:latest_only_with_trigger
[2024-09-24T21:03:54.565+0000] {logging_mixin.py:150} INFO - [2024-09-24T21:03:54.565+0000] {manager.py:504} INFO - Created Permission View: can read on DAG:latest_only_with_trigger
[2024-09-24T21:03:54.591+0000] {logging_mixin.py:150} INFO - [2024-09-24T21:03:54.591+0000] {manager.py:504} INFO - Created Permission View: can edit on DAG:latest_only_with_trigger
[2024-09-24T21:03:54.599+0000] {logging_mixin.py:150} INFO - [2024-09-24T21:03:54.599+0000] {dag.py:2742} INFO - Sync 1 DAGs
[2024-09-24T21:03:54.606+0000] {logging_mixin.py:150} INFO - [2024-09-24T21:03:54.606+0000] {dag.py:2763} INFO - Creating ORM DAG for latest_only_with_trigger
[2024-09-24T21:03:54.612+0000] {logging_mixin.py:150} INFO - [2024-09-24T21:03:54.611+0000] {dag.py:3504} INFO - Setting next_dagrun for latest_only_with_trigger to 2024-09-24T17:03:54.611839+00:00, run_after=2024-09-24T21:03:54.611839+00:00
[2024-09-24T21:03:54.673+0000] {processor.py:179} INFO - Processing /home/vscode/.local/lib/python3.10/site-packages/airflow/example_dags/example_latest_only_with_trigger.py took 0.366 seconds
[2024-09-24T21:04:46.232+0000] {processor.py:157} INFO - Started process (PID=5384) to work on /home/vscode/.local/lib/python3.10/site-packages/airflow/example_dags/example_latest_only_with_trigger.py
[2024-09-24T21:04:46.232+0000] {processor.py:826} INFO - Processing file /home/vscode/.local/lib/python3.10/site-packages/airflow/example_dags/example_latest_only_with_trigger.py for tasks to queue
[2024-09-24T21:04:46.233+0000] {logging_mixin.py:150} INFO - [2024-09-24T21:04:46.233+0000] {dagbag.py:541} INFO - Filling up the DagBag from /home/vscode/.local/lib/python3.10/site-packages/airflow/example_dags/example_latest_only_with_trigger.py
[2024-09-24T21:04:46.238+0000] {processor.py:836} INFO - DAG(s) dict_keys(['latest_only_with_trigger']) retrieved from /home/vscode/.local/lib/python3.10/site-packages/airflow/example_dags/example_latest_only_with_trigger.py
[2024-09-24T21:04:46.249+0000] {logging_mixin.py:150} INFO - [2024-09-24T21:04:46.249+0000] {dag.py:2742} INFO - Sync 1 DAGs
[2024-09-24T21:04:46.263+0000] {logging_mixin.py:150} INFO - [2024-09-24T21:04:46.263+0000] {dag.py:3504} INFO - Setting next_dagrun for latest_only_with_trigger to 2024-09-24T17:04:46.263147+00:00, run_after=2024-09-24T21:04:46.263147+00:00
[2024-09-24T21:04:46.304+0000] {processor.py:179} INFO - Processing /home/vscode/.local/lib/python3.10/site-packages/airflow/example_dags/example_latest_only_with_trigger.py took 0.074 seconds
[2024-09-24T21:05:33.301+0000] {processor.py:157} INFO - Started process (PID=5892) to work on /home/vscode/.local/lib/python3.10/site-packages/airflow/example_dags/example_latest_only_with_trigger.py
[2024-09-24T21:05:33.301+0000] {processor.py:826} INFO - Processing file /home/vscode/.local/lib/python3.10/site-packages/airflow/example_dags/example_latest_only_with_trigger.py for tasks to queue
[2024-09-24T21:05:33.302+0000] {logging_mixin.py:150} INFO - [2024-09-24T21:05:33.302+0000] {dagbag.py:541} INFO - Filling up the DagBag from /home/vscode/.local/lib/python3.10/site-packages/airflow/example_dags/example_latest_only_with_trigger.py
[2024-09-24T21:05:33.307+0000] {processor.py:836} INFO - DAG(s) dict_keys(['latest_only_with_trigger']) retrieved from /home/vscode/.local/lib/python3.10/site-packages/airflow/example_dags/example_latest_only_with_trigger.py
[2024-09-24T21:05:33.318+0000] {logging_mixin.py:150} INFO - [2024-09-24T21:05:33.318+0000] {dag.py:2742} INFO - Sync 1 DAGs
[2024-09-24T21:05:33.332+0000] {logging_mixin.py:150} INFO - [2024-09-24T21:05:33.332+0000] {dag.py:3504} INFO - Setting next_dagrun for latest_only_with_trigger to 2024-09-24T17:05:33.332280+00:00, run_after=2024-09-24T21:05:33.332280+00:00
[2024-09-24T21:05:33.384+0000] {processor.py:179} INFO - Processing /home/vscode/.local/lib/python3.10/site-packages/airflow/example_dags/example_latest_only_with_trigger.py took 0.085 seconds
[2024-09-24T21:06:18.477+0000] {processor.py:157} INFO - Started process (PID=6386) to work on /home/vscode/.local/lib/python3.10/site-packages/airflow/example_dags/example_latest_only_with_trigger.py
[2024-09-24T21:06:18.478+0000] {processor.py:826} INFO - Processing file /home/vscode/.local/lib/python3.10/site-packages/airflow/example_dags/example_latest_only_with_trigger.py for tasks to queue
[2024-09-24T21:06:18.478+0000] {logging_mixin.py:150} INFO - [2024-09-24T21:06:18.478+0000] {dagbag.py:541} INFO - Filling up the DagBag from /home/vscode/.local/lib/python3.10/site-packages/airflow/example_dags/example_latest_only_with_trigger.py
[2024-09-24T21:06:18.483+0000] {processor.py:836} INFO - DAG(s) dict_keys(['latest_only_with_trigger']) retrieved from /home/vscode/.local/lib/python3.10/site-packages/airflow/example_dags/example_latest_only_with_trigger.py
[2024-09-24T21:06:18.495+0000] {logging_mixin.py:150} INFO - [2024-09-24T21:06:18.495+0000] {dag.py:2742} INFO - Sync 1 DAGs
[2024-09-24T21:06:18.513+0000] {logging_mixin.py:150} INFO - [2024-09-24T21:06:18.513+0000] {dag.py:3504} INFO - Setting next_dagrun for latest_only_with_trigger to 2024-09-24T17:06:18.512755+00:00, run_after=2024-09-24T21:06:18.512755+00:00
[2024-09-24T21:06:18.560+0000] {processor.py:179} INFO - Processing /home/vscode/.local/lib/python3.10/site-packages/airflow/example_dags/example_latest_only_with_trigger.py took 0.085 seconds
[2024-09-24T21:07:02.291+0000] {processor.py:157} INFO - Started process (PID=6824) to work on /home/vscode/.local/lib/python3.10/site-packages/airflow/example_dags/example_latest_only_with_trigger.py
[2024-09-24T21:07:02.292+0000] {processor.py:826} INFO - Processing file /home/vscode/.local/lib/python3.10/site-packages/airflow/example_dags/example_latest_only_with_trigger.py for tasks to queue
[2024-09-24T21:07:02.293+0000] {logging_mixin.py:150} INFO - [2024-09-24T21:07:02.293+0000] {dagbag.py:541} INFO - Filling up the DagBag from /home/vscode/.local/lib/python3.10/site-packages/airflow/example_dags/example_latest_only_with_trigger.py
[2024-09-24T21:07:02.300+0000] {processor.py:836} INFO - DAG(s) dict_keys(['latest_only_with_trigger']) retrieved from /home/vscode/.local/lib/python3.10/site-packages/airflow/example_dags/example_latest_only_with_trigger.py
[2024-09-24T21:07:02.319+0000] {logging_mixin.py:150} INFO - [2024-09-24T21:07:02.318+0000] {dag.py:2742} INFO - Sync 1 DAGs
[2024-09-24T21:07:02.336+0000] {logging_mixin.py:150} INFO - [2024-09-24T21:07:02.336+0000] {dag.py:3504} INFO - Setting next_dagrun for latest_only_with_trigger to 2024-09-24T17:07:02.336621+00:00, run_after=2024-09-24T21:07:02.336621+00:00
[2024-09-24T21:07:02.374+0000] {processor.py:179} INFO - Processing /home/vscode/.local/lib/python3.10/site-packages/airflow/example_dags/example_latest_only_with_trigger.py took 0.085 seconds
[2024-09-24T21:07:47.269+0000] {processor.py:157} INFO - Started process (PID=7214) to work on /home/vscode/.local/lib/python3.10/site-packages/airflow/example_dags/example_latest_only_with_trigger.py
[2024-09-24T21:07:47.269+0000] {processor.py:826} INFO - Processing file /home/vscode/.local/lib/python3.10/site-packages/airflow/example_dags/example_latest_only_with_trigger.py for tasks to queue
[2024-09-24T21:07:47.270+0000] {logging_mixin.py:150} INFO - [2024-09-24T21:07:47.270+0000] {dagbag.py:541} INFO - Filling up the DagBag from /home/vscode/.local/lib/python3.10/site-packages/airflow/example_dags/example_latest_only_with_trigger.py
[2024-09-24T21:07:47.275+0000] {processor.py:836} INFO - DAG(s) dict_keys(['latest_only_with_trigger']) retrieved from /home/vscode/.local/lib/python3.10/site-packages/airflow/example_dags/example_latest_only_with_trigger.py
[2024-09-24T21:07:47.286+0000] {logging_mixin.py:150} INFO - [2024-09-24T21:07:47.286+0000] {dag.py:2742} INFO - Sync 1 DAGs
[2024-09-24T21:07:47.301+0000] {logging_mixin.py:150} INFO - [2024-09-24T21:07:47.300+0000] {dag.py:3504} INFO - Setting next_dagrun for latest_only_with_trigger to 2024-09-24T17:07:47.300722+00:00, run_after=2024-09-24T21:07:47.300722+00:00
[2024-09-24T21:07:47.342+0000] {processor.py:179} INFO - Processing /home/vscode/.local/lib/python3.10/site-packages/airflow/example_dags/example_latest_only_with_trigger.py took 0.076 seconds
