[2024-09-24T21:03:33.204+0000] {processor.py:157} INFO - Started process (PID=4852) to work on /home/vscode/.local/lib/python3.10/site-packages/airflow/example_dags/example_trigger_controller_dag.py
[2024-09-24T21:03:33.205+0000] {processor.py:826} INFO - Processing file /home/vscode/.local/lib/python3.10/site-packages/airflow/example_dags/example_trigger_controller_dag.py for tasks to queue
[2024-09-24T21:03:33.205+0000] {logging_mixin.py:150} INFO - [2024-09-24T21:03:33.205+0000] {dagbag.py:541} INFO - Filling up the DagBag from /home/vscode/.local/lib/python3.10/site-packages/airflow/example_dags/example_trigger_controller_dag.py
[2024-09-24T21:03:33.210+0000] {processor.py:836} INFO - DAG(s) dict_keys(['example_trigger_controller_dag']) retrieved from /home/vscode/.local/lib/python3.10/site-packages/airflow/example_dags/example_trigger_controller_dag.py
[2024-09-24T21:03:33.437+0000] {logging_mixin.py:150} INFO - [2024-09-24T21:03:33.437+0000] {manager.py:504} INFO - Created Permission View: can delete on DAG:example_trigger_controller_dag
[2024-09-24T21:03:33.471+0000] {logging_mixin.py:150} INFO - [2024-09-24T21:03:33.471+0000] {manager.py:504} INFO - Created Permission View: can read on DAG:example_trigger_controller_dag
[2024-09-24T21:03:33.498+0000] {logging_mixin.py:150} INFO - [2024-09-24T21:03:33.498+0000] {manager.py:504} INFO - Created Permission View: can edit on DAG:example_trigger_controller_dag
[2024-09-24T21:03:33.507+0000] {logging_mixin.py:150} INFO - [2024-09-24T21:03:33.507+0000] {dag.py:2742} INFO - Sync 1 DAGs
[2024-09-24T21:03:33.514+0000] {logging_mixin.py:150} INFO - [2024-09-24T21:03:33.514+0000] {dag.py:2763} INFO - Creating ORM DAG for example_trigger_controller_dag
[2024-09-24T21:03:33.520+0000] {logging_mixin.py:150} INFO - [2024-09-24T21:03:33.520+0000] {dag.py:3504} INFO - Setting next_dagrun for example_trigger_controller_dag to 2021-01-01T00:00:00+00:00, run_after=2021-01-01T00:00:00+00:00
[2024-09-24T21:03:33.579+0000] {processor.py:179} INFO - Processing /home/vscode/.local/lib/python3.10/site-packages/airflow/example_dags/example_trigger_controller_dag.py took 0.377 seconds
[2024-09-24T21:04:27.177+0000] {processor.py:157} INFO - Started process (PID=5237) to work on /home/vscode/.local/lib/python3.10/site-packages/airflow/example_dags/example_trigger_controller_dag.py
[2024-09-24T21:04:27.178+0000] {processor.py:826} INFO - Processing file /home/vscode/.local/lib/python3.10/site-packages/airflow/example_dags/example_trigger_controller_dag.py for tasks to queue
[2024-09-24T21:04:27.178+0000] {logging_mixin.py:150} INFO - [2024-09-24T21:04:27.178+0000] {dagbag.py:541} INFO - Filling up the DagBag from /home/vscode/.local/lib/python3.10/site-packages/airflow/example_dags/example_trigger_controller_dag.py
[2024-09-24T21:04:27.181+0000] {processor.py:836} INFO - DAG(s) dict_keys(['example_trigger_controller_dag']) retrieved from /home/vscode/.local/lib/python3.10/site-packages/airflow/example_dags/example_trigger_controller_dag.py
[2024-09-24T21:04:27.193+0000] {logging_mixin.py:150} INFO - [2024-09-24T21:04:27.193+0000] {dag.py:2742} INFO - Sync 1 DAGs
[2024-09-24T21:04:27.207+0000] {logging_mixin.py:150} INFO - [2024-09-24T21:04:27.207+0000] {dag.py:3504} INFO - Setting next_dagrun for example_trigger_controller_dag to 2021-01-01T00:00:00+00:00, run_after=2021-01-01T00:00:00+00:00
[2024-09-24T21:04:27.247+0000] {processor.py:179} INFO - Processing /home/vscode/.local/lib/python3.10/site-packages/airflow/example_dags/example_trigger_controller_dag.py took 0.072 seconds
[2024-09-24T21:05:08.525+0000] {processor.py:157} INFO - Started process (PID=5635) to work on /home/vscode/.local/lib/python3.10/site-packages/airflow/example_dags/example_trigger_controller_dag.py
[2024-09-24T21:05:08.526+0000] {processor.py:826} INFO - Processing file /home/vscode/.local/lib/python3.10/site-packages/airflow/example_dags/example_trigger_controller_dag.py for tasks to queue
[2024-09-24T21:05:08.526+0000] {logging_mixin.py:150} INFO - [2024-09-24T21:05:08.526+0000] {dagbag.py:541} INFO - Filling up the DagBag from /home/vscode/.local/lib/python3.10/site-packages/airflow/example_dags/example_trigger_controller_dag.py
[2024-09-24T21:05:08.530+0000] {processor.py:836} INFO - DAG(s) dict_keys(['example_trigger_controller_dag']) retrieved from /home/vscode/.local/lib/python3.10/site-packages/airflow/example_dags/example_trigger_controller_dag.py
[2024-09-24T21:05:08.542+0000] {logging_mixin.py:150} INFO - [2024-09-24T21:05:08.542+0000] {dag.py:2742} INFO - Sync 1 DAGs
[2024-09-24T21:05:08.557+0000] {logging_mixin.py:150} INFO - [2024-09-24T21:05:08.557+0000] {dag.py:3504} INFO - Setting next_dagrun for example_trigger_controller_dag to 2021-01-01T00:00:00+00:00, run_after=2021-01-01T00:00:00+00:00
[2024-09-24T21:05:08.597+0000] {processor.py:179} INFO - Processing /home/vscode/.local/lib/python3.10/site-packages/airflow/example_dags/example_trigger_controller_dag.py took 0.074 seconds
[2024-09-24T21:05:53.553+0000] {processor.py:157} INFO - Started process (PID=6100) to work on /home/vscode/.local/lib/python3.10/site-packages/airflow/example_dags/example_trigger_controller_dag.py
[2024-09-24T21:05:53.553+0000] {processor.py:826} INFO - Processing file /home/vscode/.local/lib/python3.10/site-packages/airflow/example_dags/example_trigger_controller_dag.py for tasks to queue
[2024-09-24T21:05:53.554+0000] {logging_mixin.py:150} INFO - [2024-09-24T21:05:53.554+0000] {dagbag.py:541} INFO - Filling up the DagBag from /home/vscode/.local/lib/python3.10/site-packages/airflow/example_dags/example_trigger_controller_dag.py
[2024-09-24T21:05:53.558+0000] {processor.py:836} INFO - DAG(s) dict_keys(['example_trigger_controller_dag']) retrieved from /home/vscode/.local/lib/python3.10/site-packages/airflow/example_dags/example_trigger_controller_dag.py
[2024-09-24T21:05:53.569+0000] {logging_mixin.py:150} INFO - [2024-09-24T21:05:53.569+0000] {dag.py:2742} INFO - Sync 1 DAGs
[2024-09-24T21:05:53.588+0000] {logging_mixin.py:150} INFO - [2024-09-24T21:05:53.587+0000] {dag.py:3504} INFO - Setting next_dagrun for example_trigger_controller_dag to 2021-01-01T00:00:00+00:00, run_after=2021-01-01T00:00:00+00:00
[2024-09-24T21:05:53.641+0000] {processor.py:179} INFO - Processing /home/vscode/.local/lib/python3.10/site-packages/airflow/example_dags/example_trigger_controller_dag.py took 0.090 seconds
[2024-09-24T21:06:37.620+0000] {processor.py:157} INFO - Started process (PID=6595) to work on /home/vscode/.local/lib/python3.10/site-packages/airflow/example_dags/example_trigger_controller_dag.py
[2024-09-24T21:06:37.620+0000] {processor.py:826} INFO - Processing file /home/vscode/.local/lib/python3.10/site-packages/airflow/example_dags/example_trigger_controller_dag.py for tasks to queue
[2024-09-24T21:06:37.621+0000] {logging_mixin.py:150} INFO - [2024-09-24T21:06:37.621+0000] {dagbag.py:541} INFO - Filling up the DagBag from /home/vscode/.local/lib/python3.10/site-packages/airflow/example_dags/example_trigger_controller_dag.py
[2024-09-24T21:06:37.625+0000] {processor.py:836} INFO - DAG(s) dict_keys(['example_trigger_controller_dag']) retrieved from /home/vscode/.local/lib/python3.10/site-packages/airflow/example_dags/example_trigger_controller_dag.py
[2024-09-24T21:06:37.636+0000] {logging_mixin.py:150} INFO - [2024-09-24T21:06:37.636+0000] {dag.py:2742} INFO - Sync 1 DAGs
[2024-09-24T21:06:37.650+0000] {logging_mixin.py:150} INFO - [2024-09-24T21:06:37.650+0000] {dag.py:3504} INFO - Setting next_dagrun for example_trigger_controller_dag to 2021-01-01T00:00:00+00:00, run_after=2021-01-01T00:00:00+00:00
[2024-09-24T21:06:37.687+0000] {processor.py:179} INFO - Processing /home/vscode/.local/lib/python3.10/site-packages/airflow/example_dags/example_trigger_controller_dag.py took 0.069 seconds
[2024-09-24T21:07:19.706+0000] {processor.py:157} INFO - Started process (PID=6961) to work on /home/vscode/.local/lib/python3.10/site-packages/airflow/example_dags/example_trigger_controller_dag.py
[2024-09-24T21:07:19.707+0000] {processor.py:826} INFO - Processing file /home/vscode/.local/lib/python3.10/site-packages/airflow/example_dags/example_trigger_controller_dag.py for tasks to queue
[2024-09-24T21:07:19.707+0000] {logging_mixin.py:150} INFO - [2024-09-24T21:07:19.707+0000] {dagbag.py:541} INFO - Filling up the DagBag from /home/vscode/.local/lib/python3.10/site-packages/airflow/example_dags/example_trigger_controller_dag.py
[2024-09-24T21:07:19.711+0000] {processor.py:836} INFO - DAG(s) dict_keys(['example_trigger_controller_dag']) retrieved from /home/vscode/.local/lib/python3.10/site-packages/airflow/example_dags/example_trigger_controller_dag.py
[2024-09-24T21:07:19.722+0000] {logging_mixin.py:150} INFO - [2024-09-24T21:07:19.722+0000] {dag.py:2742} INFO - Sync 1 DAGs
[2024-09-24T21:07:19.736+0000] {logging_mixin.py:150} INFO - [2024-09-24T21:07:19.736+0000] {dag.py:3504} INFO - Setting next_dagrun for example_trigger_controller_dag to 2021-01-01T00:00:00+00:00, run_after=2021-01-01T00:00:00+00:00
[2024-09-24T21:07:19.778+0000] {processor.py:179} INFO - Processing /home/vscode/.local/lib/python3.10/site-packages/airflow/example_dags/example_trigger_controller_dag.py took 0.074 seconds
