[2024-09-24T21:03:40.986+0000] {processor.py:157} INFO - Started process (PID=4909) to work on /home/vscode/.local/lib/python3.10/site-packages/airflow/example_dags/example_subdag_operator.py
[2024-09-24T21:03:40.987+0000] {processor.py:826} INFO - Processing file /home/vscode/.local/lib/python3.10/site-packages/airflow/example_dags/example_subdag_operator.py for tasks to queue
[2024-09-24T21:03:40.987+0000] {logging_mixin.py:150} INFO - [2024-09-24T21:03:40.987+0000] {dagbag.py:541} INFO - Filling up the DagBag from /home/vscode/.local/lib/python3.10/site-packages/airflow/example_dags/example_subdag_operator.py
[2024-09-24T21:03:41.004+0000] {processor.py:836} INFO - DAG(s) dict_keys(['example_subdag_operator.section-1', 'example_subdag_operator.section-2', 'example_subdag_operator']) retrieved from /home/vscode/.local/lib/python3.10/site-packages/airflow/example_dags/example_subdag_operator.py
[2024-09-24T21:03:41.249+0000] {logging_mixin.py:150} INFO - [2024-09-24T21:03:41.249+0000] {manager.py:504} INFO - Created Permission View: can delete on DAG:example_subdag_operator
[2024-09-24T21:03:41.281+0000] {logging_mixin.py:150} INFO - [2024-09-24T21:03:41.281+0000] {manager.py:504} INFO - Created Permission View: can read on DAG:example_subdag_operator
[2024-09-24T21:03:41.311+0000] {logging_mixin.py:150} INFO - [2024-09-24T21:03:41.311+0000] {manager.py:504} INFO - Created Permission View: can edit on DAG:example_subdag_operator
[2024-09-24T21:03:41.320+0000] {logging_mixin.py:150} INFO - [2024-09-24T21:03:41.320+0000] {dag.py:2742} INFO - Sync 3 DAGs
[2024-09-24T21:03:41.326+0000] {logging_mixin.py:150} INFO - [2024-09-24T21:03:41.326+0000] {dag.py:2763} INFO - Creating ORM DAG for example_subdag_operator.section-2
[2024-09-24T21:03:41.326+0000] {logging_mixin.py:150} INFO - [2024-09-24T21:03:41.326+0000] {dag.py:2763} INFO - Creating ORM DAG for example_subdag_operator.section-1
[2024-09-24T21:03:41.327+0000] {logging_mixin.py:150} INFO - [2024-09-24T21:03:41.327+0000] {dag.py:2763} INFO - Creating ORM DAG for example_subdag_operator
[2024-09-24T21:03:41.332+0000] {logging_mixin.py:150} INFO - [2024-09-24T21:03:41.332+0000] {dag.py:3504} INFO - Setting next_dagrun for example_subdag_operator to 2022-01-01T00:00:00+00:00, run_after=2022-01-01T00:00:00+00:00
[2024-09-24T21:03:41.333+0000] {logging_mixin.py:150} INFO - [2024-09-24T21:03:41.333+0000] {dag.py:3504} INFO - Setting next_dagrun for example_subdag_operator.section-1 to None, run_after=None
[2024-09-24T21:03:41.333+0000] {logging_mixin.py:150} INFO - [2024-09-24T21:03:41.333+0000] {dag.py:3504} INFO - Setting next_dagrun for example_subdag_operator.section-2 to None, run_after=None
[2024-09-24T21:03:41.338+0000] {logging_mixin.py:150} INFO - [2024-09-24T21:03:41.337+0000] {dag.py:2742} INFO - Sync 2 DAGs
[2024-09-24T21:03:41.340+0000] {logging_mixin.py:150} INFO - [2024-09-24T21:03:41.340+0000] {dag.py:3504} INFO - Setting next_dagrun for example_subdag_operator.section-1 to None, run_after=None
[2024-09-24T21:03:41.342+0000] {logging_mixin.py:150} INFO - [2024-09-24T21:03:41.342+0000] {dag.py:3504} INFO - Setting next_dagrun for example_subdag_operator.section-2 to None, run_after=None
[2024-09-24T21:03:41.374+0000] {processor.py:179} INFO - Processing /home/vscode/.local/lib/python3.10/site-packages/airflow/example_dags/example_subdag_operator.py took 0.391 seconds
[2024-09-24T21:04:34.283+0000] {processor.py:157} INFO - Started process (PID=5281) to work on /home/vscode/.local/lib/python3.10/site-packages/airflow/example_dags/example_subdag_operator.py
[2024-09-24T21:04:34.284+0000] {processor.py:826} INFO - Processing file /home/vscode/.local/lib/python3.10/site-packages/airflow/example_dags/example_subdag_operator.py for tasks to queue
[2024-09-24T21:04:34.285+0000] {logging_mixin.py:150} INFO - [2024-09-24T21:04:34.284+0000] {dagbag.py:541} INFO - Filling up the DagBag from /home/vscode/.local/lib/python3.10/site-packages/airflow/example_dags/example_subdag_operator.py
[2024-09-24T21:04:34.300+0000] {processor.py:836} INFO - DAG(s) dict_keys(['example_subdag_operator.section-1', 'example_subdag_operator.section-2', 'example_subdag_operator']) retrieved from /home/vscode/.local/lib/python3.10/site-packages/airflow/example_dags/example_subdag_operator.py
[2024-09-24T21:04:34.312+0000] {logging_mixin.py:150} INFO - [2024-09-24T21:04:34.312+0000] {dag.py:2742} INFO - Sync 3 DAGs
[2024-09-24T21:04:34.332+0000] {logging_mixin.py:150} INFO - [2024-09-24T21:04:34.332+0000] {dag.py:3504} INFO - Setting next_dagrun for example_subdag_operator to 2022-01-01T00:00:00+00:00, run_after=2022-01-01T00:00:00+00:00
[2024-09-24T21:04:34.335+0000] {logging_mixin.py:150} INFO - [2024-09-24T21:04:34.334+0000] {dag.py:3504} INFO - Setting next_dagrun for example_subdag_operator.section-1 to None, run_after=None
[2024-09-24T21:04:34.335+0000] {logging_mixin.py:150} INFO - [2024-09-24T21:04:34.335+0000] {dag.py:3504} INFO - Setting next_dagrun for example_subdag_operator.section-2 to None, run_after=None
[2024-09-24T21:04:34.340+0000] {logging_mixin.py:150} INFO - [2024-09-24T21:04:34.340+0000] {dag.py:2742} INFO - Sync 2 DAGs
[2024-09-24T21:04:34.343+0000] {logging_mixin.py:150} INFO - [2024-09-24T21:04:34.343+0000] {dag.py:3504} INFO - Setting next_dagrun for example_subdag_operator.section-1 to None, run_after=None
[2024-09-24T21:04:34.343+0000] {logging_mixin.py:150} INFO - [2024-09-24T21:04:34.343+0000] {dag.py:3504} INFO - Setting next_dagrun for example_subdag_operator.section-2 to None, run_after=None
[2024-09-24T21:04:34.380+0000] {processor.py:179} INFO - Processing /home/vscode/.local/lib/python3.10/site-packages/airflow/example_dags/example_subdag_operator.py took 0.099 seconds
[2024-09-24T21:05:19.661+0000] {processor.py:157} INFO - Started process (PID=5751) to work on /home/vscode/.local/lib/python3.10/site-packages/airflow/example_dags/example_subdag_operator.py
[2024-09-24T21:05:19.662+0000] {processor.py:826} INFO - Processing file /home/vscode/.local/lib/python3.10/site-packages/airflow/example_dags/example_subdag_operator.py for tasks to queue
[2024-09-24T21:05:19.662+0000] {logging_mixin.py:150} INFO - [2024-09-24T21:05:19.662+0000] {dagbag.py:541} INFO - Filling up the DagBag from /home/vscode/.local/lib/python3.10/site-packages/airflow/example_dags/example_subdag_operator.py
[2024-09-24T21:05:19.677+0000] {processor.py:836} INFO - DAG(s) dict_keys(['example_subdag_operator.section-1', 'example_subdag_operator.section-2', 'example_subdag_operator']) retrieved from /home/vscode/.local/lib/python3.10/site-packages/airflow/example_dags/example_subdag_operator.py
[2024-09-24T21:05:19.688+0000] {logging_mixin.py:150} INFO - [2024-09-24T21:05:19.688+0000] {dag.py:2742} INFO - Sync 3 DAGs
[2024-09-24T21:05:19.701+0000] {logging_mixin.py:150} INFO - [2024-09-24T21:05:19.701+0000] {dag.py:3504} INFO - Setting next_dagrun for example_subdag_operator to 2022-01-01T00:00:00+00:00, run_after=2022-01-01T00:00:00+00:00
[2024-09-24T21:05:19.703+0000] {logging_mixin.py:150} INFO - [2024-09-24T21:05:19.703+0000] {dag.py:3504} INFO - Setting next_dagrun for example_subdag_operator.section-1 to None, run_after=None
[2024-09-24T21:05:19.704+0000] {logging_mixin.py:150} INFO - [2024-09-24T21:05:19.704+0000] {dag.py:3504} INFO - Setting next_dagrun for example_subdag_operator.section-2 to None, run_after=None
[2024-09-24T21:05:19.708+0000] {logging_mixin.py:150} INFO - [2024-09-24T21:05:19.708+0000] {dag.py:2742} INFO - Sync 2 DAGs
[2024-09-24T21:05:19.711+0000] {logging_mixin.py:150} INFO - [2024-09-24T21:05:19.711+0000] {dag.py:3504} INFO - Setting next_dagrun for example_subdag_operator.section-1 to None, run_after=None
[2024-09-24T21:05:19.711+0000] {logging_mixin.py:150} INFO - [2024-09-24T21:05:19.711+0000] {dag.py:3504} INFO - Setting next_dagrun for example_subdag_operator.section-2 to None, run_after=None
[2024-09-24T21:05:19.766+0000] {processor.py:179} INFO - Processing /home/vscode/.local/lib/python3.10/site-packages/airflow/example_dags/example_subdag_operator.py took 0.107 seconds
[2024-09-24T21:06:05.290+0000] {processor.py:157} INFO - Started process (PID=6213) to work on /home/vscode/.local/lib/python3.10/site-packages/airflow/example_dags/example_subdag_operator.py
[2024-09-24T21:06:05.291+0000] {processor.py:826} INFO - Processing file /home/vscode/.local/lib/python3.10/site-packages/airflow/example_dags/example_subdag_operator.py for tasks to queue
[2024-09-24T21:06:05.292+0000] {logging_mixin.py:150} INFO - [2024-09-24T21:06:05.292+0000] {dagbag.py:541} INFO - Filling up the DagBag from /home/vscode/.local/lib/python3.10/site-packages/airflow/example_dags/example_subdag_operator.py
[2024-09-24T21:06:05.313+0000] {processor.py:836} INFO - DAG(s) dict_keys(['example_subdag_operator.section-1', 'example_subdag_operator.section-2', 'example_subdag_operator']) retrieved from /home/vscode/.local/lib/python3.10/site-packages/airflow/example_dags/example_subdag_operator.py
[2024-09-24T21:06:05.332+0000] {logging_mixin.py:150} INFO - [2024-09-24T21:06:05.332+0000] {dag.py:2742} INFO - Sync 3 DAGs
[2024-09-24T21:06:05.348+0000] {logging_mixin.py:150} INFO - [2024-09-24T21:06:05.348+0000] {dag.py:3504} INFO - Setting next_dagrun for example_subdag_operator to 2022-01-01T00:00:00+00:00, run_after=2022-01-01T00:00:00+00:00
[2024-09-24T21:06:05.350+0000] {logging_mixin.py:150} INFO - [2024-09-24T21:06:05.350+0000] {dag.py:3504} INFO - Setting next_dagrun for example_subdag_operator.section-1 to None, run_after=None
[2024-09-24T21:06:05.351+0000] {logging_mixin.py:150} INFO - [2024-09-24T21:06:05.351+0000] {dag.py:3504} INFO - Setting next_dagrun for example_subdag_operator.section-2 to None, run_after=None
[2024-09-24T21:06:05.356+0000] {logging_mixin.py:150} INFO - [2024-09-24T21:06:05.356+0000] {dag.py:2742} INFO - Sync 2 DAGs
[2024-09-24T21:06:05.359+0000] {logging_mixin.py:150} INFO - [2024-09-24T21:06:05.359+0000] {dag.py:3504} INFO - Setting next_dagrun for example_subdag_operator.section-1 to None, run_after=None
[2024-09-24T21:06:05.359+0000] {logging_mixin.py:150} INFO - [2024-09-24T21:06:05.359+0000] {dag.py:3504} INFO - Setting next_dagrun for example_subdag_operator.section-2 to None, run_after=None
[2024-09-24T21:06:05.394+0000] {processor.py:179} INFO - Processing /home/vscode/.local/lib/python3.10/site-packages/airflow/example_dags/example_subdag_operator.py took 0.107 seconds
[2024-09-24T21:06:49.078+0000] {processor.py:157} INFO - Started process (PID=6697) to work on /home/vscode/.local/lib/python3.10/site-packages/airflow/example_dags/example_subdag_operator.py
[2024-09-24T21:06:49.078+0000] {processor.py:826} INFO - Processing file /home/vscode/.local/lib/python3.10/site-packages/airflow/example_dags/example_subdag_operator.py for tasks to queue
[2024-09-24T21:06:49.079+0000] {logging_mixin.py:150} INFO - [2024-09-24T21:06:49.079+0000] {dagbag.py:541} INFO - Filling up the DagBag from /home/vscode/.local/lib/python3.10/site-packages/airflow/example_dags/example_subdag_operator.py
[2024-09-24T21:06:49.093+0000] {processor.py:836} INFO - DAG(s) dict_keys(['example_subdag_operator.section-1', 'example_subdag_operator.section-2', 'example_subdag_operator']) retrieved from /home/vscode/.local/lib/python3.10/site-packages/airflow/example_dags/example_subdag_operator.py
[2024-09-24T21:06:49.104+0000] {logging_mixin.py:150} INFO - [2024-09-24T21:06:49.104+0000] {dag.py:2742} INFO - Sync 3 DAGs
[2024-09-24T21:06:49.118+0000] {logging_mixin.py:150} INFO - [2024-09-24T21:06:49.117+0000] {dag.py:3504} INFO - Setting next_dagrun for example_subdag_operator to 2022-01-01T00:00:00+00:00, run_after=2022-01-01T00:00:00+00:00
[2024-09-24T21:06:49.120+0000] {logging_mixin.py:150} INFO - [2024-09-24T21:06:49.119+0000] {dag.py:3504} INFO - Setting next_dagrun for example_subdag_operator.section-1 to None, run_after=None
[2024-09-24T21:06:49.120+0000] {logging_mixin.py:150} INFO - [2024-09-24T21:06:49.120+0000] {dag.py:3504} INFO - Setting next_dagrun for example_subdag_operator.section-2 to None, run_after=None
[2024-09-24T21:06:49.124+0000] {logging_mixin.py:150} INFO - [2024-09-24T21:06:49.124+0000] {dag.py:2742} INFO - Sync 2 DAGs
[2024-09-24T21:06:49.127+0000] {logging_mixin.py:150} INFO - [2024-09-24T21:06:49.127+0000] {dag.py:3504} INFO - Setting next_dagrun for example_subdag_operator.section-1 to None, run_after=None
[2024-09-24T21:06:49.127+0000] {logging_mixin.py:150} INFO - [2024-09-24T21:06:49.127+0000] {dag.py:3504} INFO - Setting next_dagrun for example_subdag_operator.section-2 to None, run_after=None
[2024-09-24T21:06:49.169+0000] {processor.py:179} INFO - Processing /home/vscode/.local/lib/python3.10/site-packages/airflow/example_dags/example_subdag_operator.py took 0.093 seconds
[2024-09-24T21:07:30.359+0000] {processor.py:157} INFO - Started process (PID=7064) to work on /home/vscode/.local/lib/python3.10/site-packages/airflow/example_dags/example_subdag_operator.py
[2024-09-24T21:07:30.360+0000] {processor.py:826} INFO - Processing file /home/vscode/.local/lib/python3.10/site-packages/airflow/example_dags/example_subdag_operator.py for tasks to queue
[2024-09-24T21:07:30.360+0000] {logging_mixin.py:150} INFO - [2024-09-24T21:07:30.360+0000] {dagbag.py:541} INFO - Filling up the DagBag from /home/vscode/.local/lib/python3.10/site-packages/airflow/example_dags/example_subdag_operator.py
[2024-09-24T21:07:30.375+0000] {processor.py:836} INFO - DAG(s) dict_keys(['example_subdag_operator.section-1', 'example_subdag_operator.section-2', 'example_subdag_operator']) retrieved from /home/vscode/.local/lib/python3.10/site-packages/airflow/example_dags/example_subdag_operator.py
[2024-09-24T21:07:30.386+0000] {logging_mixin.py:150} INFO - [2024-09-24T21:07:30.386+0000] {dag.py:2742} INFO - Sync 3 DAGs
[2024-09-24T21:07:30.399+0000] {logging_mixin.py:150} INFO - [2024-09-24T21:07:30.399+0000] {dag.py:3504} INFO - Setting next_dagrun for example_subdag_operator to 2022-01-01T00:00:00+00:00, run_after=2022-01-01T00:00:00+00:00
[2024-09-24T21:07:30.402+0000] {logging_mixin.py:150} INFO - [2024-09-24T21:07:30.401+0000] {dag.py:3504} INFO - Setting next_dagrun for example_subdag_operator.section-1 to None, run_after=None
[2024-09-24T21:07:30.402+0000] {logging_mixin.py:150} INFO - [2024-09-24T21:07:30.402+0000] {dag.py:3504} INFO - Setting next_dagrun for example_subdag_operator.section-2 to None, run_after=None
[2024-09-24T21:07:30.406+0000] {logging_mixin.py:150} INFO - [2024-09-24T21:07:30.406+0000] {dag.py:2742} INFO - Sync 2 DAGs
[2024-09-24T21:07:30.409+0000] {logging_mixin.py:150} INFO - [2024-09-24T21:07:30.409+0000] {dag.py:3504} INFO - Setting next_dagrun for example_subdag_operator.section-1 to None, run_after=None
[2024-09-24T21:07:30.409+0000] {logging_mixin.py:150} INFO - [2024-09-24T21:07:30.409+0000] {dag.py:3504} INFO - Setting next_dagrun for example_subdag_operator.section-2 to None, run_after=None
[2024-09-24T21:07:30.442+0000] {processor.py:179} INFO - Processing /home/vscode/.local/lib/python3.10/site-packages/airflow/example_dags/example_subdag_operator.py took 0.085 seconds
