[2024-09-24T21:04:09.165+0000] {processor.py:157} INFO - Started process (PID=5118) to work on /home/vscode/.local/lib/python3.10/site-packages/airflow/example_dags/example_branch_python_dop_operator_3.py
[2024-09-24T21:04:09.166+0000] {processor.py:826} INFO - Processing file /home/vscode/.local/lib/python3.10/site-packages/airflow/example_dags/example_branch_python_dop_operator_3.py for tasks to queue
[2024-09-24T21:04:09.166+0000] {logging_mixin.py:150} INFO - [2024-09-24T21:04:09.166+0000] {dagbag.py:541} INFO - Filling up the DagBag from /home/vscode/.local/lib/python3.10/site-packages/airflow/example_dags/example_branch_python_dop_operator_3.py
[2024-09-24T21:04:09.267+0000] {processor.py:836} INFO - DAG(s) dict_keys(['example_branch_dop_operator_v3']) retrieved from /home/vscode/.local/lib/python3.10/site-packages/airflow/example_dags/example_branch_python_dop_operator_3.py
[2024-09-24T21:04:09.394+0000] {logging_mixin.py:150} INFO - [2024-09-24T21:04:09.394+0000] {manager.py:504} INFO - Created Permission View: can delete on DAG:example_branch_dop_operator_v3
[2024-09-24T21:04:09.436+0000] {logging_mixin.py:150} INFO - [2024-09-24T21:04:09.435+0000] {manager.py:504} INFO - Created Permission View: can read on DAG:example_branch_dop_operator_v3
[2024-09-24T21:04:09.479+0000] {logging_mixin.py:150} INFO - [2024-09-24T21:04:09.479+0000] {manager.py:504} INFO - Created Permission View: can edit on DAG:example_branch_dop_operator_v3
[2024-09-24T21:04:09.487+0000] {logging_mixin.py:150} INFO - [2024-09-24T21:04:09.487+0000] {dag.py:2742} INFO - Sync 1 DAGs
[2024-09-24T21:04:09.493+0000] {logging_mixin.py:150} INFO - [2024-09-24T21:04:09.493+0000] {dag.py:2763} INFO - Creating ORM DAG for example_branch_dop_operator_v3
[2024-09-24T21:04:09.503+0000] {logging_mixin.py:150} INFO - [2024-09-24T21:04:09.503+0000] {dag.py:3504} INFO - Setting next_dagrun for example_branch_dop_operator_v3 to 2024-09-24T21:03:00+00:00, run_after=2024-09-24T21:04:00+00:00
[2024-09-24T21:04:09.555+0000] {processor.py:179} INFO - Processing /home/vscode/.local/lib/python3.10/site-packages/airflow/example_dags/example_branch_python_dop_operator_3.py took 0.392 seconds
[2024-09-24T21:04:57.604+0000] {processor.py:157} INFO - Started process (PID=5520) to work on /home/vscode/.local/lib/python3.10/site-packages/airflow/example_dags/example_branch_python_dop_operator_3.py
[2024-09-24T21:04:57.605+0000] {processor.py:826} INFO - Processing file /home/vscode/.local/lib/python3.10/site-packages/airflow/example_dags/example_branch_python_dop_operator_3.py for tasks to queue
[2024-09-24T21:04:57.606+0000] {logging_mixin.py:150} INFO - [2024-09-24T21:04:57.605+0000] {dagbag.py:541} INFO - Filling up the DagBag from /home/vscode/.local/lib/python3.10/site-packages/airflow/example_dags/example_branch_python_dop_operator_3.py
[2024-09-24T21:04:57.616+0000] {processor.py:836} INFO - DAG(s) dict_keys(['example_branch_dop_operator_v3']) retrieved from /home/vscode/.local/lib/python3.10/site-packages/airflow/example_dags/example_branch_python_dop_operator_3.py
[2024-09-24T21:04:57.633+0000] {logging_mixin.py:150} INFO - [2024-09-24T21:04:57.633+0000] {dag.py:2742} INFO - Sync 1 DAGs
[2024-09-24T21:04:57.662+0000] {logging_mixin.py:150} INFO - [2024-09-24T21:04:57.662+0000] {dag.py:3504} INFO - Setting next_dagrun for example_branch_dop_operator_v3 to 2024-09-24T21:03:00+00:00, run_after=2024-09-24T21:04:00+00:00
[2024-09-24T21:04:57.706+0000] {processor.py:179} INFO - Processing /home/vscode/.local/lib/python3.10/site-packages/airflow/example_dags/example_branch_python_dop_operator_3.py took 0.105 seconds
[2024-09-24T21:05:44.577+0000] {processor.py:157} INFO - Started process (PID=6004) to work on /home/vscode/.local/lib/python3.10/site-packages/airflow/example_dags/example_branch_python_dop_operator_3.py
[2024-09-24T21:05:44.577+0000] {processor.py:826} INFO - Processing file /home/vscode/.local/lib/python3.10/site-packages/airflow/example_dags/example_branch_python_dop_operator_3.py for tasks to queue
[2024-09-24T21:05:44.578+0000] {logging_mixin.py:150} INFO - [2024-09-24T21:05:44.578+0000] {dagbag.py:541} INFO - Filling up the DagBag from /home/vscode/.local/lib/python3.10/site-packages/airflow/example_dags/example_branch_python_dop_operator_3.py
[2024-09-24T21:05:44.584+0000] {processor.py:836} INFO - DAG(s) dict_keys(['example_branch_dop_operator_v3']) retrieved from /home/vscode/.local/lib/python3.10/site-packages/airflow/example_dags/example_branch_python_dop_operator_3.py
[2024-09-24T21:05:44.596+0000] {logging_mixin.py:150} INFO - [2024-09-24T21:05:44.596+0000] {dag.py:2742} INFO - Sync 1 DAGs
[2024-09-24T21:05:44.613+0000] {logging_mixin.py:150} INFO - [2024-09-24T21:05:44.613+0000] {dag.py:3504} INFO - Setting next_dagrun for example_branch_dop_operator_v3 to 2024-09-24T21:04:00+00:00, run_after=2024-09-24T21:05:00+00:00
[2024-09-24T21:05:44.672+0000] {processor.py:179} INFO - Processing /home/vscode/.local/lib/python3.10/site-packages/airflow/example_dags/example_branch_python_dop_operator_3.py took 0.097 seconds
[2024-09-24T21:06:29.565+0000] {processor.py:157} INFO - Started process (PID=6512) to work on /home/vscode/.local/lib/python3.10/site-packages/airflow/example_dags/example_branch_python_dop_operator_3.py
[2024-09-24T21:06:29.565+0000] {processor.py:826} INFO - Processing file /home/vscode/.local/lib/python3.10/site-packages/airflow/example_dags/example_branch_python_dop_operator_3.py for tasks to queue
[2024-09-24T21:06:29.566+0000] {logging_mixin.py:150} INFO - [2024-09-24T21:06:29.566+0000] {dagbag.py:541} INFO - Filling up the DagBag from /home/vscode/.local/lib/python3.10/site-packages/airflow/example_dags/example_branch_python_dop_operator_3.py
[2024-09-24T21:06:29.572+0000] {processor.py:836} INFO - DAG(s) dict_keys(['example_branch_dop_operator_v3']) retrieved from /home/vscode/.local/lib/python3.10/site-packages/airflow/example_dags/example_branch_python_dop_operator_3.py
[2024-09-24T21:06:29.584+0000] {logging_mixin.py:150} INFO - [2024-09-24T21:06:29.584+0000] {dag.py:2742} INFO - Sync 1 DAGs
[2024-09-24T21:06:29.613+0000] {logging_mixin.py:150} INFO - [2024-09-24T21:06:29.613+0000] {dag.py:3504} INFO - Setting next_dagrun for example_branch_dop_operator_v3 to 2024-09-24T21:05:00+00:00, run_after=2024-09-24T21:06:00+00:00
[2024-09-24T21:06:29.654+0000] {processor.py:179} INFO - Processing /home/vscode/.local/lib/python3.10/site-packages/airflow/example_dags/example_branch_python_dop_operator_3.py took 0.091 seconds
[2024-09-24T21:07:22.304+0000] {processor.py:157} INFO - Started process (PID=6979) to work on /home/vscode/.local/lib/python3.10/site-packages/airflow/example_dags/example_branch_python_dop_operator_3.py
[2024-09-24T21:07:22.306+0000] {processor.py:826} INFO - Processing file /home/vscode/.local/lib/python3.10/site-packages/airflow/example_dags/example_branch_python_dop_operator_3.py for tasks to queue
[2024-09-24T21:07:22.306+0000] {logging_mixin.py:150} INFO - [2024-09-24T21:07:22.306+0000] {dagbag.py:541} INFO - Filling up the DagBag from /home/vscode/.local/lib/python3.10/site-packages/airflow/example_dags/example_branch_python_dop_operator_3.py
[2024-09-24T21:07:22.317+0000] {processor.py:836} INFO - DAG(s) dict_keys(['example_branch_dop_operator_v3']) retrieved from /home/vscode/.local/lib/python3.10/site-packages/airflow/example_dags/example_branch_python_dop_operator_3.py
[2024-09-24T21:07:22.331+0000] {logging_mixin.py:150} INFO - [2024-09-24T21:07:22.331+0000] {dag.py:2742} INFO - Sync 1 DAGs
[2024-09-24T21:07:22.349+0000] {logging_mixin.py:150} INFO - [2024-09-24T21:07:22.349+0000] {dag.py:3504} INFO - Setting next_dagrun for example_branch_dop_operator_v3 to 2024-09-24T21:06:00+00:00, run_after=2024-09-24T21:07:00+00:00
[2024-09-24T21:07:22.400+0000] {processor.py:179} INFO - Processing /home/vscode/.local/lib/python3.10/site-packages/airflow/example_dags/example_branch_python_dop_operator_3.py took 0.099 seconds
