[2024-09-24T21:03:27.120+0000] {processor.py:157} INFO - Started process (PID=4819) to work on /home/vscode/.local/lib/python3.10/site-packages/airflow/example_dags/example_trigger_target_dag.py
[2024-09-24T21:03:27.121+0000] {processor.py:826} INFO - Processing file /home/vscode/.local/lib/python3.10/site-packages/airflow/example_dags/example_trigger_target_dag.py for tasks to queue
[2024-09-24T21:03:27.122+0000] {logging_mixin.py:150} INFO - [2024-09-24T21:03:27.121+0000] {dagbag.py:541} INFO - Filling up the DagBag from /home/vscode/.local/lib/python3.10/site-packages/airflow/example_dags/example_trigger_target_dag.py
[2024-09-24T21:03:27.127+0000] {processor.py:836} INFO - DAG(s) dict_keys(['example_trigger_target_dag']) retrieved from /home/vscode/.local/lib/python3.10/site-packages/airflow/example_dags/example_trigger_target_dag.py
[2024-09-24T21:03:27.352+0000] {logging_mixin.py:150} INFO - [2024-09-24T21:03:27.352+0000] {manager.py:504} INFO - Created Permission View: can delete on DAG:example_trigger_target_dag
[2024-09-24T21:03:27.384+0000] {logging_mixin.py:150} INFO - [2024-09-24T21:03:27.384+0000] {manager.py:504} INFO - Created Permission View: can read on DAG:example_trigger_target_dag
[2024-09-24T21:03:27.415+0000] {logging_mixin.py:150} INFO - [2024-09-24T21:03:27.415+0000] {manager.py:504} INFO - Created Permission View: can edit on DAG:example_trigger_target_dag
[2024-09-24T21:03:27.422+0000] {logging_mixin.py:150} INFO - [2024-09-24T21:03:27.422+0000] {dag.py:2742} INFO - Sync 1 DAGs
[2024-09-24T21:03:27.430+0000] {logging_mixin.py:150} INFO - [2024-09-24T21:03:27.430+0000] {dag.py:2763} INFO - Creating ORM DAG for example_trigger_target_dag
[2024-09-24T21:03:27.436+0000] {logging_mixin.py:150} INFO - [2024-09-24T21:03:27.436+0000] {dag.py:3504} INFO - Setting next_dagrun for example_trigger_target_dag to None, run_after=None
[2024-09-24T21:03:27.489+0000] {processor.py:179} INFO - Processing /home/vscode/.local/lib/python3.10/site-packages/airflow/example_dags/example_trigger_target_dag.py took 0.371 seconds
[2024-09-24T21:04:23.183+0000] {processor.py:157} INFO - Started process (PID=5208) to work on /home/vscode/.local/lib/python3.10/site-packages/airflow/example_dags/example_trigger_target_dag.py
[2024-09-24T21:04:23.184+0000] {processor.py:826} INFO - Processing file /home/vscode/.local/lib/python3.10/site-packages/airflow/example_dags/example_trigger_target_dag.py for tasks to queue
[2024-09-24T21:04:23.185+0000] {logging_mixin.py:150} INFO - [2024-09-24T21:04:23.185+0000] {dagbag.py:541} INFO - Filling up the DagBag from /home/vscode/.local/lib/python3.10/site-packages/airflow/example_dags/example_trigger_target_dag.py
[2024-09-24T21:04:23.191+0000] {processor.py:836} INFO - DAG(s) dict_keys(['example_trigger_target_dag']) retrieved from /home/vscode/.local/lib/python3.10/site-packages/airflow/example_dags/example_trigger_target_dag.py
[2024-09-24T21:04:23.213+0000] {logging_mixin.py:150} INFO - [2024-09-24T21:04:23.213+0000] {dag.py:2742} INFO - Sync 1 DAGs
[2024-09-24T21:04:23.228+0000] {logging_mixin.py:150} INFO - [2024-09-24T21:04:23.228+0000] {dag.py:3504} INFO - Setting next_dagrun for example_trigger_target_dag to None, run_after=None
[2024-09-24T21:04:23.265+0000] {processor.py:179} INFO - Processing /home/vscode/.local/lib/python3.10/site-packages/airflow/example_dags/example_trigger_target_dag.py took 0.085 seconds
[2024-09-24T21:05:04.525+0000] {processor.py:157} INFO - Started process (PID=5586) to work on /home/vscode/.local/lib/python3.10/site-packages/airflow/example_dags/example_trigger_target_dag.py
[2024-09-24T21:05:04.526+0000] {processor.py:826} INFO - Processing file /home/vscode/.local/lib/python3.10/site-packages/airflow/example_dags/example_trigger_target_dag.py for tasks to queue
[2024-09-24T21:05:04.527+0000] {logging_mixin.py:150} INFO - [2024-09-24T21:05:04.526+0000] {dagbag.py:541} INFO - Filling up the DagBag from /home/vscode/.local/lib/python3.10/site-packages/airflow/example_dags/example_trigger_target_dag.py
[2024-09-24T21:05:04.531+0000] {processor.py:836} INFO - DAG(s) dict_keys(['example_trigger_target_dag']) retrieved from /home/vscode/.local/lib/python3.10/site-packages/airflow/example_dags/example_trigger_target_dag.py
[2024-09-24T21:05:04.542+0000] {logging_mixin.py:150} INFO - [2024-09-24T21:05:04.542+0000] {dag.py:2742} INFO - Sync 1 DAGs
[2024-09-24T21:05:04.562+0000] {logging_mixin.py:150} INFO - [2024-09-24T21:05:04.562+0000] {dag.py:3504} INFO - Setting next_dagrun for example_trigger_target_dag to None, run_after=None
[2024-09-24T21:05:04.610+0000] {processor.py:179} INFO - Processing /home/vscode/.local/lib/python3.10/site-packages/airflow/example_dags/example_trigger_target_dag.py took 0.087 seconds
[2024-09-24T21:05:49.930+0000] {processor.py:157} INFO - Started process (PID=6063) to work on /home/vscode/.local/lib/python3.10/site-packages/airflow/example_dags/example_trigger_target_dag.py
[2024-09-24T21:05:49.930+0000] {processor.py:826} INFO - Processing file /home/vscode/.local/lib/python3.10/site-packages/airflow/example_dags/example_trigger_target_dag.py for tasks to queue
[2024-09-24T21:05:49.931+0000] {logging_mixin.py:150} INFO - [2024-09-24T21:05:49.931+0000] {dagbag.py:541} INFO - Filling up the DagBag from /home/vscode/.local/lib/python3.10/site-packages/airflow/example_dags/example_trigger_target_dag.py
[2024-09-24T21:05:49.935+0000] {processor.py:836} INFO - DAG(s) dict_keys(['example_trigger_target_dag']) retrieved from /home/vscode/.local/lib/python3.10/site-packages/airflow/example_dags/example_trigger_target_dag.py
[2024-09-24T21:05:49.946+0000] {logging_mixin.py:150} INFO - [2024-09-24T21:05:49.946+0000] {dag.py:2742} INFO - Sync 1 DAGs
[2024-09-24T21:05:49.960+0000] {logging_mixin.py:150} INFO - [2024-09-24T21:05:49.960+0000] {dag.py:3504} INFO - Setting next_dagrun for example_trigger_target_dag to None, run_after=None
[2024-09-24T21:05:49.999+0000] {processor.py:179} INFO - Processing /home/vscode/.local/lib/python3.10/site-packages/airflow/example_dags/example_trigger_target_dag.py took 0.071 seconds
[2024-09-24T21:06:34.100+0000] {processor.py:157} INFO - Started process (PID=6558) to work on /home/vscode/.local/lib/python3.10/site-packages/airflow/example_dags/example_trigger_target_dag.py
[2024-09-24T21:06:34.101+0000] {processor.py:826} INFO - Processing file /home/vscode/.local/lib/python3.10/site-packages/airflow/example_dags/example_trigger_target_dag.py for tasks to queue
[2024-09-24T21:06:34.101+0000] {logging_mixin.py:150} INFO - [2024-09-24T21:06:34.101+0000] {dagbag.py:541} INFO - Filling up the DagBag from /home/vscode/.local/lib/python3.10/site-packages/airflow/example_dags/example_trigger_target_dag.py
[2024-09-24T21:06:34.106+0000] {processor.py:836} INFO - DAG(s) dict_keys(['example_trigger_target_dag']) retrieved from /home/vscode/.local/lib/python3.10/site-packages/airflow/example_dags/example_trigger_target_dag.py
[2024-09-24T21:06:34.117+0000] {logging_mixin.py:150} INFO - [2024-09-24T21:06:34.117+0000] {dag.py:2742} INFO - Sync 1 DAGs
[2024-09-24T21:06:34.131+0000] {logging_mixin.py:150} INFO - [2024-09-24T21:06:34.131+0000] {dag.py:3504} INFO - Setting next_dagrun for example_trigger_target_dag to None, run_after=None
[2024-09-24T21:06:34.167+0000] {processor.py:179} INFO - Processing /home/vscode/.local/lib/python3.10/site-packages/airflow/example_dags/example_trigger_target_dag.py took 0.070 seconds
[2024-09-24T21:07:17.124+0000] {processor.py:157} INFO - Started process (PID=6931) to work on /home/vscode/.local/lib/python3.10/site-packages/airflow/example_dags/example_trigger_target_dag.py
[2024-09-24T21:07:17.125+0000] {processor.py:826} INFO - Processing file /home/vscode/.local/lib/python3.10/site-packages/airflow/example_dags/example_trigger_target_dag.py for tasks to queue
[2024-09-24T21:07:17.125+0000] {logging_mixin.py:150} INFO - [2024-09-24T21:07:17.125+0000] {dagbag.py:541} INFO - Filling up the DagBag from /home/vscode/.local/lib/python3.10/site-packages/airflow/example_dags/example_trigger_target_dag.py
[2024-09-24T21:07:17.131+0000] {processor.py:836} INFO - DAG(s) dict_keys(['example_trigger_target_dag']) retrieved from /home/vscode/.local/lib/python3.10/site-packages/airflow/example_dags/example_trigger_target_dag.py
[2024-09-24T21:07:17.146+0000] {logging_mixin.py:150} INFO - [2024-09-24T21:07:17.146+0000] {dag.py:2742} INFO - Sync 1 DAGs
[2024-09-24T21:07:17.167+0000] {logging_mixin.py:150} INFO - [2024-09-24T21:07:17.167+0000] {dag.py:3504} INFO - Setting next_dagrun for example_trigger_target_dag to None, run_after=None
[2024-09-24T21:07:17.225+0000] {processor.py:179} INFO - Processing /home/vscode/.local/lib/python3.10/site-packages/airflow/example_dags/example_trigger_target_dag.py took 0.103 seconds
[2024-09-24T21:07:58.555+0000] {processor.py:157} INFO - Started process (PID=7303) to work on /home/vscode/.local/lib/python3.10/site-packages/airflow/example_dags/example_trigger_target_dag.py
[2024-09-24T21:07:58.556+0000] {processor.py:826} INFO - Processing file /home/vscode/.local/lib/python3.10/site-packages/airflow/example_dags/example_trigger_target_dag.py for tasks to queue
[2024-09-24T21:07:58.556+0000] {logging_mixin.py:150} INFO - [2024-09-24T21:07:58.556+0000] {dagbag.py:541} INFO - Filling up the DagBag from /home/vscode/.local/lib/python3.10/site-packages/airflow/example_dags/example_trigger_target_dag.py
[2024-09-24T21:07:58.561+0000] {processor.py:836} INFO - DAG(s) dict_keys(['example_trigger_target_dag']) retrieved from /home/vscode/.local/lib/python3.10/site-packages/airflow/example_dags/example_trigger_target_dag.py
[2024-09-24T21:07:58.572+0000] {logging_mixin.py:150} INFO - [2024-09-24T21:07:58.572+0000] {dag.py:2742} INFO - Sync 1 DAGs
[2024-09-24T21:07:58.587+0000] {logging_mixin.py:150} INFO - [2024-09-24T21:07:58.587+0000] {dag.py:3504} INFO - Setting next_dagrun for example_trigger_target_dag to None, run_after=None
[2024-09-24T21:07:58.625+0000] {processor.py:179} INFO - Processing /home/vscode/.local/lib/python3.10/site-packages/airflow/example_dags/example_trigger_target_dag.py took 0.072 seconds
