[2024-09-24T21:04:15.922+0000] {processor.py:157} INFO - Started process (PID=5160) to work on /home/vscode/.local/lib/python3.10/site-packages/airflow/example_dags/example_bash_operator.py
[2024-09-24T21:04:15.923+0000] {processor.py:826} INFO - Processing file /home/vscode/.local/lib/python3.10/site-packages/airflow/example_dags/example_bash_operator.py for tasks to queue
[2024-09-24T21:04:15.923+0000] {logging_mixin.py:150} INFO - [2024-09-24T21:04:15.923+0000] {dagbag.py:541} INFO - Filling up the DagBag from /home/vscode/.local/lib/python3.10/site-packages/airflow/example_dags/example_bash_operator.py
[2024-09-24T21:04:15.931+0000] {processor.py:836} INFO - DAG(s) dict_keys(['example_bash_operator']) retrieved from /home/vscode/.local/lib/python3.10/site-packages/airflow/example_dags/example_bash_operator.py
[2024-09-24T21:04:16.071+0000] {logging_mixin.py:150} INFO - [2024-09-24T21:04:16.070+0000] {manager.py:504} INFO - Created Permission View: can delete on DAG:example_bash_operator
[2024-09-24T21:04:16.103+0000] {logging_mixin.py:150} INFO - [2024-09-24T21:04:16.103+0000] {manager.py:504} INFO - Created Permission View: can read on DAG:example_bash_operator
[2024-09-24T21:04:16.134+0000] {logging_mixin.py:150} INFO - [2024-09-24T21:04:16.134+0000] {manager.py:504} INFO - Created Permission View: can edit on DAG:example_bash_operator
[2024-09-24T21:04:16.145+0000] {logging_mixin.py:150} INFO - [2024-09-24T21:04:16.145+0000] {dag.py:2742} INFO - Sync 1 DAGs
[2024-09-24T21:04:16.152+0000] {logging_mixin.py:150} INFO - [2024-09-24T21:04:16.152+0000] {dag.py:2763} INFO - Creating ORM DAG for example_bash_operator
[2024-09-24T21:04:16.160+0000] {logging_mixin.py:150} INFO - [2024-09-24T21:04:16.160+0000] {dag.py:3504} INFO - Setting next_dagrun for example_bash_operator to 2024-09-23T00:00:00+00:00, run_after=2024-09-24T00:00:00+00:00
[2024-09-24T21:04:16.215+0000] {processor.py:179} INFO - Processing /home/vscode/.local/lib/python3.10/site-packages/airflow/example_dags/example_bash_operator.py took 0.295 seconds
[2024-09-24T21:05:13.694+0000] {processor.py:157} INFO - Started process (PID=5681) to work on /home/vscode/.local/lib/python3.10/site-packages/airflow/example_dags/example_bash_operator.py
[2024-09-24T21:05:13.695+0000] {processor.py:826} INFO - Processing file /home/vscode/.local/lib/python3.10/site-packages/airflow/example_dags/example_bash_operator.py for tasks to queue
[2024-09-24T21:05:13.696+0000] {logging_mixin.py:150} INFO - [2024-09-24T21:05:13.695+0000] {dagbag.py:541} INFO - Filling up the DagBag from /home/vscode/.local/lib/python3.10/site-packages/airflow/example_dags/example_bash_operator.py
[2024-09-24T21:05:13.704+0000] {processor.py:836} INFO - DAG(s) dict_keys(['example_bash_operator']) retrieved from /home/vscode/.local/lib/python3.10/site-packages/airflow/example_dags/example_bash_operator.py
[2024-09-24T21:05:13.729+0000] {logging_mixin.py:150} INFO - [2024-09-24T21:05:13.729+0000] {dag.py:2742} INFO - Sync 1 DAGs
[2024-09-24T21:05:13.750+0000] {logging_mixin.py:150} INFO - [2024-09-24T21:05:13.750+0000] {dag.py:3504} INFO - Setting next_dagrun for example_bash_operator to 2024-09-23T00:00:00+00:00, run_after=2024-09-24T00:00:00+00:00
[2024-09-24T21:05:13.785+0000] {processor.py:179} INFO - Processing /home/vscode/.local/lib/python3.10/site-packages/airflow/example_dags/example_bash_operator.py took 0.093 seconds
[2024-09-24T21:05:58.527+0000] {processor.py:157} INFO - Started process (PID=6151) to work on /home/vscode/.local/lib/python3.10/site-packages/airflow/example_dags/example_bash_operator.py
[2024-09-24T21:05:58.528+0000] {processor.py:826} INFO - Processing file /home/vscode/.local/lib/python3.10/site-packages/airflow/example_dags/example_bash_operator.py for tasks to queue
[2024-09-24T21:05:58.529+0000] {logging_mixin.py:150} INFO - [2024-09-24T21:05:58.528+0000] {dagbag.py:541} INFO - Filling up the DagBag from /home/vscode/.local/lib/python3.10/site-packages/airflow/example_dags/example_bash_operator.py
[2024-09-24T21:05:58.537+0000] {processor.py:836} INFO - DAG(s) dict_keys(['example_bash_operator']) retrieved from /home/vscode/.local/lib/python3.10/site-packages/airflow/example_dags/example_bash_operator.py
[2024-09-24T21:05:58.554+0000] {logging_mixin.py:150} INFO - [2024-09-24T21:05:58.554+0000] {dag.py:2742} INFO - Sync 1 DAGs
[2024-09-24T21:05:58.570+0000] {logging_mixin.py:150} INFO - [2024-09-24T21:05:58.570+0000] {dag.py:3504} INFO - Setting next_dagrun for example_bash_operator to 2024-09-23T00:00:00+00:00, run_after=2024-09-24T00:00:00+00:00
[2024-09-24T21:05:58.607+0000] {processor.py:179} INFO - Processing /home/vscode/.local/lib/python3.10/site-packages/airflow/example_dags/example_bash_operator.py took 0.082 seconds
[2024-09-24T21:06:44.241+0000] {processor.py:157} INFO - Started process (PID=6651) to work on /home/vscode/.local/lib/python3.10/site-packages/airflow/example_dags/example_bash_operator.py
[2024-09-24T21:06:44.242+0000] {processor.py:826} INFO - Processing file /home/vscode/.local/lib/python3.10/site-packages/airflow/example_dags/example_bash_operator.py for tasks to queue
[2024-09-24T21:06:44.242+0000] {logging_mixin.py:150} INFO - [2024-09-24T21:06:44.242+0000] {dagbag.py:541} INFO - Filling up the DagBag from /home/vscode/.local/lib/python3.10/site-packages/airflow/example_dags/example_bash_operator.py
[2024-09-24T21:06:44.250+0000] {processor.py:836} INFO - DAG(s) dict_keys(['example_bash_operator']) retrieved from /home/vscode/.local/lib/python3.10/site-packages/airflow/example_dags/example_bash_operator.py
[2024-09-24T21:06:44.267+0000] {logging_mixin.py:150} INFO - [2024-09-24T21:06:44.267+0000] {dag.py:2742} INFO - Sync 1 DAGs
[2024-09-24T21:06:44.284+0000] {logging_mixin.py:150} INFO - [2024-09-24T21:06:44.284+0000] {dag.py:3504} INFO - Setting next_dagrun for example_bash_operator to 2024-09-23T00:00:00+00:00, run_after=2024-09-24T00:00:00+00:00
[2024-09-24T21:06:44.338+0000] {processor.py:179} INFO - Processing /home/vscode/.local/lib/python3.10/site-packages/airflow/example_dags/example_bash_operator.py took 0.099 seconds
[2024-09-24T21:07:38.386+0000] {processor.py:157} INFO - Started process (PID=7125) to work on /home/vscode/.local/lib/python3.10/site-packages/airflow/example_dags/example_bash_operator.py
[2024-09-24T21:07:38.387+0000] {processor.py:826} INFO - Processing file /home/vscode/.local/lib/python3.10/site-packages/airflow/example_dags/example_bash_operator.py for tasks to queue
[2024-09-24T21:07:38.387+0000] {logging_mixin.py:150} INFO - [2024-09-24T21:07:38.387+0000] {dagbag.py:541} INFO - Filling up the DagBag from /home/vscode/.local/lib/python3.10/site-packages/airflow/example_dags/example_bash_operator.py
[2024-09-24T21:07:38.395+0000] {processor.py:836} INFO - DAG(s) dict_keys(['example_bash_operator']) retrieved from /home/vscode/.local/lib/python3.10/site-packages/airflow/example_dags/example_bash_operator.py
[2024-09-24T21:07:38.412+0000] {logging_mixin.py:150} INFO - [2024-09-24T21:07:38.412+0000] {dag.py:2742} INFO - Sync 1 DAGs
[2024-09-24T21:07:38.427+0000] {logging_mixin.py:150} INFO - [2024-09-24T21:07:38.427+0000] {dag.py:3504} INFO - Setting next_dagrun for example_bash_operator to 2024-09-23T00:00:00+00:00, run_after=2024-09-24T00:00:00+00:00
[2024-09-24T21:07:38.462+0000] {processor.py:179} INFO - Processing /home/vscode/.local/lib/python3.10/site-packages/airflow/example_dags/example_bash_operator.py took 0.078 seconds
