[2024-09-24T21:04:09.876+0000] {processor.py:157} INFO - Started process (PID=5120) to work on /home/vscode/.local/lib/python3.10/site-packages/airflow/example_dags/example_branch_labels.py
[2024-09-24T21:04:09.876+0000] {processor.py:826} INFO - Processing file /home/vscode/.local/lib/python3.10/site-packages/airflow/example_dags/example_branch_labels.py for tasks to queue
[2024-09-24T21:04:09.969+0000] {logging_mixin.py:150} INFO - [2024-09-24T21:04:09.969+0000] {dagbag.py:541} INFO - Filling up the DagBag from /home/vscode/.local/lib/python3.10/site-packages/airflow/example_dags/example_branch_labels.py
[2024-09-24T21:04:09.974+0000] {processor.py:836} INFO - DAG(s) dict_keys(['example_branch_labels']) retrieved from /home/vscode/.local/lib/python3.10/site-packages/airflow/example_dags/example_branch_labels.py
[2024-09-24T21:04:10.094+0000] {logging_mixin.py:150} INFO - [2024-09-24T21:04:10.094+0000] {manager.py:504} INFO - Created Permission View: can delete on DAG:example_branch_labels
[2024-09-24T21:04:10.122+0000] {logging_mixin.py:150} INFO - [2024-09-24T21:04:10.122+0000] {manager.py:504} INFO - Created Permission View: can read on DAG:example_branch_labels
[2024-09-24T21:04:10.148+0000] {logging_mixin.py:150} INFO - [2024-09-24T21:04:10.148+0000] {manager.py:504} INFO - Created Permission View: can edit on DAG:example_branch_labels
[2024-09-24T21:04:10.156+0000] {logging_mixin.py:150} INFO - [2024-09-24T21:04:10.156+0000] {dag.py:2742} INFO - Sync 1 DAGs
[2024-09-24T21:04:10.163+0000] {logging_mixin.py:150} INFO - [2024-09-24T21:04:10.163+0000] {dag.py:2763} INFO - Creating ORM DAG for example_branch_labels
[2024-09-24T21:04:10.170+0000] {logging_mixin.py:150} INFO - [2024-09-24T21:04:10.170+0000] {dag.py:3504} INFO - Setting next_dagrun for example_branch_labels to 2024-09-23T00:00:00+00:00, run_after=2024-09-24T00:00:00+00:00
[2024-09-24T21:04:10.204+0000] {processor.py:179} INFO - Processing /home/vscode/.local/lib/python3.10/site-packages/airflow/example_dags/example_branch_labels.py took 0.330 seconds
[2024-09-24T21:05:09.694+0000] {processor.py:157} INFO - Started process (PID=5637) to work on /home/vscode/.local/lib/python3.10/site-packages/airflow/example_dags/example_branch_labels.py
[2024-09-24T21:05:09.695+0000] {processor.py:826} INFO - Processing file /home/vscode/.local/lib/python3.10/site-packages/airflow/example_dags/example_branch_labels.py for tasks to queue
[2024-09-24T21:05:09.696+0000] {logging_mixin.py:150} INFO - [2024-09-24T21:05:09.695+0000] {dagbag.py:541} INFO - Filling up the DagBag from /home/vscode/.local/lib/python3.10/site-packages/airflow/example_dags/example_branch_labels.py
[2024-09-24T21:05:09.702+0000] {processor.py:836} INFO - DAG(s) dict_keys(['example_branch_labels']) retrieved from /home/vscode/.local/lib/python3.10/site-packages/airflow/example_dags/example_branch_labels.py
[2024-09-24T21:05:09.714+0000] {logging_mixin.py:150} INFO - [2024-09-24T21:05:09.714+0000] {dag.py:2742} INFO - Sync 1 DAGs
[2024-09-24T21:05:09.729+0000] {logging_mixin.py:150} INFO - [2024-09-24T21:05:09.729+0000] {dag.py:3504} INFO - Setting next_dagrun for example_branch_labels to 2024-09-23T00:00:00+00:00, run_after=2024-09-24T00:00:00+00:00
[2024-09-24T21:05:09.767+0000] {processor.py:179} INFO - Processing /home/vscode/.local/lib/python3.10/site-packages/airflow/example_dags/example_branch_labels.py took 0.075 seconds
[2024-09-24T21:05:54.685+0000] {processor.py:157} INFO - Started process (PID=6108) to work on /home/vscode/.local/lib/python3.10/site-packages/airflow/example_dags/example_branch_labels.py
[2024-09-24T21:05:54.686+0000] {processor.py:826} INFO - Processing file /home/vscode/.local/lib/python3.10/site-packages/airflow/example_dags/example_branch_labels.py for tasks to queue
[2024-09-24T21:05:54.687+0000] {logging_mixin.py:150} INFO - [2024-09-24T21:05:54.686+0000] {dagbag.py:541} INFO - Filling up the DagBag from /home/vscode/.local/lib/python3.10/site-packages/airflow/example_dags/example_branch_labels.py
[2024-09-24T21:05:54.693+0000] {processor.py:836} INFO - DAG(s) dict_keys(['example_branch_labels']) retrieved from /home/vscode/.local/lib/python3.10/site-packages/airflow/example_dags/example_branch_labels.py
[2024-09-24T21:05:54.705+0000] {logging_mixin.py:150} INFO - [2024-09-24T21:05:54.705+0000] {dag.py:2742} INFO - Sync 1 DAGs
[2024-09-24T21:05:54.720+0000] {logging_mixin.py:150} INFO - [2024-09-24T21:05:54.720+0000] {dag.py:3504} INFO - Setting next_dagrun for example_branch_labels to 2024-09-23T00:00:00+00:00, run_after=2024-09-24T00:00:00+00:00
[2024-09-24T21:05:54.760+0000] {processor.py:179} INFO - Processing /home/vscode/.local/lib/python3.10/site-packages/airflow/example_dags/example_branch_labels.py took 0.077 seconds
[2024-09-24T21:06:41.017+0000] {processor.py:157} INFO - Started process (PID=6638) to work on /home/vscode/.local/lib/python3.10/site-packages/airflow/example_dags/example_branch_labels.py
[2024-09-24T21:06:41.018+0000] {processor.py:826} INFO - Processing file /home/vscode/.local/lib/python3.10/site-packages/airflow/example_dags/example_branch_labels.py for tasks to queue
[2024-09-24T21:06:41.018+0000] {logging_mixin.py:150} INFO - [2024-09-24T21:06:41.018+0000] {dagbag.py:541} INFO - Filling up the DagBag from /home/vscode/.local/lib/python3.10/site-packages/airflow/example_dags/example_branch_labels.py
[2024-09-24T21:06:41.024+0000] {processor.py:836} INFO - DAG(s) dict_keys(['example_branch_labels']) retrieved from /home/vscode/.local/lib/python3.10/site-packages/airflow/example_dags/example_branch_labels.py
[2024-09-24T21:06:41.036+0000] {logging_mixin.py:150} INFO - [2024-09-24T21:06:41.036+0000] {dag.py:2742} INFO - Sync 1 DAGs
[2024-09-24T21:06:41.052+0000] {logging_mixin.py:150} INFO - [2024-09-24T21:06:41.051+0000] {dag.py:3504} INFO - Setting next_dagrun for example_branch_labels to 2024-09-23T00:00:00+00:00, run_after=2024-09-24T00:00:00+00:00
[2024-09-24T21:06:41.102+0000] {processor.py:179} INFO - Processing /home/vscode/.local/lib/python3.10/site-packages/airflow/example_dags/example_branch_labels.py took 0.087 seconds
[2024-09-24T21:07:22.887+0000] {processor.py:157} INFO - Started process (PID=6980) to work on /home/vscode/.local/lib/python3.10/site-packages/airflow/example_dags/example_branch_labels.py
[2024-09-24T21:07:22.887+0000] {processor.py:826} INFO - Processing file /home/vscode/.local/lib/python3.10/site-packages/airflow/example_dags/example_branch_labels.py for tasks to queue
[2024-09-24T21:07:22.888+0000] {logging_mixin.py:150} INFO - [2024-09-24T21:07:22.888+0000] {dagbag.py:541} INFO - Filling up the DagBag from /home/vscode/.local/lib/python3.10/site-packages/airflow/example_dags/example_branch_labels.py
[2024-09-24T21:07:22.894+0000] {processor.py:836} INFO - DAG(s) dict_keys(['example_branch_labels']) retrieved from /home/vscode/.local/lib/python3.10/site-packages/airflow/example_dags/example_branch_labels.py
[2024-09-24T21:07:22.906+0000] {logging_mixin.py:150} INFO - [2024-09-24T21:07:22.906+0000] {dag.py:2742} INFO - Sync 1 DAGs
[2024-09-24T21:07:22.921+0000] {logging_mixin.py:150} INFO - [2024-09-24T21:07:22.921+0000] {dag.py:3504} INFO - Setting next_dagrun for example_branch_labels to 2024-09-23T00:00:00+00:00, run_after=2024-09-24T00:00:00+00:00
[2024-09-24T21:07:22.960+0000] {processor.py:179} INFO - Processing /home/vscode/.local/lib/python3.10/site-packages/airflow/example_dags/example_branch_labels.py took 0.075 seconds
