[2024-09-24T21:03:38.276+0000] {processor.py:157} INFO - Started process (PID=4891) to work on /home/vscode/.local/lib/python3.10/site-packages/airflow/example_dags/example_task_group.py
[2024-09-24T21:03:38.276+0000] {processor.py:826} INFO - Processing file /home/vscode/.local/lib/python3.10/site-packages/airflow/example_dags/example_task_group.py for tasks to queue
[2024-09-24T21:03:38.277+0000] {logging_mixin.py:150} INFO - [2024-09-24T21:03:38.276+0000] {dagbag.py:541} INFO - Filling up the DagBag from /home/vscode/.local/lib/python3.10/site-packages/airflow/example_dags/example_task_group.py
[2024-09-24T21:03:38.284+0000] {processor.py:836} INFO - DAG(s) dict_keys(['example_task_group']) retrieved from /home/vscode/.local/lib/python3.10/site-packages/airflow/example_dags/example_task_group.py
[2024-09-24T21:03:38.488+0000] {logging_mixin.py:150} INFO - [2024-09-24T21:03:38.488+0000] {manager.py:504} INFO - Created Permission View: can delete on DAG:example_task_group
[2024-09-24T21:03:38.522+0000] {logging_mixin.py:150} INFO - [2024-09-24T21:03:38.522+0000] {manager.py:504} INFO - Created Permission View: can read on DAG:example_task_group
[2024-09-24T21:03:38.558+0000] {logging_mixin.py:150} INFO - [2024-09-24T21:03:38.558+0000] {manager.py:504} INFO - Created Permission View: can edit on DAG:example_task_group
[2024-09-24T21:03:38.567+0000] {logging_mixin.py:150} INFO - [2024-09-24T21:03:38.567+0000] {dag.py:2742} INFO - Sync 1 DAGs
[2024-09-24T21:03:38.573+0000] {logging_mixin.py:150} INFO - [2024-09-24T21:03:38.573+0000] {dag.py:2763} INFO - Creating ORM DAG for example_task_group
[2024-09-24T21:03:38.581+0000] {logging_mixin.py:150} INFO - [2024-09-24T21:03:38.581+0000] {dag.py:3504} INFO - Setting next_dagrun for example_task_group to 2024-09-23T21:03:38.581583+00:00, run_after=2024-09-24T21:03:38.581583+00:00
[2024-09-24T21:03:38.637+0000] {processor.py:179} INFO - Processing /home/vscode/.local/lib/python3.10/site-packages/airflow/example_dags/example_task_group.py took 0.363 seconds
[2024-09-24T21:04:31.550+0000] {processor.py:157} INFO - Started process (PID=5269) to work on /home/vscode/.local/lib/python3.10/site-packages/airflow/example_dags/example_task_group.py
[2024-09-24T21:04:31.551+0000] {processor.py:826} INFO - Processing file /home/vscode/.local/lib/python3.10/site-packages/airflow/example_dags/example_task_group.py for tasks to queue
[2024-09-24T21:04:31.552+0000] {logging_mixin.py:150} INFO - [2024-09-24T21:04:31.551+0000] {dagbag.py:541} INFO - Filling up the DagBag from /home/vscode/.local/lib/python3.10/site-packages/airflow/example_dags/example_task_group.py
[2024-09-24T21:04:31.558+0000] {processor.py:836} INFO - DAG(s) dict_keys(['example_task_group']) retrieved from /home/vscode/.local/lib/python3.10/site-packages/airflow/example_dags/example_task_group.py
[2024-09-24T21:04:31.571+0000] {logging_mixin.py:150} INFO - [2024-09-24T21:04:31.571+0000] {dag.py:2742} INFO - Sync 1 DAGs
[2024-09-24T21:04:31.586+0000] {logging_mixin.py:150} INFO - [2024-09-24T21:04:31.585+0000] {dag.py:3504} INFO - Setting next_dagrun for example_task_group to 2024-09-23T21:04:31.585814+00:00, run_after=2024-09-24T21:04:31.585814+00:00
[2024-09-24T21:04:31.622+0000] {processor.py:179} INFO - Processing /home/vscode/.local/lib/python3.10/site-packages/airflow/example_dags/example_task_group.py took 0.074 seconds
[2024-09-24T21:05:18.199+0000] {processor.py:157} INFO - Started process (PID=5726) to work on /home/vscode/.local/lib/python3.10/site-packages/airflow/example_dags/example_task_group.py
[2024-09-24T21:05:18.199+0000] {processor.py:826} INFO - Processing file /home/vscode/.local/lib/python3.10/site-packages/airflow/example_dags/example_task_group.py for tasks to queue
[2024-09-24T21:05:18.200+0000] {logging_mixin.py:150} INFO - [2024-09-24T21:05:18.200+0000] {dagbag.py:541} INFO - Filling up the DagBag from /home/vscode/.local/lib/python3.10/site-packages/airflow/example_dags/example_task_group.py
[2024-09-24T21:05:18.206+0000] {processor.py:836} INFO - DAG(s) dict_keys(['example_task_group']) retrieved from /home/vscode/.local/lib/python3.10/site-packages/airflow/example_dags/example_task_group.py
[2024-09-24T21:05:18.218+0000] {logging_mixin.py:150} INFO - [2024-09-24T21:05:18.218+0000] {dag.py:2742} INFO - Sync 1 DAGs
[2024-09-24T21:05:18.231+0000] {logging_mixin.py:150} INFO - [2024-09-24T21:05:18.231+0000] {dag.py:3504} INFO - Setting next_dagrun for example_task_group to 2024-09-23T21:05:18.231663+00:00, run_after=2024-09-24T21:05:18.231663+00:00
[2024-09-24T21:05:18.285+0000] {processor.py:179} INFO - Processing /home/vscode/.local/lib/python3.10/site-packages/airflow/example_dags/example_task_group.py took 0.088 seconds
[2024-09-24T21:06:02.557+0000] {processor.py:157} INFO - Started process (PID=6195) to work on /home/vscode/.local/lib/python3.10/site-packages/airflow/example_dags/example_task_group.py
[2024-09-24T21:06:02.558+0000] {processor.py:826} INFO - Processing file /home/vscode/.local/lib/python3.10/site-packages/airflow/example_dags/example_task_group.py for tasks to queue
[2024-09-24T21:06:02.559+0000] {logging_mixin.py:150} INFO - [2024-09-24T21:06:02.558+0000] {dagbag.py:541} INFO - Filling up the DagBag from /home/vscode/.local/lib/python3.10/site-packages/airflow/example_dags/example_task_group.py
[2024-09-24T21:06:02.565+0000] {processor.py:836} INFO - DAG(s) dict_keys(['example_task_group']) retrieved from /home/vscode/.local/lib/python3.10/site-packages/airflow/example_dags/example_task_group.py
[2024-09-24T21:06:02.577+0000] {logging_mixin.py:150} INFO - [2024-09-24T21:06:02.577+0000] {dag.py:2742} INFO - Sync 1 DAGs
[2024-09-24T21:06:02.591+0000] {logging_mixin.py:150} INFO - [2024-09-24T21:06:02.591+0000] {dag.py:3504} INFO - Setting next_dagrun for example_task_group to 2024-09-23T21:06:02.591515+00:00, run_after=2024-09-24T21:06:02.591515+00:00
[2024-09-24T21:06:02.633+0000] {processor.py:179} INFO - Processing /home/vscode/.local/lib/python3.10/site-packages/airflow/example_dags/example_task_group.py took 0.078 seconds
[2024-09-24T21:06:46.609+0000] {processor.py:157} INFO - Started process (PID=6685) to work on /home/vscode/.local/lib/python3.10/site-packages/airflow/example_dags/example_task_group.py
[2024-09-24T21:06:46.610+0000] {processor.py:826} INFO - Processing file /home/vscode/.local/lib/python3.10/site-packages/airflow/example_dags/example_task_group.py for tasks to queue
[2024-09-24T21:06:46.610+0000] {logging_mixin.py:150} INFO - [2024-09-24T21:06:46.610+0000] {dagbag.py:541} INFO - Filling up the DagBag from /home/vscode/.local/lib/python3.10/site-packages/airflow/example_dags/example_task_group.py
[2024-09-24T21:06:46.616+0000] {processor.py:836} INFO - DAG(s) dict_keys(['example_task_group']) retrieved from /home/vscode/.local/lib/python3.10/site-packages/airflow/example_dags/example_task_group.py
[2024-09-24T21:06:46.628+0000] {logging_mixin.py:150} INFO - [2024-09-24T21:06:46.628+0000] {dag.py:2742} INFO - Sync 1 DAGs
[2024-09-24T21:06:46.643+0000] {logging_mixin.py:150} INFO - [2024-09-24T21:06:46.643+0000] {dag.py:3504} INFO - Setting next_dagrun for example_task_group to 2024-09-23T21:06:46.642963+00:00, run_after=2024-09-24T21:06:46.642963+00:00
[2024-09-24T21:06:46.688+0000] {processor.py:179} INFO - Processing /home/vscode/.local/lib/python3.10/site-packages/airflow/example_dags/example_task_group.py took 0.081 seconds
[2024-09-24T21:07:27.469+0000] {processor.py:157} INFO - Started process (PID=7037) to work on /home/vscode/.local/lib/python3.10/site-packages/airflow/example_dags/example_task_group.py
[2024-09-24T21:07:27.470+0000] {processor.py:826} INFO - Processing file /home/vscode/.local/lib/python3.10/site-packages/airflow/example_dags/example_task_group.py for tasks to queue
[2024-09-24T21:07:27.471+0000] {logging_mixin.py:150} INFO - [2024-09-24T21:07:27.470+0000] {dagbag.py:541} INFO - Filling up the DagBag from /home/vscode/.local/lib/python3.10/site-packages/airflow/example_dags/example_task_group.py
[2024-09-24T21:07:27.477+0000] {processor.py:836} INFO - DAG(s) dict_keys(['example_task_group']) retrieved from /home/vscode/.local/lib/python3.10/site-packages/airflow/example_dags/example_task_group.py
[2024-09-24T21:07:27.489+0000] {logging_mixin.py:150} INFO - [2024-09-24T21:07:27.489+0000] {dag.py:2742} INFO - Sync 1 DAGs
[2024-09-24T21:07:27.503+0000] {logging_mixin.py:150} INFO - [2024-09-24T21:07:27.503+0000] {dag.py:3504} INFO - Setting next_dagrun for example_task_group to 2024-09-23T21:07:27.503085+00:00, run_after=2024-09-24T21:07:27.503085+00:00
[2024-09-24T21:07:27.553+0000] {processor.py:179} INFO - Processing /home/vscode/.local/lib/python3.10/site-packages/airflow/example_dags/example_task_group.py took 0.086 seconds
