[2024-09-24T21:04:03.704+0000] {processor.py:157} INFO - Started process (PID=5068) to work on /home/vscode/.local/lib/python3.10/site-packages/airflow/example_dags/example_dynamic_task_mapping.py
[2024-09-24T21:04:03.704+0000] {processor.py:826} INFO - Processing file /home/vscode/.local/lib/python3.10/site-packages/airflow/example_dags/example_dynamic_task_mapping.py for tasks to queue
[2024-09-24T21:04:03.705+0000] {logging_mixin.py:150} INFO - [2024-09-24T21:04:03.705+0000] {dagbag.py:541} INFO - Filling up the DagBag from /home/vscode/.local/lib/python3.10/site-packages/airflow/example_dags/example_dynamic_task_mapping.py
[2024-09-24T21:04:03.803+0000] {processor.py:836} INFO - DAG(s) dict_keys(['example_dynamic_task_mapping']) retrieved from /home/vscode/.local/lib/python3.10/site-packages/airflow/example_dags/example_dynamic_task_mapping.py
[2024-09-24T21:04:03.938+0000] {logging_mixin.py:150} INFO - [2024-09-24T21:04:03.938+0000] {manager.py:504} INFO - Created Permission View: can delete on DAG:example_dynamic_task_mapping
[2024-09-24T21:04:03.981+0000] {logging_mixin.py:150} INFO - [2024-09-24T21:04:03.981+0000] {manager.py:504} INFO - Created Permission View: can read on DAG:example_dynamic_task_mapping
[2024-09-24T21:04:04.010+0000] {logging_mixin.py:150} INFO - [2024-09-24T21:04:04.009+0000] {manager.py:504} INFO - Created Permission View: can edit on DAG:example_dynamic_task_mapping
[2024-09-24T21:04:04.022+0000] {logging_mixin.py:150} INFO - [2024-09-24T21:04:04.022+0000] {dag.py:2742} INFO - Sync 1 DAGs
[2024-09-24T21:04:04.030+0000] {logging_mixin.py:150} INFO - [2024-09-24T21:04:04.029+0000] {dag.py:2763} INFO - Creating ORM DAG for example_dynamic_task_mapping
[2024-09-24T21:04:04.036+0000] {logging_mixin.py:150} INFO - [2024-09-24T21:04:04.035+0000] {dag.py:3504} INFO - Setting next_dagrun for example_dynamic_task_mapping to 2022-03-04T00:00:00+00:00, run_after=2022-03-05T00:00:00+00:00
[2024-09-24T21:04:04.087+0000] {processor.py:179} INFO - Processing /home/vscode/.local/lib/python3.10/site-packages/airflow/example_dags/example_dynamic_task_mapping.py took 0.386 seconds
[2024-09-24T21:04:53.026+0000] {processor.py:157} INFO - Started process (PID=5458) to work on /home/vscode/.local/lib/python3.10/site-packages/airflow/example_dags/example_dynamic_task_mapping.py
[2024-09-24T21:04:53.026+0000] {processor.py:826} INFO - Processing file /home/vscode/.local/lib/python3.10/site-packages/airflow/example_dags/example_dynamic_task_mapping.py for tasks to queue
[2024-09-24T21:04:53.027+0000] {logging_mixin.py:150} INFO - [2024-09-24T21:04:53.027+0000] {dagbag.py:541} INFO - Filling up the DagBag from /home/vscode/.local/lib/python3.10/site-packages/airflow/example_dags/example_dynamic_task_mapping.py
[2024-09-24T21:04:53.032+0000] {processor.py:836} INFO - DAG(s) dict_keys(['example_dynamic_task_mapping']) retrieved from /home/vscode/.local/lib/python3.10/site-packages/airflow/example_dags/example_dynamic_task_mapping.py
[2024-09-24T21:04:53.043+0000] {logging_mixin.py:150} INFO - [2024-09-24T21:04:53.043+0000] {dag.py:2742} INFO - Sync 1 DAGs
[2024-09-24T21:04:53.057+0000] {logging_mixin.py:150} INFO - [2024-09-24T21:04:53.057+0000] {dag.py:3504} INFO - Setting next_dagrun for example_dynamic_task_mapping to 2022-03-04T00:00:00+00:00, run_after=2022-03-05T00:00:00+00:00
[2024-09-24T21:04:53.090+0000] {processor.py:179} INFO - Processing /home/vscode/.local/lib/python3.10/site-packages/airflow/example_dags/example_dynamic_task_mapping.py took 0.067 seconds
[2024-09-24T21:05:40.768+0000] {processor.py:157} INFO - Started process (PID=5975) to work on /home/vscode/.local/lib/python3.10/site-packages/airflow/example_dags/example_dynamic_task_mapping.py
[2024-09-24T21:05:40.768+0000] {processor.py:826} INFO - Processing file /home/vscode/.local/lib/python3.10/site-packages/airflow/example_dags/example_dynamic_task_mapping.py for tasks to queue
[2024-09-24T21:05:40.769+0000] {logging_mixin.py:150} INFO - [2024-09-24T21:05:40.769+0000] {dagbag.py:541} INFO - Filling up the DagBag from /home/vscode/.local/lib/python3.10/site-packages/airflow/example_dags/example_dynamic_task_mapping.py
[2024-09-24T21:05:40.774+0000] {processor.py:836} INFO - DAG(s) dict_keys(['example_dynamic_task_mapping']) retrieved from /home/vscode/.local/lib/python3.10/site-packages/airflow/example_dags/example_dynamic_task_mapping.py
[2024-09-24T21:05:40.788+0000] {logging_mixin.py:150} INFO - [2024-09-24T21:05:40.787+0000] {dag.py:2742} INFO - Sync 1 DAGs
[2024-09-24T21:05:40.810+0000] {logging_mixin.py:150} INFO - [2024-09-24T21:05:40.809+0000] {dag.py:3504} INFO - Setting next_dagrun for example_dynamic_task_mapping to 2022-03-04T00:00:00+00:00, run_after=2022-03-05T00:00:00+00:00
[2024-09-24T21:05:40.845+0000] {processor.py:179} INFO - Processing /home/vscode/.local/lib/python3.10/site-packages/airflow/example_dags/example_dynamic_task_mapping.py took 0.080 seconds
[2024-09-24T21:06:25.214+0000] {processor.py:157} INFO - Started process (PID=6450) to work on /home/vscode/.local/lib/python3.10/site-packages/airflow/example_dags/example_dynamic_task_mapping.py
[2024-09-24T21:06:25.215+0000] {processor.py:826} INFO - Processing file /home/vscode/.local/lib/python3.10/site-packages/airflow/example_dags/example_dynamic_task_mapping.py for tasks to queue
[2024-09-24T21:06:25.216+0000] {logging_mixin.py:150} INFO - [2024-09-24T21:06:25.215+0000] {dagbag.py:541} INFO - Filling up the DagBag from /home/vscode/.local/lib/python3.10/site-packages/airflow/example_dags/example_dynamic_task_mapping.py
[2024-09-24T21:06:25.221+0000] {processor.py:836} INFO - DAG(s) dict_keys(['example_dynamic_task_mapping']) retrieved from /home/vscode/.local/lib/python3.10/site-packages/airflow/example_dags/example_dynamic_task_mapping.py
[2024-09-24T21:06:25.231+0000] {logging_mixin.py:150} INFO - [2024-09-24T21:06:25.231+0000] {dag.py:2742} INFO - Sync 1 DAGs
[2024-09-24T21:06:25.246+0000] {logging_mixin.py:150} INFO - [2024-09-24T21:06:25.245+0000] {dag.py:3504} INFO - Setting next_dagrun for example_dynamic_task_mapping to 2022-03-04T00:00:00+00:00, run_after=2022-03-05T00:00:00+00:00
[2024-09-24T21:06:25.288+0000] {processor.py:179} INFO - Processing /home/vscode/.local/lib/python3.10/site-packages/airflow/example_dags/example_dynamic_task_mapping.py took 0.075 seconds
[2024-09-24T21:07:08.558+0000] {processor.py:157} INFO - Started process (PID=6872) to work on /home/vscode/.local/lib/python3.10/site-packages/airflow/example_dags/example_dynamic_task_mapping.py
[2024-09-24T21:07:08.558+0000] {processor.py:826} INFO - Processing file /home/vscode/.local/lib/python3.10/site-packages/airflow/example_dags/example_dynamic_task_mapping.py for tasks to queue
[2024-09-24T21:07:08.559+0000] {logging_mixin.py:150} INFO - [2024-09-24T21:07:08.559+0000] {dagbag.py:541} INFO - Filling up the DagBag from /home/vscode/.local/lib/python3.10/site-packages/airflow/example_dags/example_dynamic_task_mapping.py
[2024-09-24T21:07:08.565+0000] {processor.py:836} INFO - DAG(s) dict_keys(['example_dynamic_task_mapping']) retrieved from /home/vscode/.local/lib/python3.10/site-packages/airflow/example_dags/example_dynamic_task_mapping.py
[2024-09-24T21:07:08.575+0000] {logging_mixin.py:150} INFO - [2024-09-24T21:07:08.575+0000] {dag.py:2742} INFO - Sync 1 DAGs
[2024-09-24T21:07:08.589+0000] {logging_mixin.py:150} INFO - [2024-09-24T21:07:08.589+0000] {dag.py:3504} INFO - Setting next_dagrun for example_dynamic_task_mapping to 2022-03-04T00:00:00+00:00, run_after=2022-03-05T00:00:00+00:00
[2024-09-24T21:07:08.630+0000] {processor.py:179} INFO - Processing /home/vscode/.local/lib/python3.10/site-packages/airflow/example_dags/example_dynamic_task_mapping.py took 0.074 seconds
[2024-09-24T21:07:52.907+0000] {processor.py:157} INFO - Started process (PID=7251) to work on /home/vscode/.local/lib/python3.10/site-packages/airflow/example_dags/example_dynamic_task_mapping.py
[2024-09-24T21:07:52.908+0000] {processor.py:826} INFO - Processing file /home/vscode/.local/lib/python3.10/site-packages/airflow/example_dags/example_dynamic_task_mapping.py for tasks to queue
[2024-09-24T21:07:52.908+0000] {logging_mixin.py:150} INFO - [2024-09-24T21:07:52.908+0000] {dagbag.py:541} INFO - Filling up the DagBag from /home/vscode/.local/lib/python3.10/site-packages/airflow/example_dags/example_dynamic_task_mapping.py
[2024-09-24T21:07:52.914+0000] {processor.py:836} INFO - DAG(s) dict_keys(['example_dynamic_task_mapping']) retrieved from /home/vscode/.local/lib/python3.10/site-packages/airflow/example_dags/example_dynamic_task_mapping.py
[2024-09-24T21:07:52.924+0000] {logging_mixin.py:150} INFO - [2024-09-24T21:07:52.924+0000] {dag.py:2742} INFO - Sync 1 DAGs
[2024-09-24T21:07:52.938+0000] {logging_mixin.py:150} INFO - [2024-09-24T21:07:52.938+0000] {dag.py:3504} INFO - Setting next_dagrun for example_dynamic_task_mapping to 2022-03-04T00:00:00+00:00, run_after=2022-03-05T00:00:00+00:00
[2024-09-24T21:07:52.975+0000] {processor.py:179} INFO - Processing /home/vscode/.local/lib/python3.10/site-packages/airflow/example_dags/example_dynamic_task_mapping.py took 0.071 seconds
