[2024-09-24T21:04:02.267+0000] {processor.py:157} INFO - Started process (PID=5054) to work on /home/vscode/.local/lib/python3.10/site-packages/airflow/example_dags/example_dynamic_task_mapping_with_no_taskflow_operators.py
[2024-09-24T21:04:02.268+0000] {processor.py:826} INFO - Processing file /home/vscode/.local/lib/python3.10/site-packages/airflow/example_dags/example_dynamic_task_mapping_with_no_taskflow_operators.py for tasks to queue
[2024-09-24T21:04:02.268+0000] {logging_mixin.py:150} INFO - [2024-09-24T21:04:02.268+0000] {dagbag.py:541} INFO - Filling up the DagBag from /home/vscode/.local/lib/python3.10/site-packages/airflow/example_dags/example_dynamic_task_mapping_with_no_taskflow_operators.py
[2024-09-24T21:04:02.349+0000] {processor.py:836} INFO - DAG(s) dict_keys(['example_dynamic_task_mapping_with_no_taskflow_operators']) retrieved from /home/vscode/.local/lib/python3.10/site-packages/airflow/example_dags/example_dynamic_task_mapping_with_no_taskflow_operators.py
[2024-09-24T21:04:02.475+0000] {logging_mixin.py:150} INFO - [2024-09-24T21:04:02.474+0000] {manager.py:504} INFO - Created Permission View: can delete on DAG:example_dynamic_task_mapping_with_no_taskflow_operators
[2024-09-24T21:04:02.512+0000] {logging_mixin.py:150} INFO - [2024-09-24T21:04:02.512+0000] {manager.py:504} INFO - Created Permission View: can read on DAG:example_dynamic_task_mapping_with_no_taskflow_operators
[2024-09-24T21:04:02.548+0000] {logging_mixin.py:150} INFO - [2024-09-24T21:04:02.548+0000] {manager.py:504} INFO - Created Permission View: can edit on DAG:example_dynamic_task_mapping_with_no_taskflow_operators
[2024-09-24T21:04:02.556+0000] {logging_mixin.py:150} INFO - [2024-09-24T21:04:02.556+0000] {dag.py:2742} INFO - Sync 1 DAGs
[2024-09-24T21:04:02.563+0000] {logging_mixin.py:150} INFO - [2024-09-24T21:04:02.563+0000] {dag.py:2763} INFO - Creating ORM DAG for example_dynamic_task_mapping_with_no_taskflow_operators
[2024-09-24T21:04:02.569+0000] {logging_mixin.py:150} INFO - [2024-09-24T21:04:02.569+0000] {dag.py:3504} INFO - Setting next_dagrun for example_dynamic_task_mapping_with_no_taskflow_operators to 2024-09-23T21:04:02.569460+00:00, run_after=2024-09-24T21:04:02.569460+00:00
[2024-09-24T21:04:02.627+0000] {processor.py:179} INFO - Processing /home/vscode/.local/lib/python3.10/site-packages/airflow/example_dags/example_dynamic_task_mapping_with_no_taskflow_operators.py took 0.362 seconds
[2024-09-24T21:04:51.794+0000] {processor.py:157} INFO - Started process (PID=5434) to work on /home/vscode/.local/lib/python3.10/site-packages/airflow/example_dags/example_dynamic_task_mapping_with_no_taskflow_operators.py
[2024-09-24T21:04:51.794+0000] {processor.py:826} INFO - Processing file /home/vscode/.local/lib/python3.10/site-packages/airflow/example_dags/example_dynamic_task_mapping_with_no_taskflow_operators.py for tasks to queue
[2024-09-24T21:04:51.795+0000] {logging_mixin.py:150} INFO - [2024-09-24T21:04:51.795+0000] {dagbag.py:541} INFO - Filling up the DagBag from /home/vscode/.local/lib/python3.10/site-packages/airflow/example_dags/example_dynamic_task_mapping_with_no_taskflow_operators.py
[2024-09-24T21:04:51.806+0000] {processor.py:836} INFO - DAG(s) dict_keys(['example_dynamic_task_mapping_with_no_taskflow_operators']) retrieved from /home/vscode/.local/lib/python3.10/site-packages/airflow/example_dags/example_dynamic_task_mapping_with_no_taskflow_operators.py
[2024-09-24T21:04:51.828+0000] {logging_mixin.py:150} INFO - [2024-09-24T21:04:51.828+0000] {dag.py:2742} INFO - Sync 1 DAGs
[2024-09-24T21:04:51.864+0000] {logging_mixin.py:150} INFO - [2024-09-24T21:04:51.864+0000] {dag.py:3504} INFO - Setting next_dagrun for example_dynamic_task_mapping_with_no_taskflow_operators to 2024-09-23T21:04:51.864113+00:00, run_after=2024-09-24T21:04:51.864113+00:00
[2024-09-24T21:04:51.911+0000] {processor.py:179} INFO - Processing /home/vscode/.local/lib/python3.10/site-packages/airflow/example_dags/example_dynamic_task_mapping_with_no_taskflow_operators.py took 0.121 seconds
[2024-09-24T21:05:39.607+0000] {processor.py:157} INFO - Started process (PID=5955) to work on /home/vscode/.local/lib/python3.10/site-packages/airflow/example_dags/example_dynamic_task_mapping_with_no_taskflow_operators.py
[2024-09-24T21:05:39.608+0000] {processor.py:826} INFO - Processing file /home/vscode/.local/lib/python3.10/site-packages/airflow/example_dags/example_dynamic_task_mapping_with_no_taskflow_operators.py for tasks to queue
[2024-09-24T21:05:39.608+0000] {logging_mixin.py:150} INFO - [2024-09-24T21:05:39.608+0000] {dagbag.py:541} INFO - Filling up the DagBag from /home/vscode/.local/lib/python3.10/site-packages/airflow/example_dags/example_dynamic_task_mapping_with_no_taskflow_operators.py
[2024-09-24T21:05:39.614+0000] {processor.py:836} INFO - DAG(s) dict_keys(['example_dynamic_task_mapping_with_no_taskflow_operators']) retrieved from /home/vscode/.local/lib/python3.10/site-packages/airflow/example_dags/example_dynamic_task_mapping_with_no_taskflow_operators.py
[2024-09-24T21:05:39.624+0000] {logging_mixin.py:150} INFO - [2024-09-24T21:05:39.624+0000] {dag.py:2742} INFO - Sync 1 DAGs
[2024-09-24T21:05:39.638+0000] {logging_mixin.py:150} INFO - [2024-09-24T21:05:39.637+0000] {dag.py:3504} INFO - Setting next_dagrun for example_dynamic_task_mapping_with_no_taskflow_operators to 2024-09-23T21:05:39.637822+00:00, run_after=2024-09-24T21:05:39.637822+00:00
[2024-09-24T21:05:39.681+0000] {processor.py:179} INFO - Processing /home/vscode/.local/lib/python3.10/site-packages/airflow/example_dags/example_dynamic_task_mapping_with_no_taskflow_operators.py took 0.076 seconds
[2024-09-24T21:06:23.982+0000] {processor.py:157} INFO - Started process (PID=6442) to work on /home/vscode/.local/lib/python3.10/site-packages/airflow/example_dags/example_dynamic_task_mapping_with_no_taskflow_operators.py
[2024-09-24T21:06:23.985+0000] {processor.py:826} INFO - Processing file /home/vscode/.local/lib/python3.10/site-packages/airflow/example_dags/example_dynamic_task_mapping_with_no_taskflow_operators.py for tasks to queue
[2024-09-24T21:06:23.987+0000] {logging_mixin.py:150} INFO - [2024-09-24T21:06:23.986+0000] {dagbag.py:541} INFO - Filling up the DagBag from /home/vscode/.local/lib/python3.10/site-packages/airflow/example_dags/example_dynamic_task_mapping_with_no_taskflow_operators.py
[2024-09-24T21:06:23.996+0000] {processor.py:836} INFO - DAG(s) dict_keys(['example_dynamic_task_mapping_with_no_taskflow_operators']) retrieved from /home/vscode/.local/lib/python3.10/site-packages/airflow/example_dags/example_dynamic_task_mapping_with_no_taskflow_operators.py
[2024-09-24T21:06:24.015+0000] {logging_mixin.py:150} INFO - [2024-09-24T21:06:24.015+0000] {dag.py:2742} INFO - Sync 1 DAGs
[2024-09-24T21:06:24.036+0000] {logging_mixin.py:150} INFO - [2024-09-24T21:06:24.035+0000] {dag.py:3504} INFO - Setting next_dagrun for example_dynamic_task_mapping_with_no_taskflow_operators to 2024-09-23T21:06:24.035624+00:00, run_after=2024-09-24T21:06:24.035624+00:00
[2024-09-24T21:06:24.097+0000] {processor.py:179} INFO - Processing /home/vscode/.local/lib/python3.10/site-packages/airflow/example_dags/example_dynamic_task_mapping_with_no_taskflow_operators.py took 0.119 seconds
[2024-09-24T21:07:07.423+0000] {processor.py:157} INFO - Started process (PID=6870) to work on /home/vscode/.local/lib/python3.10/site-packages/airflow/example_dags/example_dynamic_task_mapping_with_no_taskflow_operators.py
[2024-09-24T21:07:07.424+0000] {processor.py:826} INFO - Processing file /home/vscode/.local/lib/python3.10/site-packages/airflow/example_dags/example_dynamic_task_mapping_with_no_taskflow_operators.py for tasks to queue
[2024-09-24T21:07:07.424+0000] {logging_mixin.py:150} INFO - [2024-09-24T21:07:07.424+0000] {dagbag.py:541} INFO - Filling up the DagBag from /home/vscode/.local/lib/python3.10/site-packages/airflow/example_dags/example_dynamic_task_mapping_with_no_taskflow_operators.py
[2024-09-24T21:07:07.430+0000] {processor.py:836} INFO - DAG(s) dict_keys(['example_dynamic_task_mapping_with_no_taskflow_operators']) retrieved from /home/vscode/.local/lib/python3.10/site-packages/airflow/example_dags/example_dynamic_task_mapping_with_no_taskflow_operators.py
[2024-09-24T21:07:07.440+0000] {logging_mixin.py:150} INFO - [2024-09-24T21:07:07.440+0000] {dag.py:2742} INFO - Sync 1 DAGs
[2024-09-24T21:07:07.454+0000] {logging_mixin.py:150} INFO - [2024-09-24T21:07:07.454+0000] {dag.py:3504} INFO - Setting next_dagrun for example_dynamic_task_mapping_with_no_taskflow_operators to 2024-09-23T21:07:07.454477+00:00, run_after=2024-09-24T21:07:07.454477+00:00
[2024-09-24T21:07:07.498+0000] {processor.py:179} INFO - Processing /home/vscode/.local/lib/python3.10/site-packages/airflow/example_dags/example_dynamic_task_mapping_with_no_taskflow_operators.py took 0.077 seconds
[2024-09-24T21:07:52.743+0000] {processor.py:157} INFO - Started process (PID=7250) to work on /home/vscode/.local/lib/python3.10/site-packages/airflow/example_dags/example_dynamic_task_mapping_with_no_taskflow_operators.py
[2024-09-24T21:07:52.743+0000] {processor.py:826} INFO - Processing file /home/vscode/.local/lib/python3.10/site-packages/airflow/example_dags/example_dynamic_task_mapping_with_no_taskflow_operators.py for tasks to queue
[2024-09-24T21:07:52.744+0000] {logging_mixin.py:150} INFO - [2024-09-24T21:07:52.744+0000] {dagbag.py:541} INFO - Filling up the DagBag from /home/vscode/.local/lib/python3.10/site-packages/airflow/example_dags/example_dynamic_task_mapping_with_no_taskflow_operators.py
[2024-09-24T21:07:52.749+0000] {processor.py:836} INFO - DAG(s) dict_keys(['example_dynamic_task_mapping_with_no_taskflow_operators']) retrieved from /home/vscode/.local/lib/python3.10/site-packages/airflow/example_dags/example_dynamic_task_mapping_with_no_taskflow_operators.py
[2024-09-24T21:07:52.760+0000] {logging_mixin.py:150} INFO - [2024-09-24T21:07:52.760+0000] {dag.py:2742} INFO - Sync 1 DAGs
[2024-09-24T21:07:52.774+0000] {logging_mixin.py:150} INFO - [2024-09-24T21:07:52.774+0000] {dag.py:3504} INFO - Setting next_dagrun for example_dynamic_task_mapping_with_no_taskflow_operators to 2024-09-23T21:07:52.774273+00:00, run_after=2024-09-24T21:07:52.774273+00:00
[2024-09-24T21:07:52.807+0000] {processor.py:179} INFO - Processing /home/vscode/.local/lib/python3.10/site-packages/airflow/example_dags/example_dynamic_task_mapping_with_no_taskflow_operators.py took 0.066 seconds
