[2024-09-24T21:04:12.850+0000] {processor.py:157} INFO - Started process (PID=5131) to work on /home/vscode/.local/lib/python3.10/site-packages/airflow/example_dags/example_branch_day_of_week_operator.py
[2024-09-24T21:04:12.851+0000] {processor.py:826} INFO - Processing file /home/vscode/.local/lib/python3.10/site-packages/airflow/example_dags/example_branch_day_of_week_operator.py for tasks to queue
[2024-09-24T21:04:12.851+0000] {logging_mixin.py:150} INFO - [2024-09-24T21:04:12.851+0000] {dagbag.py:541} INFO - Filling up the DagBag from /home/vscode/.local/lib/python3.10/site-packages/airflow/example_dags/example_branch_day_of_week_operator.py
[2024-09-24T21:04:12.857+0000] {processor.py:836} INFO - DAG(s) dict_keys(['example_weekday_branch_operator']) retrieved from /home/vscode/.local/lib/python3.10/site-packages/airflow/example_dags/example_branch_day_of_week_operator.py
[2024-09-24T21:04:13.026+0000] {logging_mixin.py:150} INFO - [2024-09-24T21:04:13.025+0000] {manager.py:504} INFO - Created Permission View: can delete on DAG:example_weekday_branch_operator
[2024-09-24T21:04:13.074+0000] {logging_mixin.py:150} INFO - [2024-09-24T21:04:13.074+0000] {manager.py:504} INFO - Created Permission View: can read on DAG:example_weekday_branch_operator
[2024-09-24T21:04:13.107+0000] {logging_mixin.py:150} INFO - [2024-09-24T21:04:13.107+0000] {manager.py:504} INFO - Created Permission View: can edit on DAG:example_weekday_branch_operator
[2024-09-24T21:04:13.117+0000] {logging_mixin.py:150} INFO - [2024-09-24T21:04:13.117+0000] {dag.py:2742} INFO - Sync 1 DAGs
[2024-09-24T21:04:13.124+0000] {logging_mixin.py:150} INFO - [2024-09-24T21:04:13.124+0000] {dag.py:2763} INFO - Creating ORM DAG for example_weekday_branch_operator
[2024-09-24T21:04:13.131+0000] {logging_mixin.py:150} INFO - [2024-09-24T21:04:13.131+0000] {dag.py:3504} INFO - Setting next_dagrun for example_weekday_branch_operator to 2024-09-23T00:00:00+00:00, run_after=2024-09-24T00:00:00+00:00
[2024-09-24T21:04:13.176+0000] {processor.py:179} INFO - Processing /home/vscode/.local/lib/python3.10/site-packages/airflow/example_dags/example_branch_day_of_week_operator.py took 0.328 seconds
[2024-09-24T21:05:11.962+0000] {processor.py:157} INFO - Started process (PID=5657) to work on /home/vscode/.local/lib/python3.10/site-packages/airflow/example_dags/example_branch_day_of_week_operator.py
[2024-09-24T21:05:11.962+0000] {processor.py:826} INFO - Processing file /home/vscode/.local/lib/python3.10/site-packages/airflow/example_dags/example_branch_day_of_week_operator.py for tasks to queue
[2024-09-24T21:05:11.963+0000] {logging_mixin.py:150} INFO - [2024-09-24T21:05:11.963+0000] {dagbag.py:541} INFO - Filling up the DagBag from /home/vscode/.local/lib/python3.10/site-packages/airflow/example_dags/example_branch_day_of_week_operator.py
[2024-09-24T21:05:11.968+0000] {processor.py:836} INFO - DAG(s) dict_keys(['example_weekday_branch_operator']) retrieved from /home/vscode/.local/lib/python3.10/site-packages/airflow/example_dags/example_branch_day_of_week_operator.py
[2024-09-24T21:05:11.981+0000] {logging_mixin.py:150} INFO - [2024-09-24T21:05:11.980+0000] {dag.py:2742} INFO - Sync 1 DAGs
[2024-09-24T21:05:11.995+0000] {logging_mixin.py:150} INFO - [2024-09-24T21:05:11.995+0000] {dag.py:3504} INFO - Setting next_dagrun for example_weekday_branch_operator to 2024-09-23T00:00:00+00:00, run_after=2024-09-24T00:00:00+00:00
[2024-09-24T21:05:12.044+0000] {processor.py:179} INFO - Processing /home/vscode/.local/lib/python3.10/site-packages/airflow/example_dags/example_branch_day_of_week_operator.py took 0.085 seconds
[2024-09-24T21:05:56.262+0000] {processor.py:157} INFO - Started process (PID=6132) to work on /home/vscode/.local/lib/python3.10/site-packages/airflow/example_dags/example_branch_day_of_week_operator.py
[2024-09-24T21:05:56.263+0000] {processor.py:826} INFO - Processing file /home/vscode/.local/lib/python3.10/site-packages/airflow/example_dags/example_branch_day_of_week_operator.py for tasks to queue
[2024-09-24T21:05:56.264+0000] {logging_mixin.py:150} INFO - [2024-09-24T21:05:56.263+0000] {dagbag.py:541} INFO - Filling up the DagBag from /home/vscode/.local/lib/python3.10/site-packages/airflow/example_dags/example_branch_day_of_week_operator.py
[2024-09-24T21:05:56.269+0000] {processor.py:836} INFO - DAG(s) dict_keys(['example_weekday_branch_operator']) retrieved from /home/vscode/.local/lib/python3.10/site-packages/airflow/example_dags/example_branch_day_of_week_operator.py
[2024-09-24T21:05:56.281+0000] {logging_mixin.py:150} INFO - [2024-09-24T21:05:56.281+0000] {dag.py:2742} INFO - Sync 1 DAGs
[2024-09-24T21:05:56.296+0000] {logging_mixin.py:150} INFO - [2024-09-24T21:05:56.296+0000] {dag.py:3504} INFO - Setting next_dagrun for example_weekday_branch_operator to 2024-09-23T00:00:00+00:00, run_after=2024-09-24T00:00:00+00:00
[2024-09-24T21:05:56.331+0000] {processor.py:179} INFO - Processing /home/vscode/.local/lib/python3.10/site-packages/airflow/example_dags/example_branch_day_of_week_operator.py took 0.071 seconds
[2024-09-24T21:06:41.972+0000] {processor.py:157} INFO - Started process (PID=6640) to work on /home/vscode/.local/lib/python3.10/site-packages/airflow/example_dags/example_branch_day_of_week_operator.py
[2024-09-24T21:06:41.973+0000] {processor.py:826} INFO - Processing file /home/vscode/.local/lib/python3.10/site-packages/airflow/example_dags/example_branch_day_of_week_operator.py for tasks to queue
[2024-09-24T21:06:41.974+0000] {logging_mixin.py:150} INFO - [2024-09-24T21:06:41.974+0000] {dagbag.py:541} INFO - Filling up the DagBag from /home/vscode/.local/lib/python3.10/site-packages/airflow/example_dags/example_branch_day_of_week_operator.py
[2024-09-24T21:06:41.982+0000] {processor.py:836} INFO - DAG(s) dict_keys(['example_weekday_branch_operator']) retrieved from /home/vscode/.local/lib/python3.10/site-packages/airflow/example_dags/example_branch_day_of_week_operator.py
[2024-09-24T21:06:41.999+0000] {logging_mixin.py:150} INFO - [2024-09-24T21:06:41.999+0000] {dag.py:2742} INFO - Sync 1 DAGs
[2024-09-24T21:06:42.015+0000] {logging_mixin.py:150} INFO - [2024-09-24T21:06:42.015+0000] {dag.py:3504} INFO - Setting next_dagrun for example_weekday_branch_operator to 2024-09-23T00:00:00+00:00, run_after=2024-09-24T00:00:00+00:00
[2024-09-24T21:06:42.058+0000] {processor.py:179} INFO - Processing /home/vscode/.local/lib/python3.10/site-packages/airflow/example_dags/example_branch_day_of_week_operator.py took 0.089 seconds
[2024-09-24T21:07:25.202+0000] {processor.py:157} INFO - Started process (PID=7005) to work on /home/vscode/.local/lib/python3.10/site-packages/airflow/example_dags/example_branch_day_of_week_operator.py
[2024-09-24T21:07:25.202+0000] {processor.py:826} INFO - Processing file /home/vscode/.local/lib/python3.10/site-packages/airflow/example_dags/example_branch_day_of_week_operator.py for tasks to queue
[2024-09-24T21:07:25.203+0000] {logging_mixin.py:150} INFO - [2024-09-24T21:07:25.203+0000] {dagbag.py:541} INFO - Filling up the DagBag from /home/vscode/.local/lib/python3.10/site-packages/airflow/example_dags/example_branch_day_of_week_operator.py
[2024-09-24T21:07:25.209+0000] {processor.py:836} INFO - DAG(s) dict_keys(['example_weekday_branch_operator']) retrieved from /home/vscode/.local/lib/python3.10/site-packages/airflow/example_dags/example_branch_day_of_week_operator.py
[2024-09-24T21:07:25.221+0000] {logging_mixin.py:150} INFO - [2024-09-24T21:07:25.221+0000] {dag.py:2742} INFO - Sync 1 DAGs
[2024-09-24T21:07:25.236+0000] {logging_mixin.py:150} INFO - [2024-09-24T21:07:25.236+0000] {dag.py:3504} INFO - Setting next_dagrun for example_weekday_branch_operator to 2024-09-23T00:00:00+00:00, run_after=2024-09-24T00:00:00+00:00
[2024-09-24T21:07:25.279+0000] {processor.py:179} INFO - Processing /home/vscode/.local/lib/python3.10/site-packages/airflow/example_dags/example_branch_day_of_week_operator.py took 0.079 seconds
