[2024-09-24T21:03:35.409+0000] {processor.py:157} INFO - Started process (PID=4868) to work on /home/vscode/.local/lib/python3.10/site-packages/airflow/example_dags/example_task_group_decorator.py
[2024-09-24T21:03:35.409+0000] {processor.py:826} INFO - Processing file /home/vscode/.local/lib/python3.10/site-packages/airflow/example_dags/example_task_group_decorator.py for tasks to queue
[2024-09-24T21:03:35.410+0000] {logging_mixin.py:150} INFO - [2024-09-24T21:03:35.409+0000] {dagbag.py:541} INFO - Filling up the DagBag from /home/vscode/.local/lib/python3.10/site-packages/airflow/example_dags/example_task_group_decorator.py
[2024-09-24T21:03:35.422+0000] {processor.py:836} INFO - DAG(s) dict_keys(['example_task_group_decorator']) retrieved from /home/vscode/.local/lib/python3.10/site-packages/airflow/example_dags/example_task_group_decorator.py
[2024-09-24T21:03:35.635+0000] {logging_mixin.py:150} INFO - [2024-09-24T21:03:35.634+0000] {manager.py:504} INFO - Created Permission View: can delete on DAG:example_task_group_decorator
[2024-09-24T21:03:35.665+0000] {logging_mixin.py:150} INFO - [2024-09-24T21:03:35.664+0000] {manager.py:504} INFO - Created Permission View: can read on DAG:example_task_group_decorator
[2024-09-24T21:03:35.700+0000] {logging_mixin.py:150} INFO - [2024-09-24T21:03:35.700+0000] {manager.py:504} INFO - Created Permission View: can edit on DAG:example_task_group_decorator
[2024-09-24T21:03:35.710+0000] {logging_mixin.py:150} INFO - [2024-09-24T21:03:35.709+0000] {dag.py:2742} INFO - Sync 1 DAGs
[2024-09-24T21:03:35.716+0000] {logging_mixin.py:150} INFO - [2024-09-24T21:03:35.716+0000] {dag.py:2763} INFO - Creating ORM DAG for example_task_group_decorator
[2024-09-24T21:03:35.722+0000] {logging_mixin.py:150} INFO - [2024-09-24T21:03:35.722+0000] {dag.py:3504} INFO - Setting next_dagrun for example_task_group_decorator to 2024-09-23T21:03:35.721995+00:00, run_after=2024-09-24T21:03:35.721995+00:00
[2024-09-24T21:03:35.775+0000] {processor.py:179} INFO - Processing /home/vscode/.local/lib/python3.10/site-packages/airflow/example_dags/example_task_group_decorator.py took 0.368 seconds
[2024-09-24T21:04:29.497+0000] {processor.py:157} INFO - Started process (PID=5253) to work on /home/vscode/.local/lib/python3.10/site-packages/airflow/example_dags/example_task_group_decorator.py
[2024-09-24T21:04:29.498+0000] {processor.py:826} INFO - Processing file /home/vscode/.local/lib/python3.10/site-packages/airflow/example_dags/example_task_group_decorator.py for tasks to queue
[2024-09-24T21:04:29.498+0000] {logging_mixin.py:150} INFO - [2024-09-24T21:04:29.498+0000] {dagbag.py:541} INFO - Filling up the DagBag from /home/vscode/.local/lib/python3.10/site-packages/airflow/example_dags/example_task_group_decorator.py
[2024-09-24T21:04:29.510+0000] {processor.py:836} INFO - DAG(s) dict_keys(['example_task_group_decorator']) retrieved from /home/vscode/.local/lib/python3.10/site-packages/airflow/example_dags/example_task_group_decorator.py
[2024-09-24T21:04:29.524+0000] {logging_mixin.py:150} INFO - [2024-09-24T21:04:29.524+0000] {dag.py:2742} INFO - Sync 1 DAGs
[2024-09-24T21:04:29.539+0000] {logging_mixin.py:150} INFO - [2024-09-24T21:04:29.539+0000] {dag.py:3504} INFO - Setting next_dagrun for example_task_group_decorator to 2024-09-23T21:04:29.539121+00:00, run_after=2024-09-24T21:04:29.539121+00:00
[2024-09-24T21:04:29.590+0000] {processor.py:179} INFO - Processing /home/vscode/.local/lib/python3.10/site-packages/airflow/example_dags/example_task_group_decorator.py took 0.095 seconds
[2024-09-24T21:05:15.988+0000] {processor.py:157} INFO - Started process (PID=5707) to work on /home/vscode/.local/lib/python3.10/site-packages/airflow/example_dags/example_task_group_decorator.py
[2024-09-24T21:05:15.989+0000] {processor.py:826} INFO - Processing file /home/vscode/.local/lib/python3.10/site-packages/airflow/example_dags/example_task_group_decorator.py for tasks to queue
[2024-09-24T21:05:15.990+0000] {logging_mixin.py:150} INFO - [2024-09-24T21:05:15.989+0000] {dagbag.py:541} INFO - Filling up the DagBag from /home/vscode/.local/lib/python3.10/site-packages/airflow/example_dags/example_task_group_decorator.py
[2024-09-24T21:05:16.001+0000] {processor.py:836} INFO - DAG(s) dict_keys(['example_task_group_decorator']) retrieved from /home/vscode/.local/lib/python3.10/site-packages/airflow/example_dags/example_task_group_decorator.py
[2024-09-24T21:05:16.015+0000] {logging_mixin.py:150} INFO - [2024-09-24T21:05:16.015+0000] {dag.py:2742} INFO - Sync 1 DAGs
[2024-09-24T21:05:16.029+0000] {logging_mixin.py:150} INFO - [2024-09-24T21:05:16.029+0000] {dag.py:3504} INFO - Setting next_dagrun for example_task_group_decorator to 2024-09-23T21:05:16.028822+00:00, run_after=2024-09-24T21:05:16.028822+00:00
[2024-09-24T21:05:16.069+0000] {processor.py:179} INFO - Processing /home/vscode/.local/lib/python3.10/site-packages/airflow/example_dags/example_task_group_decorator.py took 0.083 seconds
[2024-09-24T21:06:00.268+0000] {processor.py:157} INFO - Started process (PID=6167) to work on /home/vscode/.local/lib/python3.10/site-packages/airflow/example_dags/example_task_group_decorator.py
[2024-09-24T21:06:00.269+0000] {processor.py:826} INFO - Processing file /home/vscode/.local/lib/python3.10/site-packages/airflow/example_dags/example_task_group_decorator.py for tasks to queue
[2024-09-24T21:06:00.270+0000] {logging_mixin.py:150} INFO - [2024-09-24T21:06:00.269+0000] {dagbag.py:541} INFO - Filling up the DagBag from /home/vscode/.local/lib/python3.10/site-packages/airflow/example_dags/example_task_group_decorator.py
[2024-09-24T21:06:00.281+0000] {processor.py:836} INFO - DAG(s) dict_keys(['example_task_group_decorator']) retrieved from /home/vscode/.local/lib/python3.10/site-packages/airflow/example_dags/example_task_group_decorator.py
[2024-09-24T21:06:00.296+0000] {logging_mixin.py:150} INFO - [2024-09-24T21:06:00.296+0000] {dag.py:2742} INFO - Sync 1 DAGs
[2024-09-24T21:06:00.310+0000] {logging_mixin.py:150} INFO - [2024-09-24T21:06:00.310+0000] {dag.py:3504} INFO - Setting next_dagrun for example_task_group_decorator to 2024-09-23T21:06:00.309962+00:00, run_after=2024-09-24T21:06:00.309962+00:00
[2024-09-24T21:06:00.362+0000] {processor.py:179} INFO - Processing /home/vscode/.local/lib/python3.10/site-packages/airflow/example_dags/example_task_group_decorator.py took 0.096 seconds
[2024-09-24T21:06:39.885+0000] {processor.py:157} INFO - Started process (PID=6623) to work on /home/vscode/.local/lib/python3.10/site-packages/airflow/example_dags/example_task_group_decorator.py
[2024-09-24T21:06:39.886+0000] {processor.py:826} INFO - Processing file /home/vscode/.local/lib/python3.10/site-packages/airflow/example_dags/example_task_group_decorator.py for tasks to queue
[2024-09-24T21:06:39.886+0000] {logging_mixin.py:150} INFO - [2024-09-24T21:06:39.886+0000] {dagbag.py:541} INFO - Filling up the DagBag from /home/vscode/.local/lib/python3.10/site-packages/airflow/example_dags/example_task_group_decorator.py
[2024-09-24T21:06:39.898+0000] {processor.py:836} INFO - DAG(s) dict_keys(['example_task_group_decorator']) retrieved from /home/vscode/.local/lib/python3.10/site-packages/airflow/example_dags/example_task_group_decorator.py
[2024-09-24T21:06:39.911+0000] {logging_mixin.py:150} INFO - [2024-09-24T21:06:39.911+0000] {dag.py:2742} INFO - Sync 1 DAGs
[2024-09-24T21:06:39.925+0000] {logging_mixin.py:150} INFO - [2024-09-24T21:06:39.925+0000] {dag.py:3504} INFO - Setting next_dagrun for example_task_group_decorator to 2024-09-23T21:06:39.925208+00:00, run_after=2024-09-24T21:06:39.925208+00:00
[2024-09-24T21:06:39.961+0000] {processor.py:179} INFO - Processing /home/vscode/.local/lib/python3.10/site-packages/airflow/example_dags/example_task_group_decorator.py took 0.078 seconds
[2024-09-24T21:07:21.228+0000] {processor.py:157} INFO - Started process (PID=6965) to work on /home/vscode/.local/lib/python3.10/site-packages/airflow/example_dags/example_task_group_decorator.py
[2024-09-24T21:07:21.228+0000] {processor.py:826} INFO - Processing file /home/vscode/.local/lib/python3.10/site-packages/airflow/example_dags/example_task_group_decorator.py for tasks to queue
[2024-09-24T21:07:21.229+0000] {logging_mixin.py:150} INFO - [2024-09-24T21:07:21.229+0000] {dagbag.py:541} INFO - Filling up the DagBag from /home/vscode/.local/lib/python3.10/site-packages/airflow/example_dags/example_task_group_decorator.py
[2024-09-24T21:07:21.241+0000] {processor.py:836} INFO - DAG(s) dict_keys(['example_task_group_decorator']) retrieved from /home/vscode/.local/lib/python3.10/site-packages/airflow/example_dags/example_task_group_decorator.py
[2024-09-24T21:07:21.255+0000] {logging_mixin.py:150} INFO - [2024-09-24T21:07:21.255+0000] {dag.py:2742} INFO - Sync 1 DAGs
[2024-09-24T21:07:21.270+0000] {logging_mixin.py:150} INFO - [2024-09-24T21:07:21.270+0000] {dag.py:3504} INFO - Setting next_dagrun for example_task_group_decorator to 2024-09-23T21:07:21.270218+00:00, run_after=2024-09-24T21:07:21.270218+00:00
[2024-09-24T21:07:21.316+0000] {processor.py:179} INFO - Processing /home/vscode/.local/lib/python3.10/site-packages/airflow/example_dags/example_task_group_decorator.py took 0.090 seconds
