[2024-09-24T21:04:06.267+0000] {processor.py:157} INFO - Started process (PID=5087) to work on /home/vscode/.local/lib/python3.10/site-packages/airflow/example_dags/example_branch_operator_decorator.py
[2024-09-24T21:04:06.267+0000] {processor.py:826} INFO - Processing file /home/vscode/.local/lib/python3.10/site-packages/airflow/example_dags/example_branch_operator_decorator.py for tasks to queue
[2024-09-24T21:04:06.268+0000] {logging_mixin.py:150} INFO - [2024-09-24T21:04:06.268+0000] {dagbag.py:541} INFO - Filling up the DagBag from /home/vscode/.local/lib/python3.10/site-packages/airflow/example_dags/example_branch_operator_decorator.py
[2024-09-24T21:04:06.355+0000] {processor.py:836} INFO - DAG(s) dict_keys(['example_branch_python_operator_decorator']) retrieved from /home/vscode/.local/lib/python3.10/site-packages/airflow/example_dags/example_branch_operator_decorator.py
[2024-09-24T21:04:06.497+0000] {logging_mixin.py:150} INFO - [2024-09-24T21:04:06.497+0000] {manager.py:504} INFO - Created Permission View: can delete on DAG:example_branch_python_operator_decorator
[2024-09-24T21:04:06.539+0000] {logging_mixin.py:150} INFO - [2024-09-24T21:04:06.539+0000] {manager.py:504} INFO - Created Permission View: can read on DAG:example_branch_python_operator_decorator
[2024-09-24T21:04:06.569+0000] {logging_mixin.py:150} INFO - [2024-09-24T21:04:06.569+0000] {manager.py:504} INFO - Created Permission View: can edit on DAG:example_branch_python_operator_decorator
[2024-09-24T21:04:06.576+0000] {logging_mixin.py:150} INFO - [2024-09-24T21:04:06.576+0000] {dag.py:2742} INFO - Sync 1 DAGs
[2024-09-24T21:04:06.582+0000] {logging_mixin.py:150} INFO - [2024-09-24T21:04:06.582+0000] {dag.py:2763} INFO - Creating ORM DAG for example_branch_python_operator_decorator
[2024-09-24T21:04:06.589+0000] {logging_mixin.py:150} INFO - [2024-09-24T21:04:06.589+0000] {dag.py:3504} INFO - Setting next_dagrun for example_branch_python_operator_decorator to 2024-09-23T00:00:00+00:00, run_after=2024-09-24T00:00:00+00:00
[2024-09-24T21:04:06.653+0000] {processor.py:179} INFO - Processing /home/vscode/.local/lib/python3.10/site-packages/airflow/example_dags/example_branch_operator_decorator.py took 0.389 seconds
[2024-09-24T21:04:55.334+0000] {processor.py:157} INFO - Started process (PID=5489) to work on /home/vscode/.local/lib/python3.10/site-packages/airflow/example_dags/example_branch_operator_decorator.py
[2024-09-24T21:04:55.334+0000] {processor.py:826} INFO - Processing file /home/vscode/.local/lib/python3.10/site-packages/airflow/example_dags/example_branch_operator_decorator.py for tasks to queue
[2024-09-24T21:04:55.335+0000] {logging_mixin.py:150} INFO - [2024-09-24T21:04:55.335+0000] {dagbag.py:541} INFO - Filling up the DagBag from /home/vscode/.local/lib/python3.10/site-packages/airflow/example_dags/example_branch_operator_decorator.py
[2024-09-24T21:04:55.342+0000] {processor.py:836} INFO - DAG(s) dict_keys(['example_branch_python_operator_decorator']) retrieved from /home/vscode/.local/lib/python3.10/site-packages/airflow/example_dags/example_branch_operator_decorator.py
[2024-09-24T21:04:55.355+0000] {logging_mixin.py:150} INFO - [2024-09-24T21:04:55.355+0000] {dag.py:2742} INFO - Sync 1 DAGs
[2024-09-24T21:04:55.376+0000] {logging_mixin.py:150} INFO - [2024-09-24T21:04:55.375+0000] {dag.py:3504} INFO - Setting next_dagrun for example_branch_python_operator_decorator to 2024-09-23T00:00:00+00:00, run_after=2024-09-24T00:00:00+00:00
[2024-09-24T21:04:55.421+0000] {processor.py:179} INFO - Processing /home/vscode/.local/lib/python3.10/site-packages/airflow/example_dags/example_branch_operator_decorator.py took 0.090 seconds
[2024-09-24T21:05:42.302+0000] {processor.py:157} INFO - Started process (PID=5988) to work on /home/vscode/.local/lib/python3.10/site-packages/airflow/example_dags/example_branch_operator_decorator.py
[2024-09-24T21:05:42.303+0000] {processor.py:826} INFO - Processing file /home/vscode/.local/lib/python3.10/site-packages/airflow/example_dags/example_branch_operator_decorator.py for tasks to queue
[2024-09-24T21:05:42.303+0000] {logging_mixin.py:150} INFO - [2024-09-24T21:05:42.303+0000] {dagbag.py:541} INFO - Filling up the DagBag from /home/vscode/.local/lib/python3.10/site-packages/airflow/example_dags/example_branch_operator_decorator.py
[2024-09-24T21:05:42.311+0000] {processor.py:836} INFO - DAG(s) dict_keys(['example_branch_python_operator_decorator']) retrieved from /home/vscode/.local/lib/python3.10/site-packages/airflow/example_dags/example_branch_operator_decorator.py
[2024-09-24T21:05:42.324+0000] {logging_mixin.py:150} INFO - [2024-09-24T21:05:42.324+0000] {dag.py:2742} INFO - Sync 1 DAGs
[2024-09-24T21:05:42.340+0000] {logging_mixin.py:150} INFO - [2024-09-24T21:05:42.339+0000] {dag.py:3504} INFO - Setting next_dagrun for example_branch_python_operator_decorator to 2024-09-23T00:00:00+00:00, run_after=2024-09-24T00:00:00+00:00
[2024-09-24T21:05:42.382+0000] {processor.py:179} INFO - Processing /home/vscode/.local/lib/python3.10/site-packages/airflow/example_dags/example_branch_operator_decorator.py took 0.082 seconds
[2024-09-24T21:06:27.298+0000] {processor.py:157} INFO - Started process (PID=6475) to work on /home/vscode/.local/lib/python3.10/site-packages/airflow/example_dags/example_branch_operator_decorator.py
[2024-09-24T21:06:27.299+0000] {processor.py:826} INFO - Processing file /home/vscode/.local/lib/python3.10/site-packages/airflow/example_dags/example_branch_operator_decorator.py for tasks to queue
[2024-09-24T21:06:27.300+0000] {logging_mixin.py:150} INFO - [2024-09-24T21:06:27.299+0000] {dagbag.py:541} INFO - Filling up the DagBag from /home/vscode/.local/lib/python3.10/site-packages/airflow/example_dags/example_branch_operator_decorator.py
[2024-09-24T21:06:27.307+0000] {processor.py:836} INFO - DAG(s) dict_keys(['example_branch_python_operator_decorator']) retrieved from /home/vscode/.local/lib/python3.10/site-packages/airflow/example_dags/example_branch_operator_decorator.py
[2024-09-24T21:06:27.324+0000] {logging_mixin.py:150} INFO - [2024-09-24T21:06:27.324+0000] {dag.py:2742} INFO - Sync 1 DAGs
[2024-09-24T21:06:27.340+0000] {logging_mixin.py:150} INFO - [2024-09-24T21:06:27.340+0000] {dag.py:3504} INFO - Setting next_dagrun for example_branch_python_operator_decorator to 2024-09-23T00:00:00+00:00, run_after=2024-09-24T00:00:00+00:00
[2024-09-24T21:06:27.388+0000] {processor.py:179} INFO - Processing /home/vscode/.local/lib/python3.10/site-packages/airflow/example_dags/example_branch_operator_decorator.py took 0.092 seconds
[2024-09-24T21:07:10.824+0000] {processor.py:157} INFO - Started process (PID=6882) to work on /home/vscode/.local/lib/python3.10/site-packages/airflow/example_dags/example_branch_operator_decorator.py
[2024-09-24T21:07:10.825+0000] {processor.py:826} INFO - Processing file /home/vscode/.local/lib/python3.10/site-packages/airflow/example_dags/example_branch_operator_decorator.py for tasks to queue
[2024-09-24T21:07:10.825+0000] {logging_mixin.py:150} INFO - [2024-09-24T21:07:10.825+0000] {dagbag.py:541} INFO - Filling up the DagBag from /home/vscode/.local/lib/python3.10/site-packages/airflow/example_dags/example_branch_operator_decorator.py
[2024-09-24T21:07:10.833+0000] {processor.py:836} INFO - DAG(s) dict_keys(['example_branch_python_operator_decorator']) retrieved from /home/vscode/.local/lib/python3.10/site-packages/airflow/example_dags/example_branch_operator_decorator.py
[2024-09-24T21:07:10.846+0000] {logging_mixin.py:150} INFO - [2024-09-24T21:07:10.846+0000] {dag.py:2742} INFO - Sync 1 DAGs
[2024-09-24T21:07:10.861+0000] {logging_mixin.py:150} INFO - [2024-09-24T21:07:10.861+0000] {dag.py:3504} INFO - Setting next_dagrun for example_branch_python_operator_decorator to 2024-09-23T00:00:00+00:00, run_after=2024-09-24T00:00:00+00:00
[2024-09-24T21:07:10.924+0000] {processor.py:179} INFO - Processing /home/vscode/.local/lib/python3.10/site-packages/airflow/example_dags/example_branch_operator_decorator.py took 0.103 seconds
