[2024-09-24T21:03:42.418+0000] {processor.py:157} INFO - Started process (PID=4923) to work on /home/vscode/.local/lib/python3.10/site-packages/airflow/example_dags/example_short_circuit_decorator.py
[2024-09-24T21:03:42.419+0000] {processor.py:826} INFO - Processing file /home/vscode/.local/lib/python3.10/site-packages/airflow/example_dags/example_short_circuit_decorator.py for tasks to queue
[2024-09-24T21:03:42.420+0000] {logging_mixin.py:150} INFO - [2024-09-24T21:03:42.419+0000] {dagbag.py:541} INFO - Filling up the DagBag from /home/vscode/.local/lib/python3.10/site-packages/airflow/example_dags/example_short_circuit_decorator.py
[2024-09-24T21:03:42.427+0000] {processor.py:836} INFO - DAG(s) dict_keys(['example_short_circuit_decorator']) retrieved from /home/vscode/.local/lib/python3.10/site-packages/airflow/example_dags/example_short_circuit_decorator.py
[2024-09-24T21:03:42.638+0000] {logging_mixin.py:150} INFO - [2024-09-24T21:03:42.638+0000] {manager.py:504} INFO - Created Permission View: can delete on DAG:example_short_circuit_decorator
[2024-09-24T21:03:42.667+0000] {logging_mixin.py:150} INFO - [2024-09-24T21:03:42.667+0000] {manager.py:504} INFO - Created Permission View: can read on DAG:example_short_circuit_decorator
[2024-09-24T21:03:42.694+0000] {logging_mixin.py:150} INFO - [2024-09-24T21:03:42.694+0000] {manager.py:504} INFO - Created Permission View: can edit on DAG:example_short_circuit_decorator
[2024-09-24T21:03:42.703+0000] {logging_mixin.py:150} INFO - [2024-09-24T21:03:42.703+0000] {dag.py:2742} INFO - Sync 1 DAGs
[2024-09-24T21:03:42.710+0000] {logging_mixin.py:150} INFO - [2024-09-24T21:03:42.710+0000] {dag.py:2763} INFO - Creating ORM DAG for example_short_circuit_decorator
[2024-09-24T21:03:42.717+0000] {logging_mixin.py:150} INFO - [2024-09-24T21:03:42.716+0000] {dag.py:3504} INFO - Setting next_dagrun for example_short_circuit_decorator to 2024-09-23T21:03:42.716808+00:00, run_after=2024-09-24T21:03:42.716808+00:00
[2024-09-24T21:03:42.772+0000] {processor.py:179} INFO - Processing /home/vscode/.local/lib/python3.10/site-packages/airflow/example_dags/example_short_circuit_decorator.py took 0.355 seconds
[2024-09-24T21:04:35.525+0000] {processor.py:157} INFO - Started process (PID=5295) to work on /home/vscode/.local/lib/python3.10/site-packages/airflow/example_dags/example_short_circuit_decorator.py
[2024-09-24T21:04:35.526+0000] {processor.py:826} INFO - Processing file /home/vscode/.local/lib/python3.10/site-packages/airflow/example_dags/example_short_circuit_decorator.py for tasks to queue
[2024-09-24T21:04:35.528+0000] {logging_mixin.py:150} INFO - [2024-09-24T21:04:35.527+0000] {dagbag.py:541} INFO - Filling up the DagBag from /home/vscode/.local/lib/python3.10/site-packages/airflow/example_dags/example_short_circuit_decorator.py
[2024-09-24T21:04:35.541+0000] {processor.py:836} INFO - DAG(s) dict_keys(['example_short_circuit_decorator']) retrieved from /home/vscode/.local/lib/python3.10/site-packages/airflow/example_dags/example_short_circuit_decorator.py
[2024-09-24T21:04:35.561+0000] {logging_mixin.py:150} INFO - [2024-09-24T21:04:35.561+0000] {dag.py:2742} INFO - Sync 1 DAGs
[2024-09-24T21:04:35.580+0000] {logging_mixin.py:150} INFO - [2024-09-24T21:04:35.580+0000] {dag.py:3504} INFO - Setting next_dagrun for example_short_circuit_decorator to 2024-09-23T21:04:35.580193+00:00, run_after=2024-09-24T21:04:35.580193+00:00
[2024-09-24T21:04:35.625+0000] {processor.py:179} INFO - Processing /home/vscode/.local/lib/python3.10/site-packages/airflow/example_dags/example_short_circuit_decorator.py took 0.104 seconds
[2024-09-24T21:05:20.899+0000] {processor.py:157} INFO - Started process (PID=5772) to work on /home/vscode/.local/lib/python3.10/site-packages/airflow/example_dags/example_short_circuit_decorator.py
[2024-09-24T21:05:20.900+0000] {processor.py:826} INFO - Processing file /home/vscode/.local/lib/python3.10/site-packages/airflow/example_dags/example_short_circuit_decorator.py for tasks to queue
[2024-09-24T21:05:20.901+0000] {logging_mixin.py:150} INFO - [2024-09-24T21:05:20.900+0000] {dagbag.py:541} INFO - Filling up the DagBag from /home/vscode/.local/lib/python3.10/site-packages/airflow/example_dags/example_short_circuit_decorator.py
[2024-09-24T21:05:20.908+0000] {processor.py:836} INFO - DAG(s) dict_keys(['example_short_circuit_decorator']) retrieved from /home/vscode/.local/lib/python3.10/site-packages/airflow/example_dags/example_short_circuit_decorator.py
[2024-09-24T21:05:20.920+0000] {logging_mixin.py:150} INFO - [2024-09-24T21:05:20.920+0000] {dag.py:2742} INFO - Sync 1 DAGs
[2024-09-24T21:05:20.934+0000] {logging_mixin.py:150} INFO - [2024-09-24T21:05:20.934+0000] {dag.py:3504} INFO - Setting next_dagrun for example_short_circuit_decorator to 2024-09-23T21:05:20.934217+00:00, run_after=2024-09-24T21:05:20.934217+00:00
[2024-09-24T21:05:20.984+0000] {processor.py:179} INFO - Processing /home/vscode/.local/lib/python3.10/site-packages/airflow/example_dags/example_short_circuit_decorator.py took 0.087 seconds
[2024-09-24T21:06:06.577+0000] {processor.py:157} INFO - Started process (PID=6236) to work on /home/vscode/.local/lib/python3.10/site-packages/airflow/example_dags/example_short_circuit_decorator.py
[2024-09-24T21:06:06.578+0000] {processor.py:826} INFO - Processing file /home/vscode/.local/lib/python3.10/site-packages/airflow/example_dags/example_short_circuit_decorator.py for tasks to queue
[2024-09-24T21:06:06.578+0000] {logging_mixin.py:150} INFO - [2024-09-24T21:06:06.578+0000] {dagbag.py:541} INFO - Filling up the DagBag from /home/vscode/.local/lib/python3.10/site-packages/airflow/example_dags/example_short_circuit_decorator.py
[2024-09-24T21:06:06.585+0000] {processor.py:836} INFO - DAG(s) dict_keys(['example_short_circuit_decorator']) retrieved from /home/vscode/.local/lib/python3.10/site-packages/airflow/example_dags/example_short_circuit_decorator.py
[2024-09-24T21:06:06.598+0000] {logging_mixin.py:150} INFO - [2024-09-24T21:06:06.598+0000] {dag.py:2742} INFO - Sync 1 DAGs
[2024-09-24T21:06:06.612+0000] {logging_mixin.py:150} INFO - [2024-09-24T21:06:06.611+0000] {dag.py:3504} INFO - Setting next_dagrun for example_short_circuit_decorator to 2024-09-23T21:06:06.611815+00:00, run_after=2024-09-24T21:06:06.611815+00:00
[2024-09-24T21:06:06.648+0000] {processor.py:179} INFO - Processing /home/vscode/.local/lib/python3.10/site-packages/airflow/example_dags/example_short_circuit_decorator.py took 0.073 seconds
[2024-09-24T21:06:50.211+0000] {processor.py:157} INFO - Started process (PID=6705) to work on /home/vscode/.local/lib/python3.10/site-packages/airflow/example_dags/example_short_circuit_decorator.py
[2024-09-24T21:06:50.211+0000] {processor.py:826} INFO - Processing file /home/vscode/.local/lib/python3.10/site-packages/airflow/example_dags/example_short_circuit_decorator.py for tasks to queue
[2024-09-24T21:06:50.212+0000] {logging_mixin.py:150} INFO - [2024-09-24T21:06:50.212+0000] {dagbag.py:541} INFO - Filling up the DagBag from /home/vscode/.local/lib/python3.10/site-packages/airflow/example_dags/example_short_circuit_decorator.py
[2024-09-24T21:06:50.219+0000] {processor.py:836} INFO - DAG(s) dict_keys(['example_short_circuit_decorator']) retrieved from /home/vscode/.local/lib/python3.10/site-packages/airflow/example_dags/example_short_circuit_decorator.py
[2024-09-24T21:06:50.232+0000] {logging_mixin.py:150} INFO - [2024-09-24T21:06:50.232+0000] {dag.py:2742} INFO - Sync 1 DAGs
[2024-09-24T21:06:50.246+0000] {logging_mixin.py:150} INFO - [2024-09-24T21:06:50.246+0000] {dag.py:3504} INFO - Setting next_dagrun for example_short_circuit_decorator to 2024-09-23T21:06:50.246117+00:00, run_after=2024-09-24T21:06:50.246117+00:00
[2024-09-24T21:06:50.284+0000] {processor.py:179} INFO - Processing /home/vscode/.local/lib/python3.10/site-packages/airflow/example_dags/example_short_circuit_decorator.py took 0.076 seconds
[2024-09-24T21:07:31.492+0000] {processor.py:157} INFO - Started process (PID=7069) to work on /home/vscode/.local/lib/python3.10/site-packages/airflow/example_dags/example_short_circuit_decorator.py
[2024-09-24T21:07:31.493+0000] {processor.py:826} INFO - Processing file /home/vscode/.local/lib/python3.10/site-packages/airflow/example_dags/example_short_circuit_decorator.py for tasks to queue
[2024-09-24T21:07:31.494+0000] {logging_mixin.py:150} INFO - [2024-09-24T21:07:31.493+0000] {dagbag.py:541} INFO - Filling up the DagBag from /home/vscode/.local/lib/python3.10/site-packages/airflow/example_dags/example_short_circuit_decorator.py
[2024-09-24T21:07:31.503+0000] {processor.py:836} INFO - DAG(s) dict_keys(['example_short_circuit_decorator']) retrieved from /home/vscode/.local/lib/python3.10/site-packages/airflow/example_dags/example_short_circuit_decorator.py
[2024-09-24T21:07:31.523+0000] {logging_mixin.py:150} INFO - [2024-09-24T21:07:31.522+0000] {dag.py:2742} INFO - Sync 1 DAGs
[2024-09-24T21:07:31.544+0000] {logging_mixin.py:150} INFO - [2024-09-24T21:07:31.544+0000] {dag.py:3504} INFO - Setting next_dagrun for example_short_circuit_decorator to 2024-09-23T21:07:31.543791+00:00, run_after=2024-09-24T21:07:31.543791+00:00
[2024-09-24T21:07:31.596+0000] {processor.py:179} INFO - Processing /home/vscode/.local/lib/python3.10/site-packages/airflow/example_dags/example_short_circuit_decorator.py took 0.107 seconds
