[2024-09-24T21:04:05.139+0000] {processor.py:157} INFO - Started process (PID=5085) to work on /home/vscode/.local/lib/python3.10/site-packages/airflow/example_dags/example_external_task_marker_dag.py
[2024-09-24T21:04:05.140+0000] {processor.py:826} INFO - Processing file /home/vscode/.local/lib/python3.10/site-packages/airflow/example_dags/example_external_task_marker_dag.py for tasks to queue
[2024-09-24T21:04:05.141+0000] {logging_mixin.py:150} INFO - [2024-09-24T21:04:05.140+0000] {dagbag.py:541} INFO - Filling up the DagBag from /home/vscode/.local/lib/python3.10/site-packages/airflow/example_dags/example_external_task_marker_dag.py
[2024-09-24T21:04:05.220+0000] {processor.py:836} INFO - DAG(s) dict_keys(['example_external_task_marker_parent', 'example_external_task_marker_child']) retrieved from /home/vscode/.local/lib/python3.10/site-packages/airflow/example_dags/example_external_task_marker_dag.py
[2024-09-24T21:04:05.359+0000] {logging_mixin.py:150} INFO - [2024-09-24T21:04:05.359+0000] {manager.py:504} INFO - Created Permission View: can delete on DAG:example_external_task_marker_parent
[2024-09-24T21:04:05.396+0000] {logging_mixin.py:150} INFO - [2024-09-24T21:04:05.396+0000] {manager.py:504} INFO - Created Permission View: can read on DAG:example_external_task_marker_parent
[2024-09-24T21:04:05.456+0000] {logging_mixin.py:150} INFO - [2024-09-24T21:04:05.456+0000] {manager.py:504} INFO - Created Permission View: can edit on DAG:example_external_task_marker_parent
[2024-09-24T21:04:05.529+0000] {logging_mixin.py:150} INFO - [2024-09-24T21:04:05.529+0000] {manager.py:504} INFO - Created Permission View: can delete on DAG:example_external_task_marker_child
[2024-09-24T21:04:05.553+0000] {logging_mixin.py:150} INFO - [2024-09-24T21:04:05.553+0000] {manager.py:504} INFO - Created Permission View: can read on DAG:example_external_task_marker_child
[2024-09-24T21:04:05.577+0000] {logging_mixin.py:150} INFO - [2024-09-24T21:04:05.577+0000] {manager.py:504} INFO - Created Permission View: can edit on DAG:example_external_task_marker_child
[2024-09-24T21:04:05.581+0000] {logging_mixin.py:150} INFO - [2024-09-24T21:04:05.581+0000] {dag.py:2742} INFO - Sync 2 DAGs
[2024-09-24T21:04:05.587+0000] {logging_mixin.py:150} INFO - [2024-09-24T21:04:05.587+0000] {dag.py:2763} INFO - Creating ORM DAG for example_external_task_marker_child
[2024-09-24T21:04:05.588+0000] {logging_mixin.py:150} INFO - [2024-09-24T21:04:05.588+0000] {dag.py:2763} INFO - Creating ORM DAG for example_external_task_marker_parent
[2024-09-24T21:04:05.594+0000] {logging_mixin.py:150} INFO - [2024-09-24T21:04:05.593+0000] {dag.py:3504} INFO - Setting next_dagrun for example_external_task_marker_child to None, run_after=None
[2024-09-24T21:04:05.594+0000] {logging_mixin.py:150} INFO - [2024-09-24T21:04:05.594+0000] {dag.py:3504} INFO - Setting next_dagrun for example_external_task_marker_parent to None, run_after=None
[2024-09-24T21:04:05.646+0000] {processor.py:179} INFO - Processing /home/vscode/.local/lib/python3.10/site-packages/airflow/example_dags/example_external_task_marker_dag.py took 0.509 seconds
[2024-09-24T21:04:54.201+0000] {processor.py:157} INFO - Started process (PID=5478) to work on /home/vscode/.local/lib/python3.10/site-packages/airflow/example_dags/example_external_task_marker_dag.py
[2024-09-24T21:04:54.201+0000] {processor.py:826} INFO - Processing file /home/vscode/.local/lib/python3.10/site-packages/airflow/example_dags/example_external_task_marker_dag.py for tasks to queue
[2024-09-24T21:04:54.202+0000] {logging_mixin.py:150} INFO - [2024-09-24T21:04:54.202+0000] {dagbag.py:541} INFO - Filling up the DagBag from /home/vscode/.local/lib/python3.10/site-packages/airflow/example_dags/example_external_task_marker_dag.py
[2024-09-24T21:04:54.207+0000] {processor.py:836} INFO - DAG(s) dict_keys(['example_external_task_marker_parent', 'example_external_task_marker_child']) retrieved from /home/vscode/.local/lib/python3.10/site-packages/airflow/example_dags/example_external_task_marker_dag.py
[2024-09-24T21:04:54.221+0000] {logging_mixin.py:150} INFO - [2024-09-24T21:04:54.221+0000] {dag.py:2742} INFO - Sync 2 DAGs
[2024-09-24T21:04:54.236+0000] {logging_mixin.py:150} INFO - [2024-09-24T21:04:54.236+0000] {dag.py:3504} INFO - Setting next_dagrun for example_external_task_marker_child to None, run_after=None
[2024-09-24T21:04:54.238+0000] {logging_mixin.py:150} INFO - [2024-09-24T21:04:54.238+0000] {dag.py:3504} INFO - Setting next_dagrun for example_external_task_marker_parent to None, run_after=None
[2024-09-24T21:04:54.280+0000] {processor.py:179} INFO - Processing /home/vscode/.local/lib/python3.10/site-packages/airflow/example_dags/example_external_task_marker_dag.py took 0.081 seconds
[2024-09-24T21:05:41.168+0000] {processor.py:157} INFO - Started process (PID=5983) to work on /home/vscode/.local/lib/python3.10/site-packages/airflow/example_dags/example_external_task_marker_dag.py
[2024-09-24T21:05:41.169+0000] {processor.py:826} INFO - Processing file /home/vscode/.local/lib/python3.10/site-packages/airflow/example_dags/example_external_task_marker_dag.py for tasks to queue
[2024-09-24T21:05:41.169+0000] {logging_mixin.py:150} INFO - [2024-09-24T21:05:41.169+0000] {dagbag.py:541} INFO - Filling up the DagBag from /home/vscode/.local/lib/python3.10/site-packages/airflow/example_dags/example_external_task_marker_dag.py
[2024-09-24T21:05:41.174+0000] {processor.py:836} INFO - DAG(s) dict_keys(['example_external_task_marker_child', 'example_external_task_marker_parent']) retrieved from /home/vscode/.local/lib/python3.10/site-packages/airflow/example_dags/example_external_task_marker_dag.py
[2024-09-24T21:05:41.189+0000] {logging_mixin.py:150} INFO - [2024-09-24T21:05:41.188+0000] {dag.py:2742} INFO - Sync 2 DAGs
[2024-09-24T21:05:41.203+0000] {logging_mixin.py:150} INFO - [2024-09-24T21:05:41.203+0000] {dag.py:3504} INFO - Setting next_dagrun for example_external_task_marker_child to None, run_after=None
[2024-09-24T21:05:41.205+0000] {logging_mixin.py:150} INFO - [2024-09-24T21:05:41.205+0000] {dag.py:3504} INFO - Setting next_dagrun for example_external_task_marker_parent to None, run_after=None
[2024-09-24T21:05:41.239+0000] {processor.py:179} INFO - Processing /home/vscode/.local/lib/python3.10/site-packages/airflow/example_dags/example_external_task_marker_dag.py took 0.073 seconds
[2024-09-24T21:06:26.140+0000] {processor.py:157} INFO - Started process (PID=6464) to work on /home/vscode/.local/lib/python3.10/site-packages/airflow/example_dags/example_external_task_marker_dag.py
[2024-09-24T21:06:26.141+0000] {processor.py:826} INFO - Processing file /home/vscode/.local/lib/python3.10/site-packages/airflow/example_dags/example_external_task_marker_dag.py for tasks to queue
[2024-09-24T21:06:26.141+0000] {logging_mixin.py:150} INFO - [2024-09-24T21:06:26.141+0000] {dagbag.py:541} INFO - Filling up the DagBag from /home/vscode/.local/lib/python3.10/site-packages/airflow/example_dags/example_external_task_marker_dag.py
[2024-09-24T21:06:26.146+0000] {processor.py:836} INFO - DAG(s) dict_keys(['example_external_task_marker_parent', 'example_external_task_marker_child']) retrieved from /home/vscode/.local/lib/python3.10/site-packages/airflow/example_dags/example_external_task_marker_dag.py
[2024-09-24T21:06:26.161+0000] {logging_mixin.py:150} INFO - [2024-09-24T21:06:26.160+0000] {dag.py:2742} INFO - Sync 2 DAGs
[2024-09-24T21:06:26.175+0000] {logging_mixin.py:150} INFO - [2024-09-24T21:06:26.175+0000] {dag.py:3504} INFO - Setting next_dagrun for example_external_task_marker_child to None, run_after=None
[2024-09-24T21:06:26.177+0000] {logging_mixin.py:150} INFO - [2024-09-24T21:06:26.177+0000] {dag.py:3504} INFO - Setting next_dagrun for example_external_task_marker_parent to None, run_after=None
[2024-09-24T21:06:26.211+0000] {processor.py:179} INFO - Processing /home/vscode/.local/lib/python3.10/site-packages/airflow/example_dags/example_external_task_marker_dag.py took 0.073 seconds
[2024-09-24T21:07:09.691+0000] {processor.py:157} INFO - Started process (PID=6880) to work on /home/vscode/.local/lib/python3.10/site-packages/airflow/example_dags/example_external_task_marker_dag.py
[2024-09-24T21:07:09.691+0000] {processor.py:826} INFO - Processing file /home/vscode/.local/lib/python3.10/site-packages/airflow/example_dags/example_external_task_marker_dag.py for tasks to queue
[2024-09-24T21:07:09.692+0000] {logging_mixin.py:150} INFO - [2024-09-24T21:07:09.692+0000] {dagbag.py:541} INFO - Filling up the DagBag from /home/vscode/.local/lib/python3.10/site-packages/airflow/example_dags/example_external_task_marker_dag.py
[2024-09-24T21:07:09.696+0000] {processor.py:836} INFO - DAG(s) dict_keys(['example_external_task_marker_parent', 'example_external_task_marker_child']) retrieved from /home/vscode/.local/lib/python3.10/site-packages/airflow/example_dags/example_external_task_marker_dag.py
[2024-09-24T21:07:09.714+0000] {logging_mixin.py:150} INFO - [2024-09-24T21:07:09.714+0000] {dag.py:2742} INFO - Sync 2 DAGs
[2024-09-24T21:07:09.729+0000] {logging_mixin.py:150} INFO - [2024-09-24T21:07:09.729+0000] {dag.py:3504} INFO - Setting next_dagrun for example_external_task_marker_child to None, run_after=None
[2024-09-24T21:07:09.731+0000] {logging_mixin.py:150} INFO - [2024-09-24T21:07:09.731+0000] {dag.py:3504} INFO - Setting next_dagrun for example_external_task_marker_parent to None, run_after=None
[2024-09-24T21:07:09.766+0000] {processor.py:179} INFO - Processing /home/vscode/.local/lib/python3.10/site-packages/airflow/example_dags/example_external_task_marker_dag.py took 0.078 seconds
