[2024-09-24T21:03:49.305+0000] {processor.py:157} INFO - Started process (PID=4972) to work on /home/vscode/.local/lib/python3.10/site-packages/airflow/example_dags/example_params_ui_tutorial.py
[2024-09-24T21:03:49.306+0000] {processor.py:826} INFO - Processing file /home/vscode/.local/lib/python3.10/site-packages/airflow/example_dags/example_params_ui_tutorial.py for tasks to queue
[2024-09-24T21:03:49.306+0000] {logging_mixin.py:150} INFO - [2024-09-24T21:03:49.306+0000] {dagbag.py:541} INFO - Filling up the DagBag from /home/vscode/.local/lib/python3.10/site-packages/airflow/example_dags/example_params_ui_tutorial.py
[2024-09-24T21:03:49.324+0000] {processor.py:836} INFO - DAG(s) dict_keys(['example_params_ui_tutorial']) retrieved from /home/vscode/.local/lib/python3.10/site-packages/airflow/example_dags/example_params_ui_tutorial.py
[2024-09-24T21:03:49.540+0000] {logging_mixin.py:150} INFO - [2024-09-24T21:03:49.540+0000] {manager.py:504} INFO - Created Permission View: can delete on DAG:example_params_ui_tutorial
[2024-09-24T21:03:49.573+0000] {logging_mixin.py:150} INFO - [2024-09-24T21:03:49.572+0000] {manager.py:504} INFO - Created Permission View: can read on DAG:example_params_ui_tutorial
[2024-09-24T21:03:49.606+0000] {logging_mixin.py:150} INFO - [2024-09-24T21:03:49.606+0000] {manager.py:504} INFO - Created Permission View: can edit on DAG:example_params_ui_tutorial
[2024-09-24T21:03:49.614+0000] {logging_mixin.py:150} INFO - [2024-09-24T21:03:49.614+0000] {dag.py:2742} INFO - Sync 1 DAGs
[2024-09-24T21:03:49.620+0000] {logging_mixin.py:150} INFO - [2024-09-24T21:03:49.620+0000] {dag.py:2763} INFO - Creating ORM DAG for example_params_ui_tutorial
[2024-09-24T21:03:49.626+0000] {logging_mixin.py:150} INFO - [2024-09-24T21:03:49.626+0000] {dag.py:3504} INFO - Setting next_dagrun for example_params_ui_tutorial to None, run_after=None
[2024-09-24T21:03:49.680+0000] {processor.py:179} INFO - Processing /home/vscode/.local/lib/python3.10/site-packages/airflow/example_dags/example_params_ui_tutorial.py took 0.377 seconds
[2024-09-24T21:04:41.684+0000] {processor.py:157} INFO - Started process (PID=5343) to work on /home/vscode/.local/lib/python3.10/site-packages/airflow/example_dags/example_params_ui_tutorial.py
[2024-09-24T21:04:41.685+0000] {processor.py:826} INFO - Processing file /home/vscode/.local/lib/python3.10/site-packages/airflow/example_dags/example_params_ui_tutorial.py for tasks to queue
[2024-09-24T21:04:41.685+0000] {logging_mixin.py:150} INFO - [2024-09-24T21:04:41.685+0000] {dagbag.py:541} INFO - Filling up the DagBag from /home/vscode/.local/lib/python3.10/site-packages/airflow/example_dags/example_params_ui_tutorial.py
[2024-09-24T21:04:41.703+0000] {processor.py:836} INFO - DAG(s) dict_keys(['example_params_ui_tutorial']) retrieved from /home/vscode/.local/lib/python3.10/site-packages/airflow/example_dags/example_params_ui_tutorial.py
[2024-09-24T21:04:41.742+0000] {logging_mixin.py:150} INFO - [2024-09-24T21:04:41.742+0000] {dag.py:2742} INFO - Sync 1 DAGs
[2024-09-24T21:04:41.758+0000] {logging_mixin.py:150} INFO - [2024-09-24T21:04:41.758+0000] {dag.py:3504} INFO - Setting next_dagrun for example_params_ui_tutorial to None, run_after=None
[2024-09-24T21:04:41.796+0000] {processor.py:179} INFO - Processing /home/vscode/.local/lib/python3.10/site-packages/airflow/example_dags/example_params_ui_tutorial.py took 0.114 seconds
[2024-09-24T21:05:27.546+0000] {processor.py:157} INFO - Started process (PID=5856) to work on /home/vscode/.local/lib/python3.10/site-packages/airflow/example_dags/example_params_ui_tutorial.py
[2024-09-24T21:05:27.546+0000] {processor.py:826} INFO - Processing file /home/vscode/.local/lib/python3.10/site-packages/airflow/example_dags/example_params_ui_tutorial.py for tasks to queue
[2024-09-24T21:05:27.547+0000] {logging_mixin.py:150} INFO - [2024-09-24T21:05:27.547+0000] {dagbag.py:541} INFO - Filling up the DagBag from /home/vscode/.local/lib/python3.10/site-packages/airflow/example_dags/example_params_ui_tutorial.py
[2024-09-24T21:05:27.564+0000] {processor.py:836} INFO - DAG(s) dict_keys(['example_params_ui_tutorial']) retrieved from /home/vscode/.local/lib/python3.10/site-packages/airflow/example_dags/example_params_ui_tutorial.py
[2024-09-24T21:05:27.590+0000] {logging_mixin.py:150} INFO - [2024-09-24T21:05:27.590+0000] {dag.py:2742} INFO - Sync 1 DAGs
[2024-09-24T21:05:27.604+0000] {logging_mixin.py:150} INFO - [2024-09-24T21:05:27.604+0000] {dag.py:3504} INFO - Setting next_dagrun for example_params_ui_tutorial to None, run_after=None
[2024-09-24T21:05:27.648+0000] {processor.py:179} INFO - Processing /home/vscode/.local/lib/python3.10/site-packages/airflow/example_dags/example_params_ui_tutorial.py took 0.104 seconds
[2024-09-24T21:06:12.697+0000] {processor.py:157} INFO - Started process (PID=6293) to work on /home/vscode/.local/lib/python3.10/site-packages/airflow/example_dags/example_params_ui_tutorial.py
[2024-09-24T21:06:12.698+0000] {processor.py:826} INFO - Processing file /home/vscode/.local/lib/python3.10/site-packages/airflow/example_dags/example_params_ui_tutorial.py for tasks to queue
[2024-09-24T21:06:12.698+0000] {logging_mixin.py:150} INFO - [2024-09-24T21:06:12.698+0000] {dagbag.py:541} INFO - Filling up the DagBag from /home/vscode/.local/lib/python3.10/site-packages/airflow/example_dags/example_params_ui_tutorial.py
[2024-09-24T21:06:12.716+0000] {processor.py:836} INFO - DAG(s) dict_keys(['example_params_ui_tutorial']) retrieved from /home/vscode/.local/lib/python3.10/site-packages/airflow/example_dags/example_params_ui_tutorial.py
[2024-09-24T21:06:12.741+0000] {logging_mixin.py:150} INFO - [2024-09-24T21:06:12.741+0000] {dag.py:2742} INFO - Sync 1 DAGs
[2024-09-24T21:06:12.755+0000] {logging_mixin.py:150} INFO - [2024-09-24T21:06:12.755+0000] {dag.py:3504} INFO - Setting next_dagrun for example_params_ui_tutorial to None, run_after=None
[2024-09-24T21:06:12.791+0000] {processor.py:179} INFO - Processing /home/vscode/.local/lib/python3.10/site-packages/airflow/example_dags/example_params_ui_tutorial.py took 0.096 seconds
[2024-09-24T21:06:56.525+0000] {processor.py:157} INFO - Started process (PID=6784) to work on /home/vscode/.local/lib/python3.10/site-packages/airflow/example_dags/example_params_ui_tutorial.py
[2024-09-24T21:06:56.527+0000] {processor.py:826} INFO - Processing file /home/vscode/.local/lib/python3.10/site-packages/airflow/example_dags/example_params_ui_tutorial.py for tasks to queue
[2024-09-24T21:06:56.528+0000] {logging_mixin.py:150} INFO - [2024-09-24T21:06:56.528+0000] {dagbag.py:541} INFO - Filling up the DagBag from /home/vscode/.local/lib/python3.10/site-packages/airflow/example_dags/example_params_ui_tutorial.py
[2024-09-24T21:06:56.548+0000] {processor.py:836} INFO - DAG(s) dict_keys(['example_params_ui_tutorial']) retrieved from /home/vscode/.local/lib/python3.10/site-packages/airflow/example_dags/example_params_ui_tutorial.py
[2024-09-24T21:06:56.576+0000] {logging_mixin.py:150} INFO - [2024-09-24T21:06:56.576+0000] {dag.py:2742} INFO - Sync 1 DAGs
[2024-09-24T21:06:56.594+0000] {logging_mixin.py:150} INFO - [2024-09-24T21:06:56.594+0000] {dag.py:3504} INFO - Setting next_dagrun for example_params_ui_tutorial to None, run_after=None
[2024-09-24T21:06:56.628+0000] {processor.py:179} INFO - Processing /home/vscode/.local/lib/python3.10/site-packages/airflow/example_dags/example_params_ui_tutorial.py took 0.105 seconds
[2024-09-24T21:07:42.673+0000] {processor.py:157} INFO - Started process (PID=7151) to work on /home/vscode/.local/lib/python3.10/site-packages/airflow/example_dags/example_params_ui_tutorial.py
[2024-09-24T21:07:42.674+0000] {processor.py:826} INFO - Processing file /home/vscode/.local/lib/python3.10/site-packages/airflow/example_dags/example_params_ui_tutorial.py for tasks to queue
[2024-09-24T21:07:42.675+0000] {logging_mixin.py:150} INFO - [2024-09-24T21:07:42.674+0000] {dagbag.py:541} INFO - Filling up the DagBag from /home/vscode/.local/lib/python3.10/site-packages/airflow/example_dags/example_params_ui_tutorial.py
[2024-09-24T21:07:42.693+0000] {processor.py:836} INFO - DAG(s) dict_keys(['example_params_ui_tutorial']) retrieved from /home/vscode/.local/lib/python3.10/site-packages/airflow/example_dags/example_params_ui_tutorial.py
[2024-09-24T21:07:42.718+0000] {logging_mixin.py:150} INFO - [2024-09-24T21:07:42.717+0000] {dag.py:2742} INFO - Sync 1 DAGs
[2024-09-24T21:07:42.731+0000] {logging_mixin.py:150} INFO - [2024-09-24T21:07:42.731+0000] {dag.py:3504} INFO - Setting next_dagrun for example_params_ui_tutorial to None, run_after=None
[2024-09-24T21:07:42.775+0000] {processor.py:179} INFO - Processing /home/vscode/.local/lib/python3.10/site-packages/airflow/example_dags/example_params_ui_tutorial.py took 0.104 seconds
