[2024-09-24T21:03:36.842+0000] {processor.py:157} INFO - Started process (PID=4883) to work on /home/vscode/.local/lib/python3.10/site-packages/airflow/example_dags/example_skip_dag.py
[2024-09-24T21:03:36.842+0000] {processor.py:826} INFO - Processing file /home/vscode/.local/lib/python3.10/site-packages/airflow/example_dags/example_skip_dag.py for tasks to queue
[2024-09-24T21:03:36.843+0000] {logging_mixin.py:150} INFO - [2024-09-24T21:03:36.843+0000] {dagbag.py:541} INFO - Filling up the DagBag from /home/vscode/.local/lib/python3.10/site-packages/airflow/example_dags/example_skip_dag.py
[2024-09-24T21:03:36.850+0000] {processor.py:836} INFO - DAG(s) dict_keys(['example_skip_dag']) retrieved from /home/vscode/.local/lib/python3.10/site-packages/airflow/example_dags/example_skip_dag.py
[2024-09-24T21:03:37.064+0000] {logging_mixin.py:150} INFO - [2024-09-24T21:03:37.064+0000] {manager.py:504} INFO - Created Permission View: can delete on DAG:example_skip_dag
[2024-09-24T21:03:37.107+0000] {logging_mixin.py:150} INFO - [2024-09-24T21:03:37.107+0000] {manager.py:504} INFO - Created Permission View: can read on DAG:example_skip_dag
[2024-09-24T21:03:37.137+0000] {logging_mixin.py:150} INFO - [2024-09-24T21:03:37.137+0000] {manager.py:504} INFO - Created Permission View: can edit on DAG:example_skip_dag
[2024-09-24T21:03:37.146+0000] {logging_mixin.py:150} INFO - [2024-09-24T21:03:37.146+0000] {dag.py:2742} INFO - Sync 1 DAGs
[2024-09-24T21:03:37.152+0000] {logging_mixin.py:150} INFO - [2024-09-24T21:03:37.152+0000] {dag.py:2763} INFO - Creating ORM DAG for example_skip_dag
[2024-09-24T21:03:37.158+0000] {logging_mixin.py:150} INFO - [2024-09-24T21:03:37.158+0000] {dag.py:3504} INFO - Setting next_dagrun for example_skip_dag to 2024-09-23T21:03:37.158334+00:00, run_after=2024-09-24T21:03:37.158334+00:00
[2024-09-24T21:03:37.199+0000] {processor.py:179} INFO - Processing /home/vscode/.local/lib/python3.10/site-packages/airflow/example_dags/example_skip_dag.py took 0.359 seconds
[2024-09-24T21:04:30.414+0000] {processor.py:157} INFO - Started process (PID=5261) to work on /home/vscode/.local/lib/python3.10/site-packages/airflow/example_dags/example_skip_dag.py
[2024-09-24T21:04:30.414+0000] {processor.py:826} INFO - Processing file /home/vscode/.local/lib/python3.10/site-packages/airflow/example_dags/example_skip_dag.py for tasks to queue
[2024-09-24T21:04:30.415+0000] {logging_mixin.py:150} INFO - [2024-09-24T21:04:30.415+0000] {dagbag.py:541} INFO - Filling up the DagBag from /home/vscode/.local/lib/python3.10/site-packages/airflow/example_dags/example_skip_dag.py
[2024-09-24T21:04:30.421+0000] {processor.py:836} INFO - DAG(s) dict_keys(['example_skip_dag']) retrieved from /home/vscode/.local/lib/python3.10/site-packages/airflow/example_dags/example_skip_dag.py
[2024-09-24T21:04:30.433+0000] {logging_mixin.py:150} INFO - [2024-09-24T21:04:30.432+0000] {dag.py:2742} INFO - Sync 1 DAGs
[2024-09-24T21:04:30.447+0000] {logging_mixin.py:150} INFO - [2024-09-24T21:04:30.447+0000] {dag.py:3504} INFO - Setting next_dagrun for example_skip_dag to 2024-09-23T21:04:30.447424+00:00, run_after=2024-09-24T21:04:30.447424+00:00
[2024-09-24T21:04:30.502+0000] {processor.py:179} INFO - Processing /home/vscode/.local/lib/python3.10/site-packages/airflow/example_dags/example_skip_dag.py took 0.090 seconds
[2024-09-24T21:05:17.121+0000] {processor.py:157} INFO - Started process (PID=5718) to work on /home/vscode/.local/lib/python3.10/site-packages/airflow/example_dags/example_skip_dag.py
[2024-09-24T21:05:17.122+0000] {processor.py:826} INFO - Processing file /home/vscode/.local/lib/python3.10/site-packages/airflow/example_dags/example_skip_dag.py for tasks to queue
[2024-09-24T21:05:17.122+0000] {logging_mixin.py:150} INFO - [2024-09-24T21:05:17.122+0000] {dagbag.py:541} INFO - Filling up the DagBag from /home/vscode/.local/lib/python3.10/site-packages/airflow/example_dags/example_skip_dag.py
[2024-09-24T21:05:17.128+0000] {processor.py:836} INFO - DAG(s) dict_keys(['example_skip_dag']) retrieved from /home/vscode/.local/lib/python3.10/site-packages/airflow/example_dags/example_skip_dag.py
[2024-09-24T21:05:17.139+0000] {logging_mixin.py:150} INFO - [2024-09-24T21:05:17.139+0000] {dag.py:2742} INFO - Sync 1 DAGs
[2024-09-24T21:05:17.153+0000] {logging_mixin.py:150} INFO - [2024-09-24T21:05:17.153+0000] {dag.py:3504} INFO - Setting next_dagrun for example_skip_dag to 2024-09-23T21:05:17.153462+00:00, run_after=2024-09-24T21:05:17.153462+00:00
[2024-09-24T21:05:17.194+0000] {processor.py:179} INFO - Processing /home/vscode/.local/lib/python3.10/site-packages/airflow/example_dags/example_skip_dag.py took 0.075 seconds
[2024-09-24T21:06:01.424+0000] {processor.py:157} INFO - Started process (PID=6181) to work on /home/vscode/.local/lib/python3.10/site-packages/airflow/example_dags/example_skip_dag.py
[2024-09-24T21:06:01.424+0000] {processor.py:826} INFO - Processing file /home/vscode/.local/lib/python3.10/site-packages/airflow/example_dags/example_skip_dag.py for tasks to queue
[2024-09-24T21:06:01.425+0000] {logging_mixin.py:150} INFO - [2024-09-24T21:06:01.425+0000] {dagbag.py:541} INFO - Filling up the DagBag from /home/vscode/.local/lib/python3.10/site-packages/airflow/example_dags/example_skip_dag.py
[2024-09-24T21:06:01.433+0000] {processor.py:836} INFO - DAG(s) dict_keys(['example_skip_dag']) retrieved from /home/vscode/.local/lib/python3.10/site-packages/airflow/example_dags/example_skip_dag.py
[2024-09-24T21:06:01.448+0000] {logging_mixin.py:150} INFO - [2024-09-24T21:06:01.447+0000] {dag.py:2742} INFO - Sync 1 DAGs
[2024-09-24T21:06:01.461+0000] {logging_mixin.py:150} INFO - [2024-09-24T21:06:01.461+0000] {dag.py:3504} INFO - Setting next_dagrun for example_skip_dag to 2024-09-23T21:06:01.461653+00:00, run_after=2024-09-24T21:06:01.461653+00:00
[2024-09-24T21:06:01.499+0000] {processor.py:179} INFO - Processing /home/vscode/.local/lib/python3.10/site-packages/airflow/example_dags/example_skip_dag.py took 0.078 seconds
[2024-09-24T21:06:45.476+0000] {processor.py:157} INFO - Started process (PID=6665) to work on /home/vscode/.local/lib/python3.10/site-packages/airflow/example_dags/example_skip_dag.py
[2024-09-24T21:06:45.477+0000] {processor.py:826} INFO - Processing file /home/vscode/.local/lib/python3.10/site-packages/airflow/example_dags/example_skip_dag.py for tasks to queue
[2024-09-24T21:06:45.478+0000] {logging_mixin.py:150} INFO - [2024-09-24T21:06:45.477+0000] {dagbag.py:541} INFO - Filling up the DagBag from /home/vscode/.local/lib/python3.10/site-packages/airflow/example_dags/example_skip_dag.py
[2024-09-24T21:06:45.485+0000] {processor.py:836} INFO - DAG(s) dict_keys(['example_skip_dag']) retrieved from /home/vscode/.local/lib/python3.10/site-packages/airflow/example_dags/example_skip_dag.py
[2024-09-24T21:06:45.498+0000] {logging_mixin.py:150} INFO - [2024-09-24T21:06:45.498+0000] {dag.py:2742} INFO - Sync 1 DAGs
[2024-09-24T21:06:45.512+0000] {logging_mixin.py:150} INFO - [2024-09-24T21:06:45.512+0000] {dag.py:3504} INFO - Setting next_dagrun for example_skip_dag to 2024-09-23T21:06:45.512023+00:00, run_after=2024-09-24T21:06:45.512023+00:00
[2024-09-24T21:06:45.555+0000] {processor.py:179} INFO - Processing /home/vscode/.local/lib/python3.10/site-packages/airflow/example_dags/example_skip_dag.py took 0.081 seconds
[2024-09-24T21:07:26.336+0000] {processor.py:157} INFO - Started process (PID=7023) to work on /home/vscode/.local/lib/python3.10/site-packages/airflow/example_dags/example_skip_dag.py
[2024-09-24T21:07:26.337+0000] {processor.py:826} INFO - Processing file /home/vscode/.local/lib/python3.10/site-packages/airflow/example_dags/example_skip_dag.py for tasks to queue
[2024-09-24T21:07:26.337+0000] {logging_mixin.py:150} INFO - [2024-09-24T21:07:26.337+0000] {dagbag.py:541} INFO - Filling up the DagBag from /home/vscode/.local/lib/python3.10/site-packages/airflow/example_dags/example_skip_dag.py
[2024-09-24T21:07:26.343+0000] {processor.py:836} INFO - DAG(s) dict_keys(['example_skip_dag']) retrieved from /home/vscode/.local/lib/python3.10/site-packages/airflow/example_dags/example_skip_dag.py
[2024-09-24T21:07:26.355+0000] {logging_mixin.py:150} INFO - [2024-09-24T21:07:26.354+0000] {dag.py:2742} INFO - Sync 1 DAGs
[2024-09-24T21:07:26.369+0000] {logging_mixin.py:150} INFO - [2024-09-24T21:07:26.369+0000] {dag.py:3504} INFO - Setting next_dagrun for example_skip_dag to 2024-09-23T21:07:26.368843+00:00, run_after=2024-09-24T21:07:26.368843+00:00
[2024-09-24T21:07:26.414+0000] {processor.py:179} INFO - Processing /home/vscode/.local/lib/python3.10/site-packages/airflow/example_dags/example_skip_dag.py took 0.080 seconds
