[2024-09-24T21:03:24.251+0000] {processor.py:157} INFO - Started process (PID=4796) to work on /home/vscode/.local/lib/python3.10/site-packages/airflow/example_dags/tutorial_taskflow_api.py
[2024-09-24T21:03:24.251+0000] {processor.py:826} INFO - Processing file /home/vscode/.local/lib/python3.10/site-packages/airflow/example_dags/tutorial_taskflow_api.py for tasks to queue
[2024-09-24T21:03:24.252+0000] {logging_mixin.py:150} INFO - [2024-09-24T21:03:24.252+0000] {dagbag.py:541} INFO - Filling up the DagBag from /home/vscode/.local/lib/python3.10/site-packages/airflow/example_dags/tutorial_taskflow_api.py
[2024-09-24T21:03:24.259+0000] {processor.py:836} INFO - DAG(s) dict_keys(['tutorial_taskflow_api']) retrieved from /home/vscode/.local/lib/python3.10/site-packages/airflow/example_dags/tutorial_taskflow_api.py
[2024-09-24T21:03:24.473+0000] {logging_mixin.py:150} INFO - [2024-09-24T21:03:24.472+0000] {manager.py:504} INFO - Created Permission View: can delete on DAG:tutorial_taskflow_api
[2024-09-24T21:03:24.506+0000] {logging_mixin.py:150} INFO - [2024-09-24T21:03:24.506+0000] {manager.py:504} INFO - Created Permission View: can read on DAG:tutorial_taskflow_api
[2024-09-24T21:03:24.531+0000] {logging_mixin.py:150} INFO - [2024-09-24T21:03:24.531+0000] {manager.py:504} INFO - Created Permission View: can edit on DAG:tutorial_taskflow_api
[2024-09-24T21:03:24.539+0000] {logging_mixin.py:150} INFO - [2024-09-24T21:03:24.539+0000] {dag.py:2742} INFO - Sync 1 DAGs
[2024-09-24T21:03:24.547+0000] {logging_mixin.py:150} INFO - [2024-09-24T21:03:24.547+0000] {dag.py:2763} INFO - Creating ORM DAG for tutorial_taskflow_api
[2024-09-24T21:03:24.552+0000] {logging_mixin.py:150} INFO - [2024-09-24T21:03:24.552+0000] {dag.py:3504} INFO - Setting next_dagrun for tutorial_taskflow_api to None, run_after=None
[2024-09-24T21:03:24.619+0000] {processor.py:179} INFO - Processing /home/vscode/.local/lib/python3.10/site-packages/airflow/example_dags/tutorial_taskflow_api.py took 0.370 seconds
[2024-09-24T21:04:21.414+0000] {processor.py:157} INFO - Started process (PID=5195) to work on /home/vscode/.local/lib/python3.10/site-packages/airflow/example_dags/tutorial_taskflow_api.py
[2024-09-24T21:04:21.415+0000] {processor.py:826} INFO - Processing file /home/vscode/.local/lib/python3.10/site-packages/airflow/example_dags/tutorial_taskflow_api.py for tasks to queue
[2024-09-24T21:04:21.416+0000] {logging_mixin.py:150} INFO - [2024-09-24T21:04:21.416+0000] {dagbag.py:541} INFO - Filling up the DagBag from /home/vscode/.local/lib/python3.10/site-packages/airflow/example_dags/tutorial_taskflow_api.py
[2024-09-24T21:04:21.421+0000] {processor.py:836} INFO - DAG(s) dict_keys(['tutorial_taskflow_api']) retrieved from /home/vscode/.local/lib/python3.10/site-packages/airflow/example_dags/tutorial_taskflow_api.py
[2024-09-24T21:04:21.433+0000] {logging_mixin.py:150} INFO - [2024-09-24T21:04:21.432+0000] {dag.py:2742} INFO - Sync 1 DAGs
[2024-09-24T21:04:21.447+0000] {logging_mixin.py:150} INFO - [2024-09-24T21:04:21.447+0000] {dag.py:3504} INFO - Setting next_dagrun for tutorial_taskflow_api to None, run_after=None
[2024-09-24T21:04:21.513+0000] {processor.py:179} INFO - Processing /home/vscode/.local/lib/python3.10/site-packages/airflow/example_dags/tutorial_taskflow_api.py took 0.101 seconds
[2024-09-24T21:05:03.062+0000] {processor.py:157} INFO - Started process (PID=5577) to work on /home/vscode/.local/lib/python3.10/site-packages/airflow/example_dags/tutorial_taskflow_api.py
[2024-09-24T21:05:03.063+0000] {processor.py:826} INFO - Processing file /home/vscode/.local/lib/python3.10/site-packages/airflow/example_dags/tutorial_taskflow_api.py for tasks to queue
[2024-09-24T21:05:03.064+0000] {logging_mixin.py:150} INFO - [2024-09-24T21:05:03.063+0000] {dagbag.py:541} INFO - Filling up the DagBag from /home/vscode/.local/lib/python3.10/site-packages/airflow/example_dags/tutorial_taskflow_api.py
[2024-09-24T21:05:03.071+0000] {processor.py:836} INFO - DAG(s) dict_keys(['tutorial_taskflow_api']) retrieved from /home/vscode/.local/lib/python3.10/site-packages/airflow/example_dags/tutorial_taskflow_api.py
[2024-09-24T21:05:03.089+0000] {logging_mixin.py:150} INFO - [2024-09-24T21:05:03.088+0000] {dag.py:2742} INFO - Sync 1 DAGs
[2024-09-24T21:05:03.107+0000] {logging_mixin.py:150} INFO - [2024-09-24T21:05:03.107+0000] {dag.py:3504} INFO - Setting next_dagrun for tutorial_taskflow_api to None, run_after=None
[2024-09-24T21:05:03.159+0000] {processor.py:179} INFO - Processing /home/vscode/.local/lib/python3.10/site-packages/airflow/example_dags/tutorial_taskflow_api.py took 0.101 seconds
[2024-09-24T21:05:48.205+0000] {processor.py:157} INFO - Started process (PID=6047) to work on /home/vscode/.local/lib/python3.10/site-packages/airflow/example_dags/tutorial_taskflow_api.py
[2024-09-24T21:05:48.205+0000] {processor.py:826} INFO - Processing file /home/vscode/.local/lib/python3.10/site-packages/airflow/example_dags/tutorial_taskflow_api.py for tasks to queue
[2024-09-24T21:05:48.206+0000] {logging_mixin.py:150} INFO - [2024-09-24T21:05:48.206+0000] {dagbag.py:541} INFO - Filling up the DagBag from /home/vscode/.local/lib/python3.10/site-packages/airflow/example_dags/tutorial_taskflow_api.py
[2024-09-24T21:05:48.211+0000] {processor.py:836} INFO - DAG(s) dict_keys(['tutorial_taskflow_api']) retrieved from /home/vscode/.local/lib/python3.10/site-packages/airflow/example_dags/tutorial_taskflow_api.py
[2024-09-24T21:05:48.222+0000] {logging_mixin.py:150} INFO - [2024-09-24T21:05:48.222+0000] {dag.py:2742} INFO - Sync 1 DAGs
[2024-09-24T21:05:48.236+0000] {logging_mixin.py:150} INFO - [2024-09-24T21:05:48.236+0000] {dag.py:3504} INFO - Setting next_dagrun for tutorial_taskflow_api to None, run_after=None
[2024-09-24T21:05:48.271+0000] {processor.py:179} INFO - Processing /home/vscode/.local/lib/python3.10/site-packages/airflow/example_dags/tutorial_taskflow_api.py took 0.069 seconds
[2024-09-24T21:06:31.831+0000] {processor.py:157} INFO - Started process (PID=6535) to work on /home/vscode/.local/lib/python3.10/site-packages/airflow/example_dags/tutorial_taskflow_api.py
[2024-09-24T21:06:31.831+0000] {processor.py:826} INFO - Processing file /home/vscode/.local/lib/python3.10/site-packages/airflow/example_dags/tutorial_taskflow_api.py for tasks to queue
[2024-09-24T21:06:31.832+0000] {logging_mixin.py:150} INFO - [2024-09-24T21:06:31.832+0000] {dagbag.py:541} INFO - Filling up the DagBag from /home/vscode/.local/lib/python3.10/site-packages/airflow/example_dags/tutorial_taskflow_api.py
[2024-09-24T21:06:31.836+0000] {processor.py:836} INFO - DAG(s) dict_keys(['tutorial_taskflow_api']) retrieved from /home/vscode/.local/lib/python3.10/site-packages/airflow/example_dags/tutorial_taskflow_api.py
[2024-09-24T21:06:31.848+0000] {logging_mixin.py:150} INFO - [2024-09-24T21:06:31.847+0000] {dag.py:2742} INFO - Sync 1 DAGs
[2024-09-24T21:06:31.862+0000] {logging_mixin.py:150} INFO - [2024-09-24T21:06:31.861+0000] {dag.py:3504} INFO - Setting next_dagrun for tutorial_taskflow_api to None, run_after=None
[2024-09-24T21:06:31.922+0000] {processor.py:179} INFO - Processing /home/vscode/.local/lib/python3.10/site-packages/airflow/example_dags/tutorial_taskflow_api.py took 0.093 seconds
[2024-09-24T21:07:14.852+0000] {processor.py:157} INFO - Started process (PID=6914) to work on /home/vscode/.local/lib/python3.10/site-packages/airflow/example_dags/tutorial_taskflow_api.py
[2024-09-24T21:07:14.852+0000] {processor.py:826} INFO - Processing file /home/vscode/.local/lib/python3.10/site-packages/airflow/example_dags/tutorial_taskflow_api.py for tasks to queue
[2024-09-24T21:07:14.853+0000] {logging_mixin.py:150} INFO - [2024-09-24T21:07:14.853+0000] {dagbag.py:541} INFO - Filling up the DagBag from /home/vscode/.local/lib/python3.10/site-packages/airflow/example_dags/tutorial_taskflow_api.py
[2024-09-24T21:07:14.858+0000] {processor.py:836} INFO - DAG(s) dict_keys(['tutorial_taskflow_api']) retrieved from /home/vscode/.local/lib/python3.10/site-packages/airflow/example_dags/tutorial_taskflow_api.py
[2024-09-24T21:07:14.869+0000] {logging_mixin.py:150} INFO - [2024-09-24T21:07:14.869+0000] {dag.py:2742} INFO - Sync 1 DAGs
[2024-09-24T21:07:14.883+0000] {logging_mixin.py:150} INFO - [2024-09-24T21:07:14.883+0000] {dag.py:3504} INFO - Setting next_dagrun for tutorial_taskflow_api to None, run_after=None
[2024-09-24T21:07:14.921+0000] {processor.py:179} INFO - Processing /home/vscode/.local/lib/python3.10/site-packages/airflow/example_dags/tutorial_taskflow_api.py took 0.071 seconds
[2024-09-24T21:07:56.284+0000] {processor.py:157} INFO - Started process (PID=7282) to work on /home/vscode/.local/lib/python3.10/site-packages/airflow/example_dags/tutorial_taskflow_api.py
[2024-09-24T21:07:56.284+0000] {processor.py:826} INFO - Processing file /home/vscode/.local/lib/python3.10/site-packages/airflow/example_dags/tutorial_taskflow_api.py for tasks to queue
[2024-09-24T21:07:56.285+0000] {logging_mixin.py:150} INFO - [2024-09-24T21:07:56.285+0000] {dagbag.py:541} INFO - Filling up the DagBag from /home/vscode/.local/lib/python3.10/site-packages/airflow/example_dags/tutorial_taskflow_api.py
[2024-09-24T21:07:56.290+0000] {processor.py:836} INFO - DAG(s) dict_keys(['tutorial_taskflow_api']) retrieved from /home/vscode/.local/lib/python3.10/site-packages/airflow/example_dags/tutorial_taskflow_api.py
[2024-09-24T21:07:56.302+0000] {logging_mixin.py:150} INFO - [2024-09-24T21:07:56.302+0000] {dag.py:2742} INFO - Sync 1 DAGs
[2024-09-24T21:07:56.316+0000] {logging_mixin.py:150} INFO - [2024-09-24T21:07:56.316+0000] {dag.py:3504} INFO - Setting next_dagrun for tutorial_taskflow_api to None, run_after=None
[2024-09-24T21:07:56.350+0000] {processor.py:179} INFO - Processing /home/vscode/.local/lib/python3.10/site-packages/airflow/example_dags/tutorial_taskflow_api.py took 0.068 seconds
