[2024-09-24T21:03:22.812+0000] {processor.py:157} INFO - Started process (PID=4788) to work on /home/vscode/.local/lib/python3.10/site-packages/airflow/example_dags/tutorial_taskflow_api_virtualenv.py
[2024-09-24T21:03:22.812+0000] {processor.py:826} INFO - Processing file /home/vscode/.local/lib/python3.10/site-packages/airflow/example_dags/tutorial_taskflow_api_virtualenv.py for tasks to queue
[2024-09-24T21:03:22.813+0000] {logging_mixin.py:150} INFO - [2024-09-24T21:03:22.813+0000] {dagbag.py:541} INFO - Filling up the DagBag from /home/vscode/.local/lib/python3.10/site-packages/airflow/example_dags/tutorial_taskflow_api_virtualenv.py
[2024-09-24T21:03:22.819+0000] {processor.py:836} INFO - DAG(s) dict_keys(['tutorial_taskflow_api_virtualenv']) retrieved from /home/vscode/.local/lib/python3.10/site-packages/airflow/example_dags/tutorial_taskflow_api_virtualenv.py
[2024-09-24T21:03:23.037+0000] {logging_mixin.py:150} INFO - [2024-09-24T21:03:23.037+0000] {manager.py:504} INFO - Created Permission View: can delete on DAG:tutorial_taskflow_api_virtualenv
[2024-09-24T21:03:23.066+0000] {logging_mixin.py:150} INFO - [2024-09-24T21:03:23.066+0000] {manager.py:504} INFO - Created Permission View: can read on DAG:tutorial_taskflow_api_virtualenv
[2024-09-24T21:03:23.095+0000] {logging_mixin.py:150} INFO - [2024-09-24T21:03:23.095+0000] {manager.py:504} INFO - Created Permission View: can edit on DAG:tutorial_taskflow_api_virtualenv
[2024-09-24T21:03:23.103+0000] {logging_mixin.py:150} INFO - [2024-09-24T21:03:23.103+0000] {dag.py:2742} INFO - Sync 1 DAGs
[2024-09-24T21:03:23.111+0000] {logging_mixin.py:150} INFO - [2024-09-24T21:03:23.111+0000] {dag.py:2763} INFO - Creating ORM DAG for tutorial_taskflow_api_virtualenv
[2024-09-24T21:03:23.116+0000] {logging_mixin.py:150} INFO - [2024-09-24T21:03:23.116+0000] {dag.py:3504} INFO - Setting next_dagrun for tutorial_taskflow_api_virtualenv to None, run_after=None
[2024-09-24T21:03:23.156+0000] {processor.py:179} INFO - Processing /home/vscode/.local/lib/python3.10/site-packages/airflow/example_dags/tutorial_taskflow_api_virtualenv.py took 0.346 seconds
[2024-09-24T21:04:20.279+0000] {processor.py:157} INFO - Started process (PID=5187) to work on /home/vscode/.local/lib/python3.10/site-packages/airflow/example_dags/tutorial_taskflow_api_virtualenv.py
[2024-09-24T21:04:20.279+0000] {processor.py:826} INFO - Processing file /home/vscode/.local/lib/python3.10/site-packages/airflow/example_dags/tutorial_taskflow_api_virtualenv.py for tasks to queue
[2024-09-24T21:04:20.280+0000] {logging_mixin.py:150} INFO - [2024-09-24T21:04:20.280+0000] {dagbag.py:541} INFO - Filling up the DagBag from /home/vscode/.local/lib/python3.10/site-packages/airflow/example_dags/tutorial_taskflow_api_virtualenv.py
[2024-09-24T21:04:20.285+0000] {processor.py:836} INFO - DAG(s) dict_keys(['tutorial_taskflow_api_virtualenv']) retrieved from /home/vscode/.local/lib/python3.10/site-packages/airflow/example_dags/tutorial_taskflow_api_virtualenv.py
[2024-09-24T21:04:20.297+0000] {logging_mixin.py:150} INFO - [2024-09-24T21:04:20.297+0000] {dag.py:2742} INFO - Sync 1 DAGs
[2024-09-24T21:04:20.311+0000] {logging_mixin.py:150} INFO - [2024-09-24T21:04:20.311+0000] {dag.py:3504} INFO - Setting next_dagrun for tutorial_taskflow_api_virtualenv to None, run_after=None
[2024-09-24T21:04:20.350+0000] {processor.py:179} INFO - Processing /home/vscode/.local/lib/python3.10/site-packages/airflow/example_dags/tutorial_taskflow_api_virtualenv.py took 0.074 seconds
[2024-09-24T21:05:01.923+0000] {processor.py:157} INFO - Started process (PID=5563) to work on /home/vscode/.local/lib/python3.10/site-packages/airflow/example_dags/tutorial_taskflow_api_virtualenv.py
[2024-09-24T21:05:01.923+0000] {processor.py:826} INFO - Processing file /home/vscode/.local/lib/python3.10/site-packages/airflow/example_dags/tutorial_taskflow_api_virtualenv.py for tasks to queue
[2024-09-24T21:05:01.924+0000] {logging_mixin.py:150} INFO - [2024-09-24T21:05:01.924+0000] {dagbag.py:541} INFO - Filling up the DagBag from /home/vscode/.local/lib/python3.10/site-packages/airflow/example_dags/tutorial_taskflow_api_virtualenv.py
[2024-09-24T21:05:01.929+0000] {processor.py:836} INFO - DAG(s) dict_keys(['tutorial_taskflow_api_virtualenv']) retrieved from /home/vscode/.local/lib/python3.10/site-packages/airflow/example_dags/tutorial_taskflow_api_virtualenv.py
[2024-09-24T21:05:01.941+0000] {logging_mixin.py:150} INFO - [2024-09-24T21:05:01.941+0000] {dag.py:2742} INFO - Sync 1 DAGs
[2024-09-24T21:05:01.956+0000] {logging_mixin.py:150} INFO - [2024-09-24T21:05:01.956+0000] {dag.py:3504} INFO - Setting next_dagrun for tutorial_taskflow_api_virtualenv to None, run_after=None
[2024-09-24T21:05:01.997+0000] {processor.py:179} INFO - Processing /home/vscode/.local/lib/python3.10/site-packages/airflow/example_dags/tutorial_taskflow_api_virtualenv.py took 0.077 seconds
[2024-09-24T21:05:47.073+0000] {processor.py:157} INFO - Started process (PID=6036) to work on /home/vscode/.local/lib/python3.10/site-packages/airflow/example_dags/tutorial_taskflow_api_virtualenv.py
[2024-09-24T21:05:47.073+0000] {processor.py:826} INFO - Processing file /home/vscode/.local/lib/python3.10/site-packages/airflow/example_dags/tutorial_taskflow_api_virtualenv.py for tasks to queue
[2024-09-24T21:05:47.074+0000] {logging_mixin.py:150} INFO - [2024-09-24T21:05:47.074+0000] {dagbag.py:541} INFO - Filling up the DagBag from /home/vscode/.local/lib/python3.10/site-packages/airflow/example_dags/tutorial_taskflow_api_virtualenv.py
[2024-09-24T21:05:47.081+0000] {processor.py:836} INFO - DAG(s) dict_keys(['tutorial_taskflow_api_virtualenv']) retrieved from /home/vscode/.local/lib/python3.10/site-packages/airflow/example_dags/tutorial_taskflow_api_virtualenv.py
[2024-09-24T21:05:47.097+0000] {logging_mixin.py:150} INFO - [2024-09-24T21:05:47.097+0000] {dag.py:2742} INFO - Sync 1 DAGs
[2024-09-24T21:05:47.119+0000] {logging_mixin.py:150} INFO - [2024-09-24T21:05:47.119+0000] {dag.py:3504} INFO - Setting next_dagrun for tutorial_taskflow_api_virtualenv to None, run_after=None
[2024-09-24T21:05:47.157+0000] {processor.py:179} INFO - Processing /home/vscode/.local/lib/python3.10/site-packages/airflow/example_dags/tutorial_taskflow_api_virtualenv.py took 0.087 seconds
[2024-09-24T21:06:31.298+0000] {processor.py:157} INFO - Started process (PID=6531) to work on /home/vscode/.local/lib/python3.10/site-packages/airflow/example_dags/tutorial_taskflow_api_virtualenv.py
[2024-09-24T21:06:31.299+0000] {processor.py:826} INFO - Processing file /home/vscode/.local/lib/python3.10/site-packages/airflow/example_dags/tutorial_taskflow_api_virtualenv.py for tasks to queue
[2024-09-24T21:06:31.299+0000] {logging_mixin.py:150} INFO - [2024-09-24T21:06:31.299+0000] {dagbag.py:541} INFO - Filling up the DagBag from /home/vscode/.local/lib/python3.10/site-packages/airflow/example_dags/tutorial_taskflow_api_virtualenv.py
[2024-09-24T21:06:31.304+0000] {processor.py:836} INFO - DAG(s) dict_keys(['tutorial_taskflow_api_virtualenv']) retrieved from /home/vscode/.local/lib/python3.10/site-packages/airflow/example_dags/tutorial_taskflow_api_virtualenv.py
[2024-09-24T21:06:31.315+0000] {logging_mixin.py:150} INFO - [2024-09-24T21:06:31.315+0000] {dag.py:2742} INFO - Sync 1 DAGs
[2024-09-24T21:06:31.331+0000] {logging_mixin.py:150} INFO - [2024-09-24T21:06:31.331+0000] {dag.py:3504} INFO - Setting next_dagrun for tutorial_taskflow_api_virtualenv to None, run_after=None
[2024-09-24T21:06:31.367+0000] {processor.py:179} INFO - Processing /home/vscode/.local/lib/python3.10/site-packages/airflow/example_dags/tutorial_taskflow_api_virtualenv.py took 0.071 seconds
[2024-09-24T21:07:13.719+0000] {processor.py:157} INFO - Started process (PID=6912) to work on /home/vscode/.local/lib/python3.10/site-packages/airflow/example_dags/tutorial_taskflow_api_virtualenv.py
[2024-09-24T21:07:13.720+0000] {processor.py:826} INFO - Processing file /home/vscode/.local/lib/python3.10/site-packages/airflow/example_dags/tutorial_taskflow_api_virtualenv.py for tasks to queue
[2024-09-24T21:07:13.721+0000] {logging_mixin.py:150} INFO - [2024-09-24T21:07:13.720+0000] {dagbag.py:541} INFO - Filling up the DagBag from /home/vscode/.local/lib/python3.10/site-packages/airflow/example_dags/tutorial_taskflow_api_virtualenv.py
[2024-09-24T21:07:13.726+0000] {processor.py:836} INFO - DAG(s) dict_keys(['tutorial_taskflow_api_virtualenv']) retrieved from /home/vscode/.local/lib/python3.10/site-packages/airflow/example_dags/tutorial_taskflow_api_virtualenv.py
[2024-09-24T21:07:13.737+0000] {logging_mixin.py:150} INFO - [2024-09-24T21:07:13.736+0000] {dag.py:2742} INFO - Sync 1 DAGs
[2024-09-24T21:07:13.757+0000] {logging_mixin.py:150} INFO - [2024-09-24T21:07:13.757+0000] {dag.py:3504} INFO - Setting next_dagrun for tutorial_taskflow_api_virtualenv to None, run_after=None
[2024-09-24T21:07:13.795+0000] {processor.py:179} INFO - Processing /home/vscode/.local/lib/python3.10/site-packages/airflow/example_dags/tutorial_taskflow_api_virtualenv.py took 0.077 seconds
[2024-09-24T21:07:55.148+0000] {processor.py:157} INFO - Started process (PID=7262) to work on /home/vscode/.local/lib/python3.10/site-packages/airflow/example_dags/tutorial_taskflow_api_virtualenv.py
[2024-09-24T21:07:55.149+0000] {processor.py:826} INFO - Processing file /home/vscode/.local/lib/python3.10/site-packages/airflow/example_dags/tutorial_taskflow_api_virtualenv.py for tasks to queue
[2024-09-24T21:07:55.149+0000] {logging_mixin.py:150} INFO - [2024-09-24T21:07:55.149+0000] {dagbag.py:541} INFO - Filling up the DagBag from /home/vscode/.local/lib/python3.10/site-packages/airflow/example_dags/tutorial_taskflow_api_virtualenv.py
[2024-09-24T21:07:55.154+0000] {processor.py:836} INFO - DAG(s) dict_keys(['tutorial_taskflow_api_virtualenv']) retrieved from /home/vscode/.local/lib/python3.10/site-packages/airflow/example_dags/tutorial_taskflow_api_virtualenv.py
[2024-09-24T21:07:55.166+0000] {logging_mixin.py:150} INFO - [2024-09-24T21:07:55.166+0000] {dag.py:2742} INFO - Sync 1 DAGs
[2024-09-24T21:07:55.180+0000] {logging_mixin.py:150} INFO - [2024-09-24T21:07:55.180+0000] {dag.py:3504} INFO - Setting next_dagrun for tutorial_taskflow_api_virtualenv to None, run_after=None
[2024-09-24T21:07:55.216+0000] {processor.py:179} INFO - Processing /home/vscode/.local/lib/python3.10/site-packages/airflow/example_dags/tutorial_taskflow_api_virtualenv.py took 0.071 seconds
