[2024-09-24T21:03:25.684+0000] {processor.py:157} INFO - Started process (PID=4810) to work on /home/vscode/.local/lib/python3.10/site-packages/airflow/example_dags/tutorial_dag.py
[2024-09-24T21:03:25.685+0000] {processor.py:826} INFO - Processing file /home/vscode/.local/lib/python3.10/site-packages/airflow/example_dags/tutorial_dag.py for tasks to queue
[2024-09-24T21:03:25.686+0000] {logging_mixin.py:150} INFO - [2024-09-24T21:03:25.685+0000] {dagbag.py:541} INFO - Filling up the DagBag from /home/vscode/.local/lib/python3.10/site-packages/airflow/example_dags/tutorial_dag.py
[2024-09-24T21:03:25.692+0000] {processor.py:836} INFO - DAG(s) dict_keys(['tutorial_dag']) retrieved from /home/vscode/.local/lib/python3.10/site-packages/airflow/example_dags/tutorial_dag.py
[2024-09-24T21:03:25.931+0000] {logging_mixin.py:150} INFO - [2024-09-24T21:03:25.931+0000] {manager.py:504} INFO - Created Permission View: can delete on DAG:tutorial_dag
[2024-09-24T21:03:25.966+0000] {logging_mixin.py:150} INFO - [2024-09-24T21:03:25.966+0000] {manager.py:504} INFO - Created Permission View: can read on DAG:tutorial_dag
[2024-09-24T21:03:25.996+0000] {logging_mixin.py:150} INFO - [2024-09-24T21:03:25.996+0000] {manager.py:504} INFO - Created Permission View: can edit on DAG:tutorial_dag
[2024-09-24T21:03:26.004+0000] {logging_mixin.py:150} INFO - [2024-09-24T21:03:26.004+0000] {dag.py:2742} INFO - Sync 1 DAGs
[2024-09-24T21:03:26.012+0000] {logging_mixin.py:150} INFO - [2024-09-24T21:03:26.011+0000] {dag.py:2763} INFO - Creating ORM DAG for tutorial_dag
[2024-09-24T21:03:26.017+0000] {logging_mixin.py:150} INFO - [2024-09-24T21:03:26.017+0000] {dag.py:3504} INFO - Setting next_dagrun for tutorial_dag to None, run_after=None
[2024-09-24T21:03:26.057+0000] {processor.py:179} INFO - Processing /home/vscode/.local/lib/python3.10/site-packages/airflow/example_dags/tutorial_dag.py took 0.376 seconds
[2024-09-24T21:04:22.009+0000] {processor.py:157} INFO - Started process (PID=5203) to work on /home/vscode/.local/lib/python3.10/site-packages/airflow/example_dags/tutorial_dag.py
[2024-09-24T21:04:22.010+0000] {processor.py:826} INFO - Processing file /home/vscode/.local/lib/python3.10/site-packages/airflow/example_dags/tutorial_dag.py for tasks to queue
[2024-09-24T21:04:22.010+0000] {logging_mixin.py:150} INFO - [2024-09-24T21:04:22.010+0000] {dagbag.py:541} INFO - Filling up the DagBag from /home/vscode/.local/lib/python3.10/site-packages/airflow/example_dags/tutorial_dag.py
[2024-09-24T21:04:22.014+0000] {processor.py:836} INFO - DAG(s) dict_keys(['tutorial_dag']) retrieved from /home/vscode/.local/lib/python3.10/site-packages/airflow/example_dags/tutorial_dag.py
[2024-09-24T21:04:22.026+0000] {logging_mixin.py:150} INFO - [2024-09-24T21:04:22.026+0000] {dag.py:2742} INFO - Sync 1 DAGs
[2024-09-24T21:04:22.041+0000] {logging_mixin.py:150} INFO - [2024-09-24T21:04:22.041+0000] {dag.py:3504} INFO - Setting next_dagrun for tutorial_dag to None, run_after=None
[2024-09-24T21:04:22.083+0000] {processor.py:179} INFO - Processing /home/vscode/.local/lib/python3.10/site-packages/airflow/example_dags/tutorial_dag.py took 0.076 seconds
[2024-09-24T21:05:03.363+0000] {processor.py:157} INFO - Started process (PID=5578) to work on /home/vscode/.local/lib/python3.10/site-packages/airflow/example_dags/tutorial_dag.py
[2024-09-24T21:05:03.364+0000] {processor.py:826} INFO - Processing file /home/vscode/.local/lib/python3.10/site-packages/airflow/example_dags/tutorial_dag.py for tasks to queue
[2024-09-24T21:05:03.364+0000] {logging_mixin.py:150} INFO - [2024-09-24T21:05:03.364+0000] {dagbag.py:541} INFO - Filling up the DagBag from /home/vscode/.local/lib/python3.10/site-packages/airflow/example_dags/tutorial_dag.py
[2024-09-24T21:05:03.368+0000] {processor.py:836} INFO - DAG(s) dict_keys(['tutorial_dag']) retrieved from /home/vscode/.local/lib/python3.10/site-packages/airflow/example_dags/tutorial_dag.py
[2024-09-24T21:05:03.380+0000] {logging_mixin.py:150} INFO - [2024-09-24T21:05:03.380+0000] {dag.py:2742} INFO - Sync 1 DAGs
[2024-09-24T21:05:03.394+0000] {logging_mixin.py:150} INFO - [2024-09-24T21:05:03.394+0000] {dag.py:3504} INFO - Setting next_dagrun for tutorial_dag to None, run_after=None
[2024-09-24T21:05:03.445+0000] {processor.py:179} INFO - Processing /home/vscode/.local/lib/python3.10/site-packages/airflow/example_dags/tutorial_dag.py took 0.084 seconds
[2024-09-24T21:05:49.338+0000] {processor.py:157} INFO - Started process (PID=6061) to work on /home/vscode/.local/lib/python3.10/site-packages/airflow/example_dags/tutorial_dag.py
[2024-09-24T21:05:49.339+0000] {processor.py:826} INFO - Processing file /home/vscode/.local/lib/python3.10/site-packages/airflow/example_dags/tutorial_dag.py for tasks to queue
[2024-09-24T21:05:49.339+0000] {logging_mixin.py:150} INFO - [2024-09-24T21:05:49.339+0000] {dagbag.py:541} INFO - Filling up the DagBag from /home/vscode/.local/lib/python3.10/site-packages/airflow/example_dags/tutorial_dag.py
[2024-09-24T21:05:49.343+0000] {processor.py:836} INFO - DAG(s) dict_keys(['tutorial_dag']) retrieved from /home/vscode/.local/lib/python3.10/site-packages/airflow/example_dags/tutorial_dag.py
[2024-09-24T21:05:49.355+0000] {logging_mixin.py:150} INFO - [2024-09-24T21:05:49.355+0000] {dag.py:2742} INFO - Sync 1 DAGs
[2024-09-24T21:05:49.369+0000] {logging_mixin.py:150} INFO - [2024-09-24T21:05:49.369+0000] {dag.py:3504} INFO - Setting next_dagrun for tutorial_dag to None, run_after=None
[2024-09-24T21:05:49.405+0000] {processor.py:179} INFO - Processing /home/vscode/.local/lib/python3.10/site-packages/airflow/example_dags/tutorial_dag.py took 0.069 seconds
[2024-09-24T21:06:32.968+0000] {processor.py:157} INFO - Started process (PID=6552) to work on /home/vscode/.local/lib/python3.10/site-packages/airflow/example_dags/tutorial_dag.py
[2024-09-24T21:06:32.968+0000] {processor.py:826} INFO - Processing file /home/vscode/.local/lib/python3.10/site-packages/airflow/example_dags/tutorial_dag.py for tasks to queue
[2024-09-24T21:06:32.969+0000] {logging_mixin.py:150} INFO - [2024-09-24T21:06:32.969+0000] {dagbag.py:541} INFO - Filling up the DagBag from /home/vscode/.local/lib/python3.10/site-packages/airflow/example_dags/tutorial_dag.py
[2024-09-24T21:06:32.973+0000] {processor.py:836} INFO - DAG(s) dict_keys(['tutorial_dag']) retrieved from /home/vscode/.local/lib/python3.10/site-packages/airflow/example_dags/tutorial_dag.py
[2024-09-24T21:06:32.985+0000] {logging_mixin.py:150} INFO - [2024-09-24T21:06:32.985+0000] {dag.py:2742} INFO - Sync 1 DAGs
[2024-09-24T21:06:33.000+0000] {logging_mixin.py:150} INFO - [2024-09-24T21:06:33.999+0000] {dag.py:3504} INFO - Setting next_dagrun for tutorial_dag to None, run_after=None
[2024-09-24T21:06:33.038+0000] {processor.py:179} INFO - Processing /home/vscode/.local/lib/python3.10/site-packages/airflow/example_dags/tutorial_dag.py took 0.072 seconds
[2024-09-24T21:07:15.985+0000] {processor.py:157} INFO - Started process (PID=6922) to work on /home/vscode/.local/lib/python3.10/site-packages/airflow/example_dags/tutorial_dag.py
[2024-09-24T21:07:15.985+0000] {processor.py:826} INFO - Processing file /home/vscode/.local/lib/python3.10/site-packages/airflow/example_dags/tutorial_dag.py for tasks to queue
[2024-09-24T21:07:15.986+0000] {logging_mixin.py:150} INFO - [2024-09-24T21:07:15.986+0000] {dagbag.py:541} INFO - Filling up the DagBag from /home/vscode/.local/lib/python3.10/site-packages/airflow/example_dags/tutorial_dag.py
[2024-09-24T21:07:15.990+0000] {processor.py:836} INFO - DAG(s) dict_keys(['tutorial_dag']) retrieved from /home/vscode/.local/lib/python3.10/site-packages/airflow/example_dags/tutorial_dag.py
[2024-09-24T21:07:16.001+0000] {logging_mixin.py:150} INFO - [2024-09-24T21:07:16.001+0000] {dag.py:2742} INFO - Sync 1 DAGs
[2024-09-24T21:07:16.015+0000] {logging_mixin.py:150} INFO - [2024-09-24T21:07:16.015+0000] {dag.py:3504} INFO - Setting next_dagrun for tutorial_dag to None, run_after=None
[2024-09-24T21:07:16.058+0000] {processor.py:179} INFO - Processing /home/vscode/.local/lib/python3.10/site-packages/airflow/example_dags/tutorial_dag.py took 0.075 seconds
[2024-09-24T21:07:57.420+0000] {processor.py:157} INFO - Started process (PID=7298) to work on /home/vscode/.local/lib/python3.10/site-packages/airflow/example_dags/tutorial_dag.py
[2024-09-24T21:07:57.420+0000] {processor.py:826} INFO - Processing file /home/vscode/.local/lib/python3.10/site-packages/airflow/example_dags/tutorial_dag.py for tasks to queue
[2024-09-24T21:07:57.421+0000] {logging_mixin.py:150} INFO - [2024-09-24T21:07:57.421+0000] {dagbag.py:541} INFO - Filling up the DagBag from /home/vscode/.local/lib/python3.10/site-packages/airflow/example_dags/tutorial_dag.py
[2024-09-24T21:07:57.425+0000] {processor.py:836} INFO - DAG(s) dict_keys(['tutorial_dag']) retrieved from /home/vscode/.local/lib/python3.10/site-packages/airflow/example_dags/tutorial_dag.py
[2024-09-24T21:07:57.438+0000] {logging_mixin.py:150} INFO - [2024-09-24T21:07:57.438+0000] {dag.py:2742} INFO - Sync 1 DAGs
[2024-09-24T21:07:57.454+0000] {logging_mixin.py:150} INFO - [2024-09-24T21:07:57.453+0000] {dag.py:3504} INFO - Setting next_dagrun for tutorial_dag to None, run_after=None
[2024-09-24T21:07:57.488+0000] {processor.py:179} INFO - Processing /home/vscode/.local/lib/python3.10/site-packages/airflow/example_dags/tutorial_dag.py took 0.070 seconds
