[[34m2024-09-24T21:21:03.613+0000[0m] {[34mscheduler_job_runner.py:[0m788} INFO[0m - Starting the scheduler[0m
[[34m2024-09-24T21:21:03.613+0000[0m] {[34mscheduler_job_runner.py:[0m795} INFO[0m - Processing each file at most -1 times[0m
[[34m2024-09-24T21:21:03.620+0000[0m] {[34mmanager.py:[0m165} INFO[0m - Launched DagFileProcessorManager with pid: 12776[0m
[[34m2024-09-24T21:21:03.622+0000[0m] {[34mscheduler_job_runner.py:[0m1553} INFO[0m - Resetting orphaned tasks for active dag runs[0m
[[34m2024-09-24T21:21:03.635+0000[0m] {[34msettings.py:[0m60} INFO[0m - Configured default timezone Timezone('UTC')[0m
[2024-09-24T21:21:03.654+0000] {manager.py:411} WARNING - Because we cannot use more than 1 thread (parsing_processes = 2) when using sqlite. So we set parallelism to 1.
[[34m2024-09-24T21:26:03.717+0000[0m] {[34mscheduler_job_runner.py:[0m1553} INFO[0m - Resetting orphaned tasks for active dag runs[0m
[[34m2024-09-24T21:31:04.078+0000[0m] {[34mscheduler_job_runner.py:[0m1553} INFO[0m - Resetting orphaned tasks for active dag runs[0m
[[34m2024-09-24T21:32:04.512+0000[0m] {[34mscheduler_job_runner.py:[0m411} INFO[0m - 1 tasks up for execution:
	<TaskInstance: one_task_dag.one_task manual__2024-09-24T21:32:03.159165+00:00 [scheduled]>[0m
[[34m2024-09-24T21:32:04.513+0000[0m] {[34mscheduler_job_runner.py:[0m476} INFO[0m - DAG one_task_dag has 0/16 running and queued tasks[0m
[[34m2024-09-24T21:32:04.514+0000[0m] {[34mscheduler_job_runner.py:[0m587} INFO[0m - Setting the following tasks to queued state:
	<TaskInstance: one_task_dag.one_task manual__2024-09-24T21:32:03.159165+00:00 [scheduled]>[0m
[[34m2024-09-24T21:32:04.551+0000[0m] {[34mscheduler_job_runner.py:[0m625} INFO[0m - Sending TaskInstanceKey(dag_id='one_task_dag', task_id='one_task', run_id='manual__2024-09-24T21:32:03.159165+00:00', try_number=1, map_index=-1) to executor with priority 1 and queue default[0m
[[34m2024-09-24T21:32:04.551+0000[0m] {[34mbase_executor.py:[0m147} INFO[0m - Adding to queue: ['airflow', 'tasks', 'run', 'one_task_dag', 'one_task', 'manual__2024-09-24T21:32:03.159165+00:00', '--local', '--subdir', 'DAGS_FOLDER/one_task_dag.py'][0m
[[34m2024-09-24T21:32:04.599+0000[0m] {[34msequential_executor.py:[0m74} INFO[0m - Executing command: ['airflow', 'tasks', 'run', 'one_task_dag', 'one_task', 'manual__2024-09-24T21:32:03.159165+00:00', '--local', '--subdir', 'DAGS_FOLDER/one_task_dag.py'][0m
[[34m2024-09-24T21:32:05.519+0000[0m] {[34mdagbag.py:[0m541} INFO[0m - Filling up the DagBag from /workspaces/hands-on-introduction-data-engineering-4395021/airflow/dags/one_task_dag.py[0m
[[34m2024-09-24T21:32:06.010+0000[0m] {[34mtask_command.py:[0m410} INFO[0m - Running <TaskInstance: one_task_dag.one_task manual__2024-09-24T21:32:03.159165+00:00 [queued]> on host codespaces-1191bd[0m
[[34m2024-09-24T21:32:06.657+0000[0m] {[34mscheduler_job_runner.py:[0m677} INFO[0m - Received executor event with state success for task instance TaskInstanceKey(dag_id='one_task_dag', task_id='one_task', run_id='manual__2024-09-24T21:32:03.159165+00:00', try_number=1, map_index=-1)[0m
[[34m2024-09-24T21:32:06.663+0000[0m] {[34mscheduler_job_runner.py:[0m713} INFO[0m - TaskInstance Finished: dag_id=one_task_dag, task_id=one_task, run_id=manual__2024-09-24T21:32:03.159165+00:00, map_index=-1, run_start_date=2024-09-24 21:32:06.076496+00:00, run_end_date=2024-09-24 21:32:06.320008+00:00, run_duration=0.243512, state=success, executor_state=success, try_number=1, max_tries=0, job_id=3, pool=default_pool, queue=default, priority_weight=1, operator=BashOperator, queued_dttm=2024-09-24 21:32:04.515776+00:00, queued_by_job_id=2, pid=17147[0m
[[34m2024-09-24T21:32:06.802+0000[0m] {[34mdagrun.py:[0m630} INFO[0m - Marking run <DagRun one_task_dag @ 2024-09-24 21:32:03.159165+00:00: manual__2024-09-24T21:32:03.159165+00:00, state:running, queued_at: 2024-09-24 21:32:03.197196+00:00. externally triggered: True> successful[0m
[[34m2024-09-24T21:32:06.803+0000[0m] {[34mdagrun.py:[0m681} INFO[0m - DagRun Finished: dag_id=one_task_dag, execution_date=2024-09-24 21:32:03.159165+00:00, run_id=manual__2024-09-24T21:32:03.159165+00:00, run_start_date=2024-09-24 21:32:04.252673+00:00, run_end_date=2024-09-24 21:32:06.803312+00:00, run_duration=2.550639, state=success, external_trigger=True, run_type=manual, data_interval_start=2024-09-24 21:32:03.159165+00:00, data_interval_end=2024-09-24 21:32:03.159165+00:00, dag_hash=3e1b820a4adcc81953d03899ce23f9da[0m
[[34m2024-09-24T21:36:04.128+0000[0m] {[34mscheduler_job_runner.py:[0m1553} INFO[0m - Resetting orphaned tasks for active dag runs[0m
