2024-09-24 21:03:18,131 INFO - Starting the scheduler
2024-09-24 21:03:18,132 INFO - Processing each file at most -1 times
2024-09-24 21:03:18,138 INFO - Launched DagFileProcessorManager with pid: 4737
2024-09-24 21:03:18,143 INFO - Resetting orphaned tasks for active dag runs
2024-09-24 21:03:18,146 INFO - Configured default timezone Timezone('UTC')
2024-09-24 21:08:00,991 INFO - Exiting gracefully upon receiving signal 15
2024-09-24 21:08:01,995 INFO - Sending Signals.SIGTERM to group 4737. PIDs of all processes in the group: [4737]
2024-09-24 21:08:01,995 INFO - Sending the signal Signals.SIGTERM to group 4737
2024-09-24 21:08:02,213 INFO - Process psutil.Process(pid=4737, status='terminated', exitcode=0, started='21:03:17') (4737) terminated with exit code 0
2024-09-24 21:08:02,215 INFO - Sending Signals.SIGTERM to group 4737. PIDs of all processes in the group: []
2024-09-24 21:08:02,215 INFO - Sending the signal Signals.SIGTERM to group 4737
2024-09-24 21:08:02,215 INFO - Sending the signal Signals.SIGTERM to process 4737 as process group is missing.
2024-09-24 21:08:02,215 INFO - Exited execute loop
2024-09-24 21:21:03,613 INFO - Starting the scheduler
2024-09-24 21:21:03,613 INFO - Processing each file at most -1 times
2024-09-24 21:21:03,620 INFO - Launched DagFileProcessorManager with pid: 12776
2024-09-24 21:21:03,622 INFO - Resetting orphaned tasks for active dag runs
2024-09-24 21:21:03,635 INFO - Configured default timezone Timezone('UTC')
2024-09-24 21:26:03,717 INFO - Resetting orphaned tasks for active dag runs
2024-09-24 21:31:04,078 INFO - Resetting orphaned tasks for active dag runs
2024-09-24 21:32:04,512 INFO - 1 tasks up for execution:
	<TaskInstance: one_task_dag.one_task manual__2024-09-24T21:32:03.159165+00:00 [scheduled]>
2024-09-24 21:32:04,513 INFO - DAG one_task_dag has 0/16 running and queued tasks
2024-09-24 21:32:04,514 INFO - Setting the following tasks to queued state:
	<TaskInstance: one_task_dag.one_task manual__2024-09-24T21:32:03.159165+00:00 [scheduled]>
2024-09-24 21:32:04,551 INFO - Sending TaskInstanceKey(dag_id='one_task_dag', task_id='one_task', run_id='manual__2024-09-24T21:32:03.159165+00:00', try_number=1, map_index=-1) to executor with priority 1 and queue default
2024-09-24 21:32:04,551 INFO - Adding to queue: ['airflow', 'tasks', 'run', 'one_task_dag', 'one_task', 'manual__2024-09-24T21:32:03.159165+00:00', '--local', '--subdir', 'DAGS_FOLDER/one_task_dag.py']
2024-09-24 21:32:04,599 INFO - Executing command: ['airflow', 'tasks', 'run', 'one_task_dag', 'one_task', 'manual__2024-09-24T21:32:03.159165+00:00', '--local', '--subdir', 'DAGS_FOLDER/one_task_dag.py']
2024-09-24 21:32:06,657 INFO - Received executor event with state success for task instance TaskInstanceKey(dag_id='one_task_dag', task_id='one_task', run_id='manual__2024-09-24T21:32:03.159165+00:00', try_number=1, map_index=-1)
2024-09-24 21:32:06,663 INFO - TaskInstance Finished: dag_id=one_task_dag, task_id=one_task, run_id=manual__2024-09-24T21:32:03.159165+00:00, map_index=-1, run_start_date=2024-09-24 21:32:06.076496+00:00, run_end_date=2024-09-24 21:32:06.320008+00:00, run_duration=0.243512, state=success, executor_state=success, try_number=1, max_tries=0, job_id=3, pool=default_pool, queue=default, priority_weight=1, operator=BashOperator, queued_dttm=2024-09-24 21:32:04.515776+00:00, queued_by_job_id=2, pid=17147
2024-09-24 21:32:06,802 INFO - Marking run <DagRun one_task_dag @ 2024-09-24 21:32:03.159165+00:00: manual__2024-09-24T21:32:03.159165+00:00, state:running, queued_at: 2024-09-24 21:32:03.197196+00:00. externally triggered: True> successful
2024-09-24 21:32:06,803 INFO - DagRun Finished: dag_id=one_task_dag, execution_date=2024-09-24 21:32:03.159165+00:00, run_id=manual__2024-09-24T21:32:03.159165+00:00, run_start_date=2024-09-24 21:32:04.252673+00:00, run_end_date=2024-09-24 21:32:06.803312+00:00, run_duration=2.550639, state=success, external_trigger=True, run_type=manual, data_interval_start=2024-09-24 21:32:03.159165+00:00, data_interval_end=2024-09-24 21:32:03.159165+00:00, dag_hash=3e1b820a4adcc81953d03899ce23f9da
2024-09-24 21:36:04,128 INFO - Resetting orphaned tasks for active dag runs
